--------------------------------------------------------------------------------
Release 14.7 Trace  (lin64)
Copyright (c) 1995-2013 Xilinx, Inc.  All rights reserved.

/home/troy/ISE/14.7/ISE_DS/ISE/bin/lin64/unwrapped/trce -intstyle ise -v 3 -s 3
-n 3 -fastpaths -xml counter.twx counter.ncd -o counter.twr counter.pcf

Design file:              counter.ncd
Physical constraint file: counter.pcf
Device,package,speed:     xc6slx9,csg324,C,-3 (PRODUCTION 1.23 2013-10-13)
Report level:             verbose report

Environment Variable      Effect 
--------------------      ------ 
NONE                      No environment variables were set
--------------------------------------------------------------------------------

INFO:Timing:3412 - To improve timing, see the Timing Closure User Guide (UG612).
INFO:Timing:2752 - To get complete path coverage, use the unconstrained paths 
   option. All paths that are not constrained will be reported in the 
   unconstrained paths section(s) of the report.
INFO:Timing:3339 - The clock-to-out numbers in this timing report are based on 
   a 50 Ohm transmission line loading model.  For the details of this model, 
   and for more information on accounting for different loading conditions, 
   please see the device datasheet.

================================================================================
Timing constraint: NET "clk_BUFGP/IBUFG" PERIOD = 10 ns HIGH 50%;
For more information, see Period Analysis in the Timing Closure User Guide (UG612).

 528 paths analyzed, 108 endpoints analyzed, 0 failing endpoints
 0 timing errors detected. (0 setup errors, 0 hold errors, 0 component switching limit errors)
 Minimum period is   2.071ns.
--------------------------------------------------------------------------------

Paths for end point leds_30 (SLICE_X22Y18.CIN), 28 paths
--------------------------------------------------------------------------------
Slack (setup path):     7.929ns (requirement - (data path - clock path skew + uncertainty))
  Source:               leds_0 (FF)
  Destination:          leds_30 (FF)
  Requirement:          10.000ns
  Data Path Delay:      1.958ns (Levels of Logic = 8)
  Clock Path Skew:      -0.078ns (0.521 - 0.599)
  Source Clock:         clk_BUFGP rising at 0.000ns
  Destination Clock:    clk_BUFGP rising at 10.000ns
  Clock Uncertainty:    0.035ns

  Clock Uncertainty:          0.035ns  ((TSJ^2 + TIJ^2)^1/2 + DJ) / 2 + PE
    Total System Jitter (TSJ):  0.070ns
    Total Input Jitter (TIJ):   0.000ns
    Discrete Jitter (DJ):       0.000ns
    Phase Error (PE):           0.000ns

  Maximum Data Path at Slow Process Corner: leds_0 to leds_30
    Location             Delay type         Delay(ns)  Physical Resource
                                                       Logical Resource(s)
    -------------------------------------------------  -------------------
    SLICE_X22Y11.AQ      Tcko                  0.408   leds<3>
                                                       leds_0
    SLICE_X22Y11.A5      net (fanout=1)        0.337   leds<0>
    SLICE_X22Y11.COUT    Topcya                0.395   leds<3>
                                                       Mcount_leds_lut<0>_INV_0
                                                       Mcount_leds_cy<3>
    SLICE_X22Y12.CIN     net (fanout=1)        0.003   Mcount_leds_cy<3>
    SLICE_X22Y12.COUT    Tbyp                  0.076   leds<7>
                                                       Mcount_leds_cy<7>
    SLICE_X22Y13.CIN     net (fanout=1)        0.003   Mcount_leds_cy<7>
    SLICE_X22Y13.COUT    Tbyp                  0.076   leds<11>
                                                       Mcount_leds_cy<11>
    SLICE_X22Y14.CIN     net (fanout=1)        0.003   Mcount_leds_cy<11>
    SLICE_X22Y14.COUT    Tbyp                  0.076   leds<15>
                                                       Mcount_leds_cy<15>
    SLICE_X22Y15.CIN     net (fanout=1)        0.003   Mcount_leds_cy<15>
    SLICE_X22Y15.COUT    Tbyp                  0.076   leds<19>
                                                       Mcount_leds_cy<19>
    SLICE_X22Y16.CIN     net (fanout=1)        0.003   Mcount_leds_cy<19>
    SLICE_X22Y16.COUT    Tbyp                  0.076   leds<23>
                                                       Mcount_leds_cy<23>
    SLICE_X22Y17.CIN     net (fanout=1)        0.003   Mcount_leds_cy<23>
    SLICE_X22Y17.COUT    Tbyp                  0.076   leds<27>
                                                       Mcount_leds_cy<27>
    SLICE_X22Y18.CIN     net (fanout=1)        0.003   Mcount_leds_cy<27>
    SLICE_X22Y18.CLK     Tcinck                0.341   leds<31>
                                                       Mcount_leds_xor<31>
                                                       leds_30
    -------------------------------------------------  ---------------------------
    Total                                      1.958ns (1.600ns logic, 0.358ns route)
                                                       (81.7% logic, 18.3% route)

--------------------------------------------------------------------------------
Slack (setup path):     8.006ns (requirement - (data path - clock path skew + uncertainty))
  Source:               leds_4 (FF)
  Destination:          leds_30 (FF)
  Requirement:          10.000ns
  Data Path Delay:      1.879ns (Levels of Logic = 7)
  Clock Path Skew:      -0.080ns (0.521 - 0.601)
  Source Clock:         clk_BUFGP rising at 0.000ns
  Destination Clock:    clk_BUFGP rising at 10.000ns
  Clock Uncertainty:    0.035ns

  Clock Uncertainty:          0.035ns  ((TSJ^2 + TIJ^2)^1/2 + DJ) / 2 + PE
    Total System Jitter (TSJ):  0.070ns
    Total Input Jitter (TIJ):   0.000ns
    Discrete Jitter (DJ):       0.000ns
    Phase Error (PE):           0.000ns

  Maximum Data Path at Slow Process Corner: leds_4 to leds_30
    Location             Delay type         Delay(ns)  Physical Resource
                                                       Logical Resource(s)
    -------------------------------------------------  -------------------
    SLICE_X22Y12.AQ      Tcko                  0.408   leds<7>
                                                       leds_4
    SLICE_X22Y12.A5      net (fanout=1)        0.337   leds<4>
    SLICE_X22Y12.COUT    Topcya                0.395   leds<7>
                                                       leds<4>_rt
                                                       Mcount_leds_cy<7>
    SLICE_X22Y13.CIN     net (fanout=1)        0.003   Mcount_leds_cy<7>
    SLICE_X22Y13.COUT    Tbyp                  0.076   leds<11>
                                                       Mcount_leds_cy<11>
    SLICE_X22Y14.CIN     net (fanout=1)        0.003   Mcount_leds_cy<11>
    SLICE_X22Y14.COUT    Tbyp                  0.076   leds<15>
                                                       Mcount_leds_cy<15>
    SLICE_X22Y15.CIN     net (fanout=1)        0.003   Mcount_leds_cy<15>
    SLICE_X22Y15.COUT    Tbyp                  0.076   leds<19>
                                                       Mcount_leds_cy<19>
    SLICE_X22Y16.CIN     net (fanout=1)        0.003   Mcount_leds_cy<19>
    SLICE_X22Y16.COUT    Tbyp                  0.076   leds<23>
                                                       Mcount_leds_cy<23>
    SLICE_X22Y17.CIN     net (fanout=1)        0.003   Mcount_leds_cy<23>
    SLICE_X22Y17.COUT    Tbyp                  0.076   leds<27>
                                                       Mcount_leds_cy<27>
    SLICE_X22Y18.CIN     net (fanout=1)        0.003   Mcount_leds_cy<27>
    SLICE_X22Y18.CLK     Tcinck                0.341   leds<31>
                                                       Mcount_leds_xor<31>
                                                       leds_30
    -------------------------------------------------  ---------------------------
    Total                                      1.879ns (1.524ns logic, 0.355ns route)
                                                       (81.1% logic, 18.9% route)

--------------------------------------------------------------------------------
Slack (setup path):     8.029ns (requirement - (data path - clock path skew + uncertainty))
  Source:               leds_3 (FF)
  Destination:          leds_30 (FF)
  Requirement:          10.000ns
  Data Path Delay:      1.858ns (Levels of Logic = 8)
  Clock Path Skew:      -0.078ns (0.521 - 0.599)
  Source Clock:         clk_BUFGP rising at 0.000ns
  Destination Clock:    clk_BUFGP rising at 10.000ns
  Clock Uncertainty:    0.035ns

  Clock Uncertainty:          0.035ns  ((TSJ^2 + TIJ^2)^1/2 + DJ) / 2 + PE
    Total System Jitter (TSJ):  0.070ns
    Total Input Jitter (TIJ):   0.000ns
    Discrete Jitter (DJ):       0.000ns
    Phase Error (PE):           0.000ns

  Maximum Data Path at Slow Process Corner: leds_3 to leds_30
    Location             Delay type         Delay(ns)  Physical Resource
                                                       Logical Resource(s)
    -------------------------------------------------  -------------------
    SLICE_X22Y11.DQ      Tcko                  0.408   leds<3>
                                                       leds_3
    SLICE_X22Y11.D5      net (fanout=1)        0.372   leds<3>
    SLICE_X22Y11.COUT    Topcyd                0.260   leds<3>
                                                       leds<3>_rt
                                                       Mcount_leds_cy<3>
    SLICE_X22Y12.CIN     net (fanout=1)        0.003   Mcount_leds_cy<3>
    SLICE_X22Y12.COUT    Tbyp                  0.076   leds<7>
                                                       Mcount_leds_cy<7>
    SLICE_X22Y13.CIN     net (fanout=1)        0.003   Mcount_leds_cy<7>
    SLICE_X22Y13.COUT    Tbyp                  0.076   leds<11>
                                                       Mcount_leds_cy<11>
    SLICE_X22Y14.CIN     net (fanout=1)        0.003   Mcount_leds_cy<11>
    SLICE_X22Y14.COUT    Tbyp                  0.076   leds<15>
                                                       Mcount_leds_cy<15>
    SLICE_X22Y15.CIN     net (fanout=1)        0.003   Mcount_leds_cy<15>
    SLICE_X22Y15.COUT    Tbyp                  0.076   leds<19>
                                                       Mcount_leds_cy<19>
    SLICE_X22Y16.CIN     net (fanout=1)        0.003   Mcount_leds_cy<19>
    SLICE_X22Y16.COUT    Tbyp                  0.076   leds<23>
                                                       Mcount_leds_cy<23>
    SLICE_X22Y17.CIN     net (fanout=1)        0.003   Mcount_leds_cy<23>
    SLICE_X22Y17.COUT    Tbyp                  0.076   leds<27>
                                                       Mcount_leds_cy<27>
    SLICE_X22Y18.CIN     net (fanout=1)        0.003   Mcount_leds_cy<27>
    SLICE_X22Y18.CLK     Tcinck                0.341   leds<31>
                                                       Mcount_leds_xor<31>
                                                       leds_30
    -------------------------------------------------  ---------------------------
    Total                                      1.858ns (1.465ns logic, 0.393ns route)
                                                       (78.8% logic, 21.2% route)

--------------------------------------------------------------------------------

Paths for end point leds_31 (SLICE_X22Y18.CIN), 28 paths
--------------------------------------------------------------------------------
Slack (setup path):     7.929ns (requirement - (data path - clock path skew + uncertainty))
  Source:               leds_0 (FF)
  Destination:          leds_31 (FF)
  Requirement:          10.000ns
  Data Path Delay:      1.958ns (Levels of Logic = 8)
  Clock Path Skew:      -0.078ns (0.521 - 0.599)
  Source Clock:         clk_BUFGP rising at 0.000ns
  Destination Clock:    clk_BUFGP rising at 10.000ns
  Clock Uncertainty:    0.035ns

  Clock Uncertainty:          0.035ns  ((TSJ^2 + TIJ^2)^1/2 + DJ) / 2 + PE
    Total System Jitter (TSJ):  0.070ns
    Total Input Jitter (TIJ):   0.000ns
    Discrete Jitter (DJ):       0.000ns
    Phase Error (PE):           0.000ns

  Maximum Data Path at Slow Process Corner: leds_0 to leds_31
    Location             Delay type         Delay(ns)  Physical Resource
                                                       Logical Resource(s)
    -------------------------------------------------  -------------------
    SLICE_X22Y11.AQ      Tcko                  0.408   leds<3>
                                                       leds_0
    SLICE_X22Y11.A5      net (fanout=1)        0.337   leds<0>
    SLICE_X22Y11.COUT    Topcya                0.395   leds<3>
                                                       Mcount_leds_lut<0>_INV_0
                                                       Mcount_leds_cy<3>
    SLICE_X22Y12.CIN     net (fanout=1)        0.003   Mcount_leds_cy<3>
    SLICE_X22Y12.COUT    Tbyp                  0.076   leds<7>
                                                       Mcount_leds_cy<7>
    SLICE_X22Y13.CIN     net (fanout=1)        0.003   Mcount_leds_cy<7>
    SLICE_X22Y13.COUT    Tbyp                  0.076   leds<11>
                                                       Mcount_leds_cy<11>
    SLICE_X22Y14.CIN     net (fanout=1)        0.003   Mcount_leds_cy<11>
    SLICE_X22Y14.COUT    Tbyp                  0.076   leds<15>
                                                       Mcount_leds_cy<15>
    SLICE_X22Y15.CIN     net (fanout=1)        0.003   Mcount_leds_cy<15>
    SLICE_X22Y15.COUT    Tbyp                  0.076   leds<19>
                                                       Mcount_leds_cy<19>
    SLICE_X22Y16.CIN     net (fanout=1)        0.003   Mcount_leds_cy<19>
    SLICE_X22Y16.COUT    Tbyp                  0.076   leds<23>
                                                       Mcount_leds_cy<23>
    SLICE_X22Y17.CIN     net (fanout=1)        0.003   Mcount_leds_cy<23>
    SLICE_X22Y17.COUT    Tbyp                  0.076   leds<27>
                                                       Mcount_leds_cy<27>
    SLICE_X22Y18.CIN     net (fanout=1)        0.003   Mcount_leds_cy<27>
    SLICE_X22Y18.CLK     Tcinck                0.341   leds<31>
                                                       Mcount_leds_xor<31>
                                                       leds_31
    -------------------------------------------------  ---------------------------
    Total                                      1.958ns (1.600ns logic, 0.358ns route)
                                                       (81.7% logic, 18.3% route)

--------------------------------------------------------------------------------
Slack (setup path):     8.006ns (requirement - (data path - clock path skew + uncertainty))
  Source:               leds_4 (FF)
  Destination:          leds_31 (FF)
  Requirement:          10.000ns
  Data Path Delay:      1.879ns (Levels of Logic = 7)
  Clock Path Skew:      -0.080ns (0.521 - 0.601)
  Source Clock:         clk_BUFGP rising at 0.000ns
  Destination Clock:    clk_BUFGP rising at 10.000ns
  Clock Uncertainty:    0.035ns

  Clock Uncertainty:          0.035ns  ((TSJ^2 + TIJ^2)^1/2 + DJ) / 2 + PE
    Total System Jitter (TSJ):  0.070ns
    Total Input Jitter (TIJ):   0.000ns
    Discrete Jitter (DJ):       0.000ns
    Phase Error (PE):           0.000ns

  Maximum Data Path at Slow Process Corner: leds_4 to leds_31
    Location             Delay type         Delay(ns)  Physical Resource
                                                       Logical Resource(s)
    -------------------------------------------------  -------------------
    SLICE_X22Y12.AQ      Tcko                  0.408   leds<7>
                                                       leds_4
    SLICE_X22Y12.A5      net (fanout=1)        0.337   leds<4>
    SLICE_X22Y12.COUT    Topcya                0.395   leds<7>
                                                       leds<4>_rt
                                                       Mcount_leds_cy<7>
    SLICE_X22Y13.CIN     net (fanout=1)        0.003   Mcount_leds_cy<7>
    SLICE_X22Y13.COUT    Tbyp                  0.076   leds<11>
                                                       Mcount_leds_cy<11>
    SLICE_X22Y14.CIN     net (fanout=1)        0.003   Mcount_leds_cy<11>
    SLICE_X22Y14.COUT    Tbyp                  0.076   leds<15>
                                                       Mcount_leds_cy<15>
    SLICE_X22Y15.CIN     net (fanout=1)        0.003   Mcount_leds_cy<15>
    SLICE_X22Y15.COUT    Tbyp                  0.076   leds<19>
                                                       Mcount_leds_cy<19>
    SLICE_X22Y16.CIN     net (fanout=1)        0.003   Mcount_leds_cy<19>
    SLICE_X22Y16.COUT    Tbyp                  0.076   leds<23>
                                                       Mcount_leds_cy<23>
    SLICE_X22Y17.CIN     net (fanout=1)        0.003   Mcount_leds_cy<23>
    SLICE_X22Y17.COUT    Tbyp                  0.076   leds<27>
                                                       Mcount_leds_cy<27>
    SLICE_X22Y18.CIN     net (fanout=1)        0.003   Mcount_leds_cy<27>
    SLICE_X22Y18.CLK     Tcinck                0.341   leds<31>
                                                       Mcount_leds_xor<31>
                                                       leds_31
    -------------------------------------------------  ---------------------------
    Total                                      1.879ns (1.524ns logic, 0.355ns route)
                                                       (81.1% logic, 18.9% route)

--------------------------------------------------------------------------------
Slack (setup path):     8.029ns (requirement - (data path - clock path skew + uncertainty))
  Source:               leds_3 (FF)
  Destination:          leds_31 (FF)
  Requirement:          10.000ns
  Data Path Delay:      1.858ns (Levels of Logic = 8)
  Clock Path Skew:      -0.078ns (0.521 - 0.599)
  Source Clock:         clk_BUFGP rising at 0.000ns
  Destination Clock:    clk_BUFGP rising at 10.000ns
  Clock Uncertainty:    0.035ns

  Clock Uncertainty:          0.035ns  ((TSJ^2 + TIJ^2)^1/2 + DJ) / 2 + PE
    Total System Jitter (TSJ):  0.070ns
    Total Input Jitter (TIJ):   0.000ns
    Discrete Jitter (DJ):       0.000ns
    Phase Error (PE):           0.000ns

  Maximum Data Path at Slow Process Corner: leds_3 to leds_31
    Location             Delay type         Delay(ns)  Physical Resource
                                                       Logical Resource(s)
    -------------------------------------------------  -------------------
    SLICE_X22Y11.DQ      Tcko                  0.408   leds<3>
                                                       leds_3
    SLICE_X22Y11.D5      net (fanout=1)        0.372   leds<3>
    SLICE_X22Y11.COUT    Topcyd                0.260   leds<3>
                                                       leds<3>_rt
                                                       Mcount_leds_cy<3>
    SLICE_X22Y12.CIN     net (fanout=1)        0.003   Mcount_leds_cy<3>
    SLICE_X22Y12.COUT    Tbyp                  0.076   leds<7>
                                                       Mcount_leds_cy<7>
    SLICE_X22Y13.CIN     net (fanout=1)        0.003   Mcount_leds_cy<7>
    SLICE_X22Y13.COUT    Tbyp                  0.076   leds<11>
                                                       Mcount_leds_cy<11>
    SLICE_X22Y14.CIN     net (fanout=1)        0.003   Mcount_leds_cy<11>
    SLICE_X22Y14.COUT    Tbyp                  0.076   leds<15>
                                                       Mcount_leds_cy<15>
    SLICE_X22Y15.CIN     net (fanout=1)        0.003   Mcount_leds_cy<15>
    SLICE_X22Y15.COUT    Tbyp                  0.076   leds<19>
                                                       Mcount_leds_cy<19>
    SLICE_X22Y16.CIN     net (fanout=1)        0.003   Mcount_leds_cy<19>
    SLICE_X22Y16.COUT    Tbyp                  0.076   leds<23>
                                                       Mcount_leds_cy<23>
    SLICE_X22Y17.CIN     net (fanout=1)        0.003   Mcount_leds_cy<23>
    SLICE_X22Y17.COUT    Tbyp                  0.076   leds<27>
                                                       Mcount_leds_cy<27>
    SLICE_X22Y18.CIN     net (fanout=1)        0.003   Mcount_leds_cy<27>
    SLICE_X22Y18.CLK     Tcinck                0.341   leds<31>
                                                       Mcount_leds_xor<31>
                                                       leds_31
    -------------------------------------------------  ---------------------------
    Total                                      1.858ns (1.465ns logic, 0.393ns route)
                                                       (78.8% logic, 21.2% route)

--------------------------------------------------------------------------------

Paths for end point leds_29 (SLICE_X22Y18.CIN), 28 paths
--------------------------------------------------------------------------------
Slack (setup path):     7.941ns (requirement - (data path - clock path skew + uncertainty))
  Source:               leds_0 (FF)
  Destination:          leds_29 (FF)
  Requirement:          10.000ns
  Data Path Delay:      1.946ns (Levels of Logic = 8)
  Clock Path Skew:      -0.078ns (0.521 - 0.599)
  Source Clock:         clk_BUFGP rising at 0.000ns
  Destination Clock:    clk_BUFGP rising at 10.000ns
  Clock Uncertainty:    0.035ns

  Clock Uncertainty:          0.035ns  ((TSJ^2 + TIJ^2)^1/2 + DJ) / 2 + PE
    Total System Jitter (TSJ):  0.070ns
    Total Input Jitter (TIJ):   0.000ns
    Discrete Jitter (DJ):       0.000ns
    Phase Error (PE):           0.000ns

  Maximum Data Path at Slow Process Corner: leds_0 to leds_29
    Location             Delay type         Delay(ns)  Physical Resource
                                                       Logical Resource(s)
    -------------------------------------------------  -------------------
    SLICE_X22Y11.AQ      Tcko                  0.408   leds<3>
                                                       leds_0
    SLICE_X22Y11.A5      net (fanout=1)        0.337   leds<0>
    SLICE_X22Y11.COUT    Topcya                0.395   leds<3>
                                                       Mcount_leds_lut<0>_INV_0
                                                       Mcount_leds_cy<3>
    SLICE_X22Y12.CIN     net (fanout=1)        0.003   Mcount_leds_cy<3>
    SLICE_X22Y12.COUT    Tbyp                  0.076   leds<7>
                                                       Mcount_leds_cy<7>
    SLICE_X22Y13.CIN     net (fanout=1)        0.003   Mcount_leds_cy<7>
    SLICE_X22Y13.COUT    Tbyp                  0.076   leds<11>
                                                       Mcount_leds_cy<11>
    SLICE_X22Y14.CIN     net (fanout=1)        0.003   Mcount_leds_cy<11>
    SLICE_X22Y14.COUT    Tbyp                  0.076   leds<15>
                                                       Mcount_leds_cy<15>
    SLICE_X22Y15.CIN     net (fanout=1)        0.003   Mcount_leds_cy<15>
    SLICE_X22Y15.COUT    Tbyp                  0.076   leds<19>
                                                       Mcount_leds_cy<19>
    SLICE_X22Y16.CIN     net (fanout=1)        0.003   Mcount_leds_cy<19>
    SLICE_X22Y16.COUT    Tbyp                  0.076   leds<23>
                                                       Mcount_leds_cy<23>
    SLICE_X22Y17.CIN     net (fanout=1)        0.003   Mcount_leds_cy<23>
    SLICE_X22Y17.COUT    Tbyp                  0.076   leds<27>
                                                       Mcount_leds_cy<27>
    SLICE_X22Y18.CIN     net (fanout=1)        0.003   Mcount_leds_cy<27>
    SLICE_X22Y18.CLK     Tcinck                0.329   leds<31>
                                                       Mcount_leds_xor<31>
                                                       leds_29
    -------------------------------------------------  ---------------------------
    Total                                      1.946ns (1.588ns logic, 0.358ns route)
                                                       (81.6% logic, 18.4% route)

--------------------------------------------------------------------------------
Slack (setup path):     8.018ns (requirement - (data path - clock path skew + uncertainty))
  Source:               leds_4 (FF)
  Destination:          leds_29 (FF)
  Requirement:          10.000ns
  Data Path Delay:      1.867ns (Levels of Logic = 7)
  Clock Path Skew:      -0.080ns (0.521 - 0.601)
  Source Clock:         clk_BUFGP rising at 0.000ns
  Destination Clock:    clk_BUFGP rising at 10.000ns
  Clock Uncertainty:    0.035ns

  Clock Uncertainty:          0.035ns  ((TSJ^2 + TIJ^2)^1/2 + DJ) / 2 + PE
    Total System Jitter (TSJ):  0.070ns
    Total Input Jitter (TIJ):   0.000ns
    Discrete Jitter (DJ):       0.000ns
    Phase Error (PE):           0.000ns

  Maximum Data Path at Slow Process Corner: leds_4 to leds_29
    Location             Delay type         Delay(ns)  Physical Resource
                                                       Logical Resource(s)
    -------------------------------------------------  -------------------
    SLICE_X22Y12.AQ      Tcko                  0.408   leds<7>
                                                       leds_4
    SLICE_X22Y12.A5      net (fanout=1)        0.337   leds<4>
    SLICE_X22Y12.COUT    Topcya                0.395   leds<7>
                                                       leds<4>_rt
                                                       Mcount_leds_cy<7>
    SLICE_X22Y13.CIN     net (fanout=1)        0.003   Mcount_leds_cy<7>
    SLICE_X22Y13.COUT    Tbyp                  0.076   leds<11>
                                                       Mcount_leds_cy<11>
    SLICE_X22Y14.CIN     net (fanout=1)        0.003   Mcount_leds_cy<11>
    SLICE_X22Y14.COUT    Tbyp                  0.076   leds<15>
                                                       Mcount_leds_cy<15>
    SLICE_X22Y15.CIN     net (fanout=1)        0.003   Mcount_leds_cy<15>
    SLICE_X22Y15.COUT    Tbyp                  0.076   leds<19>
                                                       Mcount_leds_cy<19>
    SLICE_X22Y16.CIN     net (fanout=1)        0.003   Mcount_leds_cy<19>
    SLICE_X22Y16.COUT    Tbyp                  0.076   leds<23>
                                                       Mcount_leds_cy<23>
    SLICE_X22Y17.CIN     net (fanout=1)        0.003   Mcount_leds_cy<23>
    SLICE_X22Y17.COUT    Tbyp                  0.076   leds<27>
                                                       Mcount_leds_cy<27>
    SLICE_X22Y18.CIN     net (fanout=1)        0.003   Mcount_leds_cy<27>
    SLICE_X22Y18.CLK     Tcinck                0.329   leds<31>
                                                       Mcount_leds_xor<31>
                                                       leds_29
    -------------------------------------------------  ---------------------------
    Total                                      1.867ns (1.512ns logic, 0.355ns route)
                                                       (81.0% logic, 19.0% route)

--------------------------------------------------------------------------------
Slack (setup path):     8.041ns (requirement - (data path - clock path skew + uncertainty))
  Source:               leds_3 (FF)
  Destination:          leds_29 (FF)
  Requirement:          10.000ns
  Data Path Delay:      1.846ns (Levels of Logic = 8)
  Clock Path Skew:      -0.078ns (0.521 - 0.599)
  Source Clock:         clk_BUFGP rising at 0.000ns
  Destination Clock:    clk_BUFGP rising at 10.000ns
  Clock Uncertainty:    0.035ns

  Clock Uncertainty:          0.035ns  ((TSJ^2 + TIJ^2)^1/2 + DJ) / 2 + PE
    Total System Jitter (TSJ):  0.070ns
    Total Input Jitter (TIJ):   0.000ns
    Discrete Jitter (DJ):       0.000ns
    Phase Error (PE):           0.000ns

  Maximum Data Path at Slow Process Corner: leds_3 to leds_29
    Location             Delay type         Delay(ns)  Physical Resource
                                                       Logical Resource(s)
    -------------------------------------------------  -------------------
    SLICE_X22Y11.DQ      Tcko                  0.408   leds<3>
                                                       leds_3
    SLICE_X22Y11.D5      net (fanout=1)        0.372   leds<3>
    SLICE_X22Y11.COUT    Topcyd                0.260   leds<3>
                                                       leds<3>_rt
                                                       Mcount_leds_cy<3>
    SLICE_X22Y12.CIN     net (fanout=1)        0.003   Mcount_leds_cy<3>
    SLICE_X22Y12.COUT    Tbyp                  0.076   leds<7>
                                                       Mcount_leds_cy<7>
    SLICE_X22Y13.CIN     net (fanout=1)        0.003   Mcount_leds_cy<7>
    SLICE_X22Y13.COUT    Tbyp                  0.076   leds<11>
                                                       Mcount_leds_cy<11>
    SLICE_X22Y14.CIN     net (fanout=1)        0.003   Mcount_leds_cy<11>
    SLICE_X22Y14.COUT    Tbyp                  0.076   leds<15>
                                                       Mcount_leds_cy<15>
    SLICE_X22Y15.CIN     net (fanout=1)        0.003   Mcount_leds_cy<15>
    SLICE_X22Y15.COUT    Tbyp                  0.076   leds<19>
                                                       Mcount_leds_cy<19>
    SLICE_X22Y16.CIN     net (fanout=1)        0.003   Mcount_leds_cy<19>
    SLICE_X22Y16.COUT    Tbyp                  0.076   leds<23>
                                                       Mcount_leds_cy<23>
    SLICE_X22Y17.CIN     net (fanout=1)        0.003   Mcount_leds_cy<23>
    SLICE_X22Y17.COUT    Tbyp                  0.076   leds<27>
                                                       Mcount_leds_cy<27>
    SLICE_X22Y18.CIN     net (fanout=1)        0.003   Mcount_leds_cy<27>
    SLICE_X22Y18.CLK     Tcinck                0.329   leds<31>
                                                       Mcount_leds_xor<31>
                                                       leds_29
    -------------------------------------------------  ---------------------------
    Total                                      1.846ns (1.453ns logic, 0.393ns route)
                                                       (78.7% logic, 21.3% route)

--------------------------------------------------------------------------------

Hold Paths: NET "clk_BUFGP/IBUFG" PERIOD = 10 ns HIGH 50%;
--------------------------------------------------------------------------------

Paths for end point leds_31 (SLICE_X22Y18.D6), 1 path
--------------------------------------------------------------------------------
Slack (hold path):      0.462ns (requirement - (clock path skew + uncertainty - data path))
  Source:               leds_31 (FF)
  Destination:          leds_31 (FF)
  Requirement:          0.000ns
  Data Path Delay:      0.462ns (Levels of Logic = 1)
  Clock Path Skew:      0.000ns
  Source Clock:         clk_BUFGP rising at 10.000ns
  Destination Clock:    clk_BUFGP rising at 10.000ns
  Clock Uncertainty:    0.000ns

  Minimum Data Path at Fast Process Corner: leds_31 to leds_31
    Location             Delay type         Delay(ns)  Physical Resource
                                                       Logical Resource(s)
    -------------------------------------------------  -------------------
    SLICE_X22Y18.DQ      Tcko                  0.200   leds<31>
                                                       leds_31
    SLICE_X22Y18.D6      net (fanout=2)        0.025   leds<31>
    SLICE_X22Y18.CLK     Tah         (-Th)    -0.237   leds<31>
                                                       leds<31>_rt
                                                       Mcount_leds_xor<31>
                                                       leds_31
    -------------------------------------------------  ---------------------------
    Total                                      0.462ns (0.437ns logic, 0.025ns route)
                                                       (94.6% logic, 5.4% route)

--------------------------------------------------------------------------------

Paths for end point leds_1 (SLICE_X22Y11.B5), 1 path
--------------------------------------------------------------------------------
Slack (hold path):      0.504ns (requirement - (clock path skew + uncertainty - data path))
  Source:               leds_1 (FF)
  Destination:          leds_1 (FF)
  Requirement:          0.000ns
  Data Path Delay:      0.504ns (Levels of Logic = 1)
  Clock Path Skew:      0.000ns
  Source Clock:         clk_BUFGP rising at 10.000ns
  Destination Clock:    clk_BUFGP rising at 10.000ns
  Clock Uncertainty:    0.000ns

  Minimum Data Path at Fast Process Corner: leds_1 to leds_1
    Location             Delay type         Delay(ns)  Physical Resource
                                                       Logical Resource(s)
    -------------------------------------------------  -------------------
    SLICE_X22Y11.BQ      Tcko                  0.200   leds<3>
                                                       leds_1
    SLICE_X22Y11.B5      net (fanout=1)        0.070   leds<1>
    SLICE_X22Y11.CLK     Tah         (-Th)    -0.234   leds<3>
                                                       leds<1>_rt
                                                       Mcount_leds_cy<3>
                                                       leds_1
    -------------------------------------------------  ---------------------------
    Total                                      0.504ns (0.434ns logic, 0.070ns route)
                                                       (86.1% logic, 13.9% route)

--------------------------------------------------------------------------------

Paths for end point leds_5 (SLICE_X22Y12.B5), 1 path
--------------------------------------------------------------------------------
Slack (hold path):      0.504ns (requirement - (clock path skew + uncertainty - data path))
  Source:               leds_5 (FF)
  Destination:          leds_5 (FF)
  Requirement:          0.000ns
  Data Path Delay:      0.504ns (Levels of Logic = 1)
  Clock Path Skew:      0.000ns
  Source Clock:         clk_BUFGP rising at 10.000ns
  Destination Clock:    clk_BUFGP rising at 10.000ns
  Clock Uncertainty:    0.000ns

  Minimum Data Path at Fast Process Corner: leds_5 to leds_5
    Location             Delay type         Delay(ns)  Physical Resource
                                                       Logical Resource(s)
    -------------------------------------------------  -------------------
    SLICE_X22Y12.BQ      Tcko                  0.200   leds<7>
                                                       leds_5
    SLICE_X22Y12.B5      net (fanout=1)        0.070   leds<5>
    SLICE_X22Y12.CLK     Tah         (-Th)    -0.234   leds<7>
                                                       leds<5>_rt
                                                       Mcount_leds_cy<7>
                                                       leds_5
    -------------------------------------------------  ---------------------------
    Total                                      0.504ns (0.434ns logic, 0.070ns route)
                                                       (86.1% logic, 13.9% route)

--------------------------------------------------------------------------------

Component Switching Limit Checks: NET "clk_BUFGP/IBUFG" PERIOD = 10 ns HIGH 50%;
--------------------------------------------------------------------------------
Slack: 8.270ns (period - min period limit)
  Period: 10.000ns
  Min period limit: 1.730ns (578.035MHz) (Tbcper_I)
  Physical resource: clk_BUFGP/BUFG/I0
  Logical resource: clk_BUFGP/BUFG/I0
  Location pin: BUFGMUX_X3Y13.I0
  Clock network: clk_BUFGP/IBUFG
--------------------------------------------------------------------------------
Slack: 9.570ns (period - min period limit)
  Period: 10.000ns
  Min period limit: 0.430ns (2325.581MHz) (Tcp)
  Physical resource: leds<3>/CLK
  Logical resource: leds_0/CK
  Location pin: SLICE_X22Y11.CLK
  Clock network: clk_BUFGP
--------------------------------------------------------------------------------
Slack: 9.570ns (period - min period limit)
  Period: 10.000ns
  Min period limit: 0.430ns (2325.581MHz) (Tcp)
  Physical resource: leds<3>/CLK
  Logical resource: leds_1/CK
  Location pin: SLICE_X22Y11.CLK
  Clock network: clk_BUFGP
--------------------------------------------------------------------------------


All constraints were met.


Data Sheet report:
-----------------
All values displayed in nanoseconds (ns)

Clock to Setup on destination clock clk
---------------+---------+---------+---------+---------+
               | Src:Rise| Src:Fall| Src:Rise| Src:Fall|
Source Clock   |Dest:Rise|Dest:Rise|Dest:Fall|Dest:Fall|
---------------+---------+---------+---------+---------+
clk            |    2.071|         |         |         |
---------------+---------+---------+---------+---------+


Timing summary:
---------------

Timing errors: 0  Score: 0  (Setup/Max: 0, Hold: 0)

Constraints cover 528 paths, 0 nets, and 48 connections

Design statistics:
   Minimum period:   2.071ns{1}   (Maximum frequency: 482.859MHz)


------------------------------------Footnotes-----------------------------------
1)  The minimum period statistic assumes all single cycle delays.

Analysis completed Tue Sep 10 15:12:47 2019 
--------------------------------------------------------------------------------

Trace Settings:
-------------------------
Trace Settings 

Peak Memory Usage: 390 MB



