Release 14.7 - xst P.20131013 (lin64)
Copyright (c) 1995-2013 Xilinx, Inc.  All rights reserved.
--> 
Parameter TMPDIR set to xst/projnav.tmp


Total REAL time to Xst completion: 0.00 secs
Total CPU time to Xst completion: 0.07 secs
 
--> 
Parameter xsthdpdir set to xst


Total REAL time to Xst completion: 0.00 secs
Total CPU time to Xst completion: 0.07 secs
 
--> 
Reading design: VGAWrite.prj

TABLE OF CONTENTS
  1) Synthesis Options Summary
  2) HDL Parsing
  3) HDL Elaboration
  4) HDL Synthesis
       4.1) HDL Synthesis Report
  5) Advanced HDL Synthesis
       5.1) Advanced HDL Synthesis Report
  6) Low Level Synthesis
  7) Partition Report
  8) Design Summary
       8.1) Primitive and Black Box Usage
       8.2) Device utilization summary
       8.3) Partition Resource Summary
       8.4) Timing Report
            8.4.1) Clock Information
            8.4.2) Asynchronous Control Signals Information
            8.4.3) Timing Summary
            8.4.4) Timing Details
            8.4.5) Cross Clock Domains Report


=========================================================================
*                      Synthesis Options Summary                        *
=========================================================================
---- Source Parameters
Input File Name                    : "VGAWrite.prj"
Ignore Synthesis Constraint File   : NO

---- Target Parameters
Output File Name                   : "VGAWrite"
Output Format                      : NGC
Target Device                      : xc6slx9-3-csg324

---- Source Options
Top Module Name                    : VGAWrite
Automatic FSM Extraction           : YES
FSM Encoding Algorithm             : Auto
Safe Implementation                : No
FSM Style                          : LUT
RAM Extraction                     : Yes
RAM Style                          : Auto
ROM Extraction                     : Yes
Shift Register Extraction          : YES
ROM Style                          : Auto
Resource Sharing                   : YES
Asynchronous To Synchronous        : NO
Shift Register Minimum Size        : 2
Use DSP Block                      : Auto
Automatic Register Balancing       : No

---- Target Options
LUT Combining                      : Auto
Reduce Control Sets                : Auto
Add IO Buffers                     : YES
Global Maximum Fanout              : 100000
Add Generic Clock Buffer(BUFG)     : 16
Register Duplication               : YES
Optimize Instantiated Primitives   : NO
Use Clock Enable                   : Auto
Use Synchronous Set                : Auto
Use Synchronous Reset              : Auto
Pack IO Registers into IOBs        : Auto
Equivalent register Removal        : YES

---- General Options
Optimization Goal                  : Speed
Optimization Effort                : 1
Power Reduction                    : NO
Keep Hierarchy                     : No
Netlist Hierarchy                  : As_Optimized
RTL Output                         : Yes
Global Optimization                : AllClockNets
Read Cores                         : YES
Write Timing Constraints           : NO
Cross Clock Analysis               : NO
Hierarchy Separator                : /
Bus Delimiter                      : <>
Case Specifier                     : Maintain
Slice Utilization Ratio            : 100
BRAM Utilization Ratio             : 100
DSP48 Utilization Ratio            : 100
Auto BRAM Packing                  : NO
Slice Utilization Ratio Delta      : 5

=========================================================================


=========================================================================
*                          HDL Parsing                                  *
=========================================================================
Analyzing Verilog file "/home/troy/Embedded/finalproj/vgaGame.v" into library work
Parsing module <frogger>.
Parsing module <obstacle>.
Parsing module <hvsync_generator>.
Parsing module <VGAWrite>.

=========================================================================
*                            HDL Elaboration                            *
=========================================================================

Elaborating module <VGAWrite>.

Elaborating module <hvsync_generator>.
WARNING:HDLCompiler:413 - "/home/troy/Embedded/finalproj/vgaGame.v" Line 157: Result of 11-bit expression is truncated to fit in 10-bit target.
WARNING:HDLCompiler:413 - "/home/troy/Embedded/finalproj/vgaGame.v" Line 162: Result of 10-bit expression is truncated to fit in 9-bit target.
WARNING:HDLCompiler:1127 - "/home/troy/Embedded/finalproj/vgaGame.v" Line 215: Assignment to inDisplayArea ignored, since the identifier is never used

Elaborating module <obstacle>.
WARNING:HDLCompiler:413 - "/home/troy/Embedded/finalproj/vgaGame.v" Line 108: Result of 32-bit expression is truncated to fit in 12-bit target.
WARNING:HDLCompiler:413 - "/home/troy/Embedded/finalproj/vgaGame.v" Line 109: Result of 13-bit expression is truncated to fit in 12-bit target.
WARNING:HDLCompiler:413 - "/home/troy/Embedded/finalproj/vgaGame.v" Line 110: Result of 32-bit expression is truncated to fit in 12-bit target.
WARNING:HDLCompiler:413 - "/home/troy/Embedded/finalproj/vgaGame.v" Line 111: Result of 13-bit expression is truncated to fit in 12-bit target.
WARNING:HDLCompiler:413 - "/home/troy/Embedded/finalproj/vgaGame.v" Line 124: Result of 32-bit expression is truncated to fit in 12-bit target.
WARNING:HDLCompiler:413 - "/home/troy/Embedded/finalproj/vgaGame.v" Line 125: Result of 32-bit expression is truncated to fit in 12-bit target.
WARNING:HDLCompiler:189 - "/home/troy/Embedded/finalproj/vgaGame.v" Line 224: Size mismatch in connection of port <y2>. Formal port size is 12-bit while actual signal size is 1-bit.
WARNING:HDLCompiler:1127 - "/home/troy/Embedded/finalproj/vgaGame.v" Line 224: Assignment to obst1y2 ignored, since the identifier is never used
WARNING:HDLCompiler:413 - "/home/troy/Embedded/finalproj/vgaGame.v" Line 226: Result of 32-bit expression is truncated to fit in 1-bit target.
WARNING:HDLCompiler:634 - "/home/troy/Embedded/finalproj/vgaGame.v" Line 222: Net <obs1y2[11]> does not have a driver.

=========================================================================
*                           HDL Synthesis                               *
=========================================================================

Synthesizing Unit <VGAWrite>.
    Related source file is "/home/troy/Embedded/finalproj/vgaGame.v".
WARNING:Xst:647 - Input <sw4> is never used. This port will be preserved and left unconnected if it belongs to a top-level block or it belongs to a sub-block and the hierarchy of this sub-block is preserved.
WARNING:Xst:647 - Input <sw3> is never used. This port will be preserved and left unconnected if it belongs to a top-level block or it belongs to a sub-block and the hierarchy of this sub-block is preserved.
WARNING:Xst:647 - Input <sw1> is never used. This port will be preserved and left unconnected if it belongs to a top-level block or it belongs to a sub-block and the hierarchy of this sub-block is preserved.
WARNING:Xst:647 - Input <sw2> is never used. This port will be preserved and left unconnected if it belongs to a top-level block or it belongs to a sub-block and the hierarchy of this sub-block is preserved.
INFO:Xst:3210 - "/home/troy/Embedded/finalproj/vgaGame.v" line 209: Output port <inDisplayArea> of the instance <hvsync> is unconnected or connected to loadless signal.
INFO:Xst:3210 - "/home/troy/Embedded/finalproj/vgaGame.v" line 224: Output port <y2> of the instance <obs1> is unconnected or connected to loadless signal.
WARNING:Xst:653 - Signal <obs1y2> is used but never assigned. This sourceless signal will be automatically connected to value GND.
    Found 1-bit register for signal <clk_25>.
    Found 16-bit register for signal <clk_cnt>.
    Found 17-bit adder for signal <n0029> created at line 201.
    Found 12-bit comparator greater for signal <obs1x1[11]_GND_1_o_LessThan_4_o> created at line 226
    Found 12-bit comparator greater for signal <obs1y1[11]_GND_1_o_LessThan_5_o> created at line 226
    Found 12-bit comparator greater for signal <GND_1_o_obs1x2[11]_LessThan_6_o> created at line 226
    Found 12-bit comparator greater for signal <GND_1_o_obs1y2[11]_LessThan_7_o> created at line 226
    Summary:
	inferred   1 Adder/Subtractor(s).
	inferred  17 D-type flip-flop(s).
	inferred   4 Comparator(s).
Unit <VGAWrite> synthesized.

Synthesizing Unit <hvsync_generator>.
    Related source file is "/home/troy/Embedded/finalproj/vgaGame.v".
    Found 9-bit register for signal <CounterY>.
    Found 1-bit register for signal <vga_HS>.
    Found 1-bit register for signal <vga_VS>.
    Found 1-bit register for signal <inDisplayArea>.
    Found 10-bit register for signal <CounterX>.
    Found 10-bit adder for signal <CounterX[9]_GND_2_o_add_2_OUT> created at line 157.
    Found 9-bit adder for signal <CounterY[8]_GND_2_o_mux_7_OUT> created at line 162.
    Found 10-bit comparator greater for signal <PWR_2_o_CounterX[9]_LessThan_12_o> created at line 165
    Found 10-bit comparator greater for signal <CounterX[9]_PWR_2_o_LessThan_13_o> created at line 165
    Found 9-bit comparator greater for signal <PWR_2_o_CounterY[8]_LessThan_15_o> created at line 168
    Found 9-bit comparator greater for signal <CounterY[8]_PWR_2_o_LessThan_16_o> created at line 168
    Found 10-bit comparator greater for signal <CounterX[9]_PWR_2_o_LessThan_18_o> created at line 171
    Found 9-bit comparator greater for signal <CounterY[8]_PWR_2_o_LessThan_19_o> created at line 171
    Summary:
	inferred   2 Adder/Subtractor(s).
	inferred  22 D-type flip-flop(s).
	inferred   6 Comparator(s).
Unit <hvsync_generator> synthesized.

Synthesizing Unit <obstacle>.
    Related source file is "/home/troy/Embedded/finalproj/vgaGame.v".
        width = 20
        height = 10
        initial_x = 320
        initial_y = 240
        initial_x_dxn = 1
        initial_y_dxn = 1
        display_width = 640
        display_height = 480
    Found 12-bit register for signal <y>.
    Found 1-bit register for signal <x_dxn>.
    Found 1-bit register for signal <y_dxn>.
    Found 12-bit register for signal <x>.
    Found 13-bit subtractor for signal <GND_3_o_GND_3_o_sub_9_OUT> created at line 124.
    Found 13-bit subtractor for signal <GND_3_o_GND_3_o_sub_12_OUT> created at line 125.
    Found 12-bit adder for signal <x2> created at line 109.
    Found 12-bit adder for signal <y2> created at line 111.
    Found 13-bit adder for signal <n0064[12:0]> created at line 124.
    Found 13-bit adder for signal <n0066[12:0]> created at line 125.
    Found 12-bit subtractor for signal <x1> created at line 93.
    Found 12-bit subtractor for signal <y1> created at line 93.
    Found 12-bit comparator lessequal for signal <n0015> created at line 127
    Found 12-bit comparator lessequal for signal <n0018> created at line 129
    Found 12-bit comparator lessequal for signal <n0021> created at line 131
    Found 12-bit comparator lessequal for signal <n0024> created at line 133
    Summary:
	inferred   8 Adder/Subtractor(s).
	inferred  26 D-type flip-flop(s).
	inferred   4 Comparator(s).
	inferred   2 Multiplexer(s).
Unit <obstacle> synthesized.

=========================================================================
HDL Synthesis Report

Macro Statistics
# Adders/Subtractors                                   : 11
 10-bit adder                                          : 1
 12-bit adder                                          : 2
 12-bit subtractor                                     : 2
 13-bit adder                                          : 2
 13-bit subtractor                                     : 2
 17-bit adder                                          : 1
 9-bit adder                                           : 1
# Registers                                            : 10
 1-bit register                                        : 5
 10-bit register                                       : 1
 12-bit register                                       : 2
 17-bit register                                       : 1
 9-bit register                                        : 1
# Comparators                                          : 14
 10-bit comparator greater                             : 3
 12-bit comparator greater                             : 4
 12-bit comparator lessequal                           : 4
 9-bit comparator greater                              : 3
# Multiplexers                                         : 2
 32-bit 2-to-1 multiplexer                             : 2

=========================================================================

=========================================================================
*                       Advanced HDL Synthesis                          *
=========================================================================


Synthesizing (advanced) Unit <hvsync_generator>.
The following registers are absorbed into counter <CounterX>: 1 register on signal <CounterX>.
The following registers are absorbed into counter <CounterY>: 1 register on signal <CounterY>.
Unit <hvsync_generator> synthesized (advanced).

=========================================================================
Advanced HDL Synthesis Report

Macro Statistics
# Adders/Subtractors                                   : 9
 12-bit adder                                          : 2
 12-bit subtractor                                     : 2
 13-bit adder                                          : 2
 13-bit subtractor                                     : 2
 17-bit adder                                          : 1
# Counters                                             : 2
 10-bit up counter                                     : 1
 9-bit up counter                                      : 1
# Registers                                            : 46
 Flip-Flops                                            : 46
# Comparators                                          : 14
 10-bit comparator greater                             : 3
 12-bit comparator greater                             : 4
 12-bit comparator lessequal                           : 4
 9-bit comparator greater                              : 3
# Multiplexers                                         : 2
 32-bit 2-to-1 multiplexer                             : 2

=========================================================================

=========================================================================
*                         Low Level Synthesis                           *
=========================================================================
WARNING:Xst:2677 - Node <clk_25> of sequential type is unconnected in block <VGAWrite>.
WARNING:Xst:2677 - Node <clk_cnt_0> of sequential type is unconnected in block <VGAWrite>.
WARNING:Xst:2677 - Node <clk_cnt_1> of sequential type is unconnected in block <VGAWrite>.
WARNING:Xst:2677 - Node <clk_cnt_2> of sequential type is unconnected in block <VGAWrite>.
WARNING:Xst:2677 - Node <clk_cnt_3> of sequential type is unconnected in block <VGAWrite>.
WARNING:Xst:2677 - Node <clk_cnt_4> of sequential type is unconnected in block <VGAWrite>.
WARNING:Xst:2677 - Node <clk_cnt_5> of sequential type is unconnected in block <VGAWrite>.
WARNING:Xst:2677 - Node <clk_cnt_6> of sequential type is unconnected in block <VGAWrite>.
WARNING:Xst:2677 - Node <clk_cnt_7> of sequential type is unconnected in block <VGAWrite>.
WARNING:Xst:2677 - Node <clk_cnt_8> of sequential type is unconnected in block <VGAWrite>.
WARNING:Xst:2677 - Node <clk_cnt_9> of sequential type is unconnected in block <VGAWrite>.
WARNING:Xst:2677 - Node <clk_cnt_10> of sequential type is unconnected in block <VGAWrite>.
WARNING:Xst:2677 - Node <clk_cnt_11> of sequential type is unconnected in block <VGAWrite>.
WARNING:Xst:2677 - Node <clk_cnt_12> of sequential type is unconnected in block <VGAWrite>.

Optimizing unit <VGAWrite> ...

Optimizing unit <obstacle> ...

Optimizing unit <hvsync_generator> ...
WARNING:Xst:2677 - Node <hvsync/inDisplayArea> of sequential type is unconnected in block <VGAWrite>.

Mapping all equations...
Building and optimizing final netlist ...
Found area constraint ratio of 100 (+ 5) on block VGAWrite, actual ratio is 0.

Final Macro Processing ...

=========================================================================
Final Register Report

Macro Statistics
# Registers                                            : 24
 Flip-Flops                                            : 24

=========================================================================

=========================================================================
*                           Partition Report                            *
=========================================================================

Partition Implementation Status
-------------------------------

  No Partitions were found in this design.

-------------------------------

=========================================================================
*                            Design Summary                             *
=========================================================================

Top Level Output File Name         : VGAWrite.ngc

Primitive and Black Box Usage:
------------------------------
# BELS                             : 93
#      GND                         : 1
#      INV                         : 6
#      LUT1                        : 17
#      LUT2                        : 13
#      LUT3                        : 8
#      LUT4                        : 2
#      LUT5                        : 3
#      LUT6                        : 6
#      MUXCY                       : 17
#      VCC                         : 1
#      XORCY                       : 19
# FlipFlops/Latches                : 24
#      FD                          : 14
#      FDE                         : 9
#      FDR                         : 1
# Clock Buffers                    : 2
#      BUFG                        : 1
#      BUFGP                       : 1
# IO Buffers                       : 5
#      OBUF                        : 5

Device utilization summary:
---------------------------

Selected Device : 6slx9csg324-3 


Slice Logic Utilization: 
 Number of Slice Registers:              24  out of  11440     0%  
 Number of Slice LUTs:                   55  out of   5720     0%  
    Number used as Logic:                55  out of   5720     0%  

Slice Logic Distribution: 
 Number of LUT Flip Flop pairs used:     55
   Number with an unused Flip Flop:      31  out of     55    56%  
   Number with an unused LUT:             0  out of     55     0%  
   Number of fully used LUT-FF pairs:    24  out of     55    43%  
   Number of unique control sets:         5

IO Utilization: 
 Number of IOs:                          11
 Number of bonded IOBs:                   6  out of    200     3%  

Specific Feature Utilization:
 Number of BUFG/BUFGCTRLs:                2  out of     16    12%  

---------------------------
Partition Resource Summary:
---------------------------

  No Partitions were found in this design.

---------------------------


=========================================================================
Timing Report

NOTE: THESE TIMING NUMBERS ARE ONLY A SYNTHESIS ESTIMATE.
      FOR ACCURATE TIMING INFORMATION PLEASE REFER TO THE TRACE REPORT
      GENERATED AFTER PLACE-and-ROUTE.

Clock Information:
------------------
-----------------------------------+------------------------+-------+
Clock Signal                       | Clock buffer(FF name)  | Load  |
-----------------------------------+------------------------+-------+
clk                                | BUFGP                  | 3     |
clk_cnt_15                         | BUFG                   | 21    |
-----------------------------------+------------------------+-------+

Asynchronous Control Signals Information:
----------------------------------------
No asynchronous control signals found in this design

Timing Summary:
---------------
Speed Grade: -3

   Minimum period: 3.695ns (Maximum Frequency: 270.621MHz)
   Minimum input arrival time before clock: No path found
   Maximum output required time after clock: 4.382ns
   Maximum combinational path delay: No path found

Timing Details:
---------------
All values displayed in nanoseconds (ns)

=========================================================================
Timing constraint: Default period analysis for Clock 'clk'
  Clock period: 1.984ns (frequency: 504.007MHz)
  Total number of paths / destination ports: 5 / 3
-------------------------------------------------------------------------
Delay:               1.984ns (Levels of Logic = 1)
  Source:            clk_cnt_13 (FF)
  Destination:       clk_cnt_13 (FF)
  Source Clock:      clk rising
  Destination Clock: clk rising

  Data Path: clk_cnt_13 to clk_cnt_13
                                Gate     Net
    Cell:in->out      fanout   Delay   Delay  Logical Name (Net Name)
    ----------------------------------------  ------------
     FD:C->Q               3   0.447   0.650  clk_cnt_13 (clk_cnt_13)
     INV:I->O              1   0.206   0.579  Madd_n0029_xor<14>11_INV_0 (n0029<14>)
     FD:D                      0.102          clk_cnt_13
    ----------------------------------------
    Total                      1.984ns (0.755ns logic, 1.229ns route)
                                       (38.1% logic, 61.9% route)

=========================================================================
Timing constraint: Default period analysis for Clock 'clk_cnt_15'
  Clock period: 3.695ns (frequency: 270.621MHz)
  Total number of paths / destination ports: 331 / 31
-------------------------------------------------------------------------
Delay:               3.695ns (Levels of Logic = 3)
  Source:            hvsync/CounterX_6 (FF)
  Destination:       hvsync/CounterX_9 (FF)
  Source Clock:      clk_cnt_15 rising
  Destination Clock: clk_cnt_15 rising

  Data Path: hvsync/CounterX_6 to hvsync/CounterX_9
                                Gate     Net
    Cell:in->out      fanout   Delay   Delay  Logical Name (Net Name)
    ----------------------------------------  ------------
     FD:C->Q               5   0.447   1.059  hvsync/CounterX_6 (hvsync/CounterX_6)
     LUT5:I0->O            2   0.203   0.617  hvsync/animate1_SW0 (N3)
     LUT6:I5->O           10   0.205   0.857  hvsync/animate1 (hvsync/CounterXmaxed)
     LUT2:I1->O            1   0.205   0.000  hvsync/CounterX_9_rstpot (hvsync/CounterX_9_rstpot)
     FD:D                      0.102          hvsync/CounterX_9
    ----------------------------------------
    Total                      3.695ns (1.162ns logic, 2.533ns route)
                                       (31.4% logic, 68.6% route)

=========================================================================
Timing constraint: Default OFFSET OUT AFTER for Clock 'clk_cnt_15'
  Total number of paths / destination ports: 2 / 2
-------------------------------------------------------------------------
Offset:              4.382ns (Levels of Logic = 2)
  Source:            hvsync/vga_HS (FF)
  Destination:       hsync_out (PAD)
  Source Clock:      clk_cnt_15 rising

  Data Path: hvsync/vga_HS to hsync_out
                                Gate     Net
    Cell:in->out      fanout   Delay   Delay  Logical Name (Net Name)
    ----------------------------------------  ------------
     FD:C->Q               1   0.447   0.579  hvsync/vga_HS (hvsync/vga_HS)
     INV:I->O              1   0.206   0.579  hvsync/vga_h_sync1_INV_0 (hsync_out_OBUF)
     OBUF:I->O                 2.571          hsync_out_OBUF (hsync_out)
    ----------------------------------------
    Total                      4.382ns (3.224ns logic, 1.158ns route)
                                       (73.6% logic, 26.4% route)

=========================================================================

Cross Clock Domains Report:
--------------------------

Clock to Setup on destination clock clk
---------------+---------+---------+---------+---------+
               | Src:Rise| Src:Fall| Src:Rise| Src:Fall|
Source Clock   |Dest:Rise|Dest:Rise|Dest:Fall|Dest:Fall|
---------------+---------+---------+---------+---------+
clk            |    1.984|         |         |         |
---------------+---------+---------+---------+---------+

Clock to Setup on destination clock clk_cnt_15
---------------+---------+---------+---------+---------+
               | Src:Rise| Src:Fall| Src:Rise| Src:Fall|
Source Clock   |Dest:Rise|Dest:Rise|Dest:Fall|Dest:Fall|
---------------+---------+---------+---------+---------+
clk_cnt_15     |    3.695|         |         |         |
---------------+---------+---------+---------+---------+

=========================================================================


Total REAL time to Xst completion: 11.00 secs
Total CPU time to Xst completion: 9.14 secs
 
--> 


Total memory usage is 395392 kilobytes

Number of errors   :    0 (   0 filtered)
Number of warnings :   33 (   0 filtered)
Number of infos    :    2 (   0 filtered)

