Release 14.7 - xst P.20131013 (lin64)
Copyright (c) 1995-2013 Xilinx, Inc.  All rights reserved.
--> 
Parameter TMPDIR set to xst/projnav.tmp


Total REAL time to Xst completion: 0.00 secs
Total CPU time to Xst completion: 0.06 secs
 
--> 
Parameter xsthdpdir set to xst


Total REAL time to Xst completion: 0.00 secs
Total CPU time to Xst completion: 0.06 secs
 
--> 
Reading design: top.prj

TABLE OF CONTENTS
  1) Synthesis Options Summary
  2) HDL Parsing
  3) HDL Elaboration
  4) HDL Synthesis
       4.1) HDL Synthesis Report
  5) Advanced HDL Synthesis
       5.1) Advanced HDL Synthesis Report
  6) Low Level Synthesis
  7) Partition Report
  8) Design Summary
       8.1) Primitive and Black Box Usage
       8.2) Device utilization summary
       8.3) Partition Resource Summary
       8.4) Timing Report
            8.4.1) Clock Information
            8.4.2) Asynchronous Control Signals Information
            8.4.3) Timing Summary
            8.4.4) Timing Details
            8.4.5) Cross Clock Domains Report


=========================================================================
*                      Synthesis Options Summary                        *
=========================================================================
---- Source Parameters
Input File Name                    : "top.prj"
Ignore Synthesis Constraint File   : NO

---- Target Parameters
Output File Name                   : "top"
Output Format                      : NGC
Target Device                      : xc6slx9-3-csg324

---- Source Options
Top Module Name                    : top
Automatic FSM Extraction           : YES
FSM Encoding Algorithm             : Auto
Safe Implementation                : No
FSM Style                          : LUT
RAM Extraction                     : Yes
RAM Style                          : Auto
ROM Extraction                     : Yes
Shift Register Extraction          : YES
ROM Style                          : Auto
Resource Sharing                   : YES
Asynchronous To Synchronous        : NO
Shift Register Minimum Size        : 2
Use DSP Block                      : Auto
Automatic Register Balancing       : No

---- Target Options
LUT Combining                      : Auto
Reduce Control Sets                : Auto
Add IO Buffers                     : YES
Global Maximum Fanout              : 100000
Add Generic Clock Buffer(BUFG)     : 16
Register Duplication               : YES
Optimize Instantiated Primitives   : NO
Use Clock Enable                   : Auto
Use Synchronous Set                : Auto
Use Synchronous Reset              : Auto
Pack IO Registers into IOBs        : Auto
Equivalent register Removal        : YES

---- General Options
Optimization Goal                  : Speed
Optimization Effort                : 1
Power Reduction                    : NO
Keep Hierarchy                     : No
Netlist Hierarchy                  : As_Optimized
RTL Output                         : Yes
Global Optimization                : AllClockNets
Read Cores                         : YES
Write Timing Constraints           : NO
Cross Clock Analysis               : NO
Hierarchy Separator                : /
Bus Delimiter                      : <>
Case Specifier                     : Maintain
Slice Utilization Ratio            : 100
BRAM Utilization Ratio             : 100
DSP48 Utilization Ratio            : 100
Auto BRAM Packing                  : NO
Slice Utilization Ratio Delta      : 5

=========================================================================


=========================================================================
*                          HDL Parsing                                  *
=========================================================================
Analyzing Verilog file "/home/troy/Embedded/Finalproj1/vga640x480.v" into library work
Parsing module <vga640x480>.
Analyzing Verilog file "/home/troy/Embedded/Finalproj1/square.v" into library work
Parsing module <square>.
Analyzing Verilog file "/home/troy/Embedded/Finalproj1/top.v" into library work
Parsing module <top>.

=========================================================================
*                            HDL Elaboration                            *
=========================================================================
WARNING:HDLCompiler:1016 - "/home/troy/Embedded/Finalproj1/top.v" Line 30: Port o_blanking is not connected to this instance

Elaborating module <top>.

Elaborating module <vga640x480>.
WARNING:HDLCompiler:413 - "/home/troy/Embedded/Finalproj1/vga640x480.v" Line 35: Result of 32-bit expression is truncated to fit in 10-bit target.
WARNING:HDLCompiler:413 - "/home/troy/Embedded/Finalproj1/vga640x480.v" Line 36: Result of 32-bit expression is truncated to fit in 9-bit target.
WARNING:HDLCompiler:413 - "/home/troy/Embedded/Finalproj1/vga640x480.v" Line 62: Result of 11-bit expression is truncated to fit in 10-bit target.
WARNING:HDLCompiler:413 - "/home/troy/Embedded/Finalproj1/vga640x480.v" Line 65: Result of 11-bit expression is truncated to fit in 10-bit target.

Elaborating module <square(IX=160,IY=120,H_WIDTH=60,H_HEIGHT=15)>.
WARNING:HDLCompiler:413 - "/home/troy/Embedded/Finalproj1/square.v" Line 33: Result of 32-bit expression is truncated to fit in 12-bit target.
WARNING:HDLCompiler:413 - "/home/troy/Embedded/Finalproj1/square.v" Line 34: Result of 13-bit expression is truncated to fit in 12-bit target.
WARNING:HDLCompiler:413 - "/home/troy/Embedded/Finalproj1/square.v" Line 35: Result of 32-bit expression is truncated to fit in 12-bit target.
WARNING:HDLCompiler:413 - "/home/troy/Embedded/Finalproj1/square.v" Line 36: Result of 13-bit expression is truncated to fit in 12-bit target.
WARNING:HDLCompiler:413 - "/home/troy/Embedded/Finalproj1/square.v" Line 49: Result of 32-bit expression is truncated to fit in 12-bit target.
WARNING:HDLCompiler:1127 - "/home/troy/Embedded/Finalproj1/square.v" Line 38: Assignment to y_dir ignored, since the identifier is never used

Elaborating module <square(IX=320,IY=240,IY_DIR=0,H_WIDTH=20,H_HEIGHT=15)>.
WARNING:HDLCompiler:413 - "/home/troy/Embedded/Finalproj1/square.v" Line 33: Result of 32-bit expression is truncated to fit in 12-bit target.
WARNING:HDLCompiler:413 - "/home/troy/Embedded/Finalproj1/square.v" Line 34: Result of 13-bit expression is truncated to fit in 12-bit target.
WARNING:HDLCompiler:413 - "/home/troy/Embedded/Finalproj1/square.v" Line 35: Result of 32-bit expression is truncated to fit in 12-bit target.
WARNING:HDLCompiler:413 - "/home/troy/Embedded/Finalproj1/square.v" Line 36: Result of 13-bit expression is truncated to fit in 12-bit target.
WARNING:HDLCompiler:413 - "/home/troy/Embedded/Finalproj1/square.v" Line 49: Result of 32-bit expression is truncated to fit in 12-bit target.
WARNING:HDLCompiler:1127 - "/home/troy/Embedded/Finalproj1/square.v" Line 38: Assignment to y_dir ignored, since the identifier is never used

Elaborating module <square(IX=480,IY=360,H_WIDTH=100,H_HEIGHT=15)>.
WARNING:HDLCompiler:413 - "/home/troy/Embedded/Finalproj1/square.v" Line 33: Result of 32-bit expression is truncated to fit in 12-bit target.
WARNING:HDLCompiler:413 - "/home/troy/Embedded/Finalproj1/square.v" Line 34: Result of 13-bit expression is truncated to fit in 12-bit target.
WARNING:HDLCompiler:413 - "/home/troy/Embedded/Finalproj1/square.v" Line 35: Result of 32-bit expression is truncated to fit in 12-bit target.
WARNING:HDLCompiler:413 - "/home/troy/Embedded/Finalproj1/square.v" Line 36: Result of 13-bit expression is truncated to fit in 12-bit target.
WARNING:HDLCompiler:413 - "/home/troy/Embedded/Finalproj1/square.v" Line 49: Result of 32-bit expression is truncated to fit in 12-bit target.
WARNING:HDLCompiler:1127 - "/home/troy/Embedded/Finalproj1/square.v" Line 38: Assignment to y_dir ignored, since the identifier is never used
WARNING:HDLCompiler:413 - "/home/troy/Embedded/Finalproj1/top.v" Line 79: Result of 32-bit expression is truncated to fit in 1-bit target.
WARNING:HDLCompiler:413 - "/home/troy/Embedded/Finalproj1/top.v" Line 81: Result of 32-bit expression is truncated to fit in 1-bit target.
WARNING:HDLCompiler:413 - "/home/troy/Embedded/Finalproj1/top.v" Line 83: Result of 32-bit expression is truncated to fit in 1-bit target.

=========================================================================
*                           HDL Synthesis                               *
=========================================================================

Synthesizing Unit <top>.
    Related source file is "/home/troy/Embedded/Finalproj1/top.v".
INFO:Xst:3210 - "/home/troy/Embedded/Finalproj1/top.v" line 30: Output port <o_blanking> of the instance <display> is unconnected or connected to loadless signal.
INFO:Xst:3210 - "/home/troy/Embedded/Finalproj1/top.v" line 30: Output port <o_active> of the instance <display> is unconnected or connected to loadless signal.
INFO:Xst:3210 - "/home/troy/Embedded/Finalproj1/top.v" line 30: Output port <o_screenend> of the instance <display> is unconnected or connected to loadless signal.
    Found 1-bit register for signal <pix_stb>.
    Found 16-bit register for signal <cnt>.
    Found 17-bit adder for signal <n0069> created at line 28.
    Found 12-bit comparator greater for signal <sq_a_x1[11]_GND_1_o_LessThan_4_o> created at line 79
    Found 12-bit comparator greater for signal <sq_a_y1[11]_GND_1_o_LessThan_5_o> created at line 79
    Found 12-bit comparator greater for signal <GND_1_o_sq_a_x2[11]_LessThan_6_o> created at line 80
    Found 12-bit comparator greater for signal <GND_1_o_sq_a_y2[11]_LessThan_7_o> created at line 80
    Found 12-bit comparator greater for signal <sq_b_x1[11]_GND_1_o_LessThan_9_o> created at line 81
    Found 12-bit comparator greater for signal <sq_b_y1[11]_GND_1_o_LessThan_10_o> created at line 81
    Found 12-bit comparator greater for signal <GND_1_o_sq_b_x2[11]_LessThan_11_o> created at line 82
    Found 12-bit comparator greater for signal <GND_1_o_sq_b_y2[11]_LessThan_12_o> created at line 82
    Found 12-bit comparator greater for signal <sq_c_x1[11]_GND_1_o_LessThan_14_o> created at line 83
    Found 12-bit comparator greater for signal <sq_c_y1[11]_GND_1_o_LessThan_15_o> created at line 83
    Found 12-bit comparator greater for signal <GND_1_o_sq_c_x2[11]_LessThan_16_o> created at line 84
    Found 12-bit comparator greater for signal <GND_1_o_sq_c_y2[11]_LessThan_17_o> created at line 84
    Summary:
	inferred   1 Adder/Subtractor(s).
	inferred  17 D-type flip-flop(s).
	inferred  12 Comparator(s).
Unit <top> synthesized.

Synthesizing Unit <vga640x480>.
    Related source file is "/home/troy/Embedded/Finalproj1/vga640x480.v".
    Found 10-bit register for signal <v_count>.
    Found 10-bit register for signal <h_count>.
    Found 11-bit subtractor for signal <GND_2_o_GND_2_o_sub_6_OUT> created at line 35.
    Found 10-bit adder for signal <v_count[9]_GND_2_o_add_21_OUT> created at line 62.
    Found 10-bit adder for signal <h_count[9]_GND_2_o_add_22_OUT> created at line 65.
    Found 10-bit comparator lessequal for signal <n0000> created at line 31
    Found 10-bit comparator greater for signal <h_count[9]_GND_2_o_LessThan_2_o> created at line 31
    Found 10-bit comparator lessequal for signal <n0005> created at line 32
    Found 10-bit comparator greater for signal <v_count[9]_GND_2_o_LessThan_4_o> created at line 32
    Found 10-bit comparator lessequal for signal <n0012> created at line 36
    Found 10-bit comparator greater for signal <h_count[9]_GND_2_o_LessThan_10_o> created at line 39
    Found 10-bit comparator greater for signal <GND_2_o_v_count[9]_LessThan_11_o> created at line 39
    Summary:
	inferred   3 Adder/Subtractor(s).
	inferred  20 D-type flip-flop(s).
	inferred   7 Comparator(s).
	inferred   4 Multiplexer(s).
Unit <vga640x480> synthesized.

Synthesizing Unit <square_1>.
    Related source file is "/home/troy/Embedded/Finalproj1/square.v".
        H_WIDTH = 60
        H_HEIGHT = 15
        IX = 160
        IY = 120
        IX_DIR = 1
        IY_DIR = 1
        D_WIDTH = 640
        D_HEIGHT = 480
    Found 12-bit register for signal <y>.
    Found 12-bit register for signal <x>.
    Found 12-bit adder for signal <o_x2> created at line 34.
    Found 12-bit adder for signal <o_y2> created at line 36.
    Found 13-bit adder for signal <n0045[12:0]> created at line 49.
    Found 12-bit subtractor for signal <o_x1> created at line 22.
    Found 12-bit subtractor for signal <o_y1> created at line 24.
    Found 12-bit comparator lessequal for signal <n0014> created at line 54
    Summary:
	inferred   5 Adder/Subtractor(s).
	inferred  24 D-type flip-flop(s).
	inferred   1 Comparator(s).
Unit <square_1> synthesized.

Synthesizing Unit <square_2>.
    Related source file is "/home/troy/Embedded/Finalproj1/square.v".
        H_WIDTH = 20
        H_HEIGHT = 15
        IX = 320
        IY = 240
        IX_DIR = 1
        IY_DIR = 0
        D_WIDTH = 640
        D_HEIGHT = 480
    Found 12-bit register for signal <y>.
    Found 12-bit register for signal <x>.
    Found 12-bit adder for signal <o_x2> created at line 34.
    Found 12-bit adder for signal <o_y2> created at line 36.
    Found 13-bit adder for signal <n0045[12:0]> created at line 49.
    Found 12-bit subtractor for signal <o_x1> created at line 22.
    Found 12-bit subtractor for signal <o_y1> created at line 24.
    Found 12-bit comparator lessequal for signal <n0014> created at line 54
    Summary:
	inferred   5 Adder/Subtractor(s).
	inferred  24 D-type flip-flop(s).
	inferred   1 Comparator(s).
Unit <square_2> synthesized.

Synthesizing Unit <square_3>.
    Related source file is "/home/troy/Embedded/Finalproj1/square.v".
        H_WIDTH = 100
        H_HEIGHT = 15
        IX = 480
        IY = 360
        IX_DIR = 1
        IY_DIR = 1
        D_WIDTH = 640
        D_HEIGHT = 480
    Found 12-bit register for signal <y>.
    Found 12-bit register for signal <x>.
    Found 12-bit adder for signal <o_x2> created at line 34.
    Found 12-bit adder for signal <o_y2> created at line 36.
    Found 13-bit adder for signal <n0045[12:0]> created at line 49.
    Found 12-bit subtractor for signal <o_x1> created at line 22.
    Found 12-bit subtractor for signal <o_y1> created at line 24.
    Found 12-bit comparator lessequal for signal <n0014> created at line 54
    Summary:
	inferred   5 Adder/Subtractor(s).
	inferred  24 D-type flip-flop(s).
	inferred   1 Comparator(s).
Unit <square_3> synthesized.

=========================================================================
HDL Synthesis Report

Macro Statistics
# Adders/Subtractors                                   : 19
 10-bit adder                                          : 2
 11-bit subtractor                                     : 1
 12-bit adder                                          : 6
 12-bit subtractor                                     : 6
 13-bit adder                                          : 3
 17-bit adder                                          : 1
# Registers                                            : 9
 10-bit register                                       : 2
 12-bit register                                       : 6
 17-bit register                                       : 1
# Comparators                                          : 22
 10-bit comparator greater                             : 4
 10-bit comparator lessequal                           : 3
 12-bit comparator greater                             : 12
 12-bit comparator lessequal                           : 3
# Multiplexers                                         : 4
 10-bit 2-to-1 multiplexer                             : 2
 32-bit 2-to-1 multiplexer                             : 2

=========================================================================

=========================================================================
*                       Advanced HDL Synthesis                          *
=========================================================================

WARNING:Xst:1293 - FF/Latch <y_6> has a constant value of 1 in block <sq_b_anim>. This FF/Latch will be trimmed during the optimization process.
WARNING:Xst:1293 - FF/Latch <y_7> has a constant value of 1 in block <sq_b_anim>. This FF/Latch will be trimmed during the optimization process.
WARNING:Xst:1293 - FF/Latch <y_8> has a constant value of 0 in block <sq_b_anim>. This FF/Latch will be trimmed during the optimization process.
WARNING:Xst:1293 - FF/Latch <y_9> has a constant value of 0 in block <sq_b_anim>. This FF/Latch will be trimmed during the optimization process.
WARNING:Xst:1293 - FF/Latch <y_10> has a constant value of 0 in block <sq_b_anim>. This FF/Latch will be trimmed during the optimization process.
WARNING:Xst:1293 - FF/Latch <y_11> has a constant value of 0 in block <sq_b_anim>. This FF/Latch will be trimmed during the optimization process.
WARNING:Xst:1293 - FF/Latch <y_0> has a constant value of 0 in block <sq_c_anim>. This FF/Latch will be trimmed during the optimization process.
WARNING:Xst:1293 - FF/Latch <y_1> has a constant value of 0 in block <sq_c_anim>. This FF/Latch will be trimmed during the optimization process.
WARNING:Xst:1293 - FF/Latch <y_2> has a constant value of 0 in block <sq_c_anim>. This FF/Latch will be trimmed during the optimization process.
WARNING:Xst:1293 - FF/Latch <y_3> has a constant value of 1 in block <sq_c_anim>. This FF/Latch will be trimmed during the optimization process.
WARNING:Xst:1293 - FF/Latch <y_4> has a constant value of 0 in block <sq_c_anim>. This FF/Latch will be trimmed during the optimization process.
WARNING:Xst:1293 - FF/Latch <y_5> has a constant value of 1 in block <sq_c_anim>. This FF/Latch will be trimmed during the optimization process.
WARNING:Xst:1293 - FF/Latch <y_6> has a constant value of 1 in block <sq_c_anim>. This FF/Latch will be trimmed during the optimization process.
WARNING:Xst:1293 - FF/Latch <y_7> has a constant value of 0 in block <sq_c_anim>. This FF/Latch will be trimmed during the optimization process.
WARNING:Xst:1293 - FF/Latch <y_8> has a constant value of 1 in block <sq_c_anim>. This FF/Latch will be trimmed during the optimization process.
WARNING:Xst:1293 - FF/Latch <y_9> has a constant value of 0 in block <sq_c_anim>. This FF/Latch will be trimmed during the optimization process.
WARNING:Xst:1293 - FF/Latch <y_10> has a constant value of 0 in block <sq_c_anim>. This FF/Latch will be trimmed during the optimization process.
WARNING:Xst:1293 - FF/Latch <y_11> has a constant value of 0 in block <sq_c_anim>. This FF/Latch will be trimmed during the optimization process.
WARNING:Xst:1293 - FF/Latch <y_0> has a constant value of 0 in block <sq_a_anim>. This FF/Latch will be trimmed during the optimization process.
WARNING:Xst:1293 - FF/Latch <y_1> has a constant value of 0 in block <sq_a_anim>. This FF/Latch will be trimmed during the optimization process.
WARNING:Xst:1293 - FF/Latch <y_2> has a constant value of 0 in block <sq_a_anim>. This FF/Latch will be trimmed during the optimization process.
WARNING:Xst:1293 - FF/Latch <y_3> has a constant value of 1 in block <sq_a_anim>. This FF/Latch will be trimmed during the optimization process.
WARNING:Xst:1293 - FF/Latch <y_4> has a constant value of 1 in block <sq_a_anim>. This FF/Latch will be trimmed during the optimization process.
WARNING:Xst:1293 - FF/Latch <y_5> has a constant value of 1 in block <sq_a_anim>. This FF/Latch will be trimmed during the optimization process.
WARNING:Xst:1293 - FF/Latch <y_6> has a constant value of 1 in block <sq_a_anim>. This FF/Latch will be trimmed during the optimization process.
WARNING:Xst:1293 - FF/Latch <y_7> has a constant value of 0 in block <sq_a_anim>. This FF/Latch will be trimmed during the optimization process.
WARNING:Xst:1293 - FF/Latch <y_8> has a constant value of 0 in block <sq_a_anim>. This FF/Latch will be trimmed during the optimization process.
WARNING:Xst:1293 - FF/Latch <y_9> has a constant value of 0 in block <sq_a_anim>. This FF/Latch will be trimmed during the optimization process.
WARNING:Xst:1293 - FF/Latch <y_10> has a constant value of 0 in block <sq_a_anim>. This FF/Latch will be trimmed during the optimization process.
WARNING:Xst:1293 - FF/Latch <y_11> has a constant value of 0 in block <sq_a_anim>. This FF/Latch will be trimmed during the optimization process.
WARNING:Xst:1293 - FF/Latch <y_0> has a constant value of 0 in block <sq_b_anim>. This FF/Latch will be trimmed during the optimization process.
WARNING:Xst:1293 - FF/Latch <y_1> has a constant value of 0 in block <sq_b_anim>. This FF/Latch will be trimmed during the optimization process.
WARNING:Xst:1293 - FF/Latch <y_2> has a constant value of 0 in block <sq_b_anim>. This FF/Latch will be trimmed during the optimization process.
WARNING:Xst:1293 - FF/Latch <y_3> has a constant value of 0 in block <sq_b_anim>. This FF/Latch will be trimmed during the optimization process.
WARNING:Xst:1293 - FF/Latch <y_4> has a constant value of 1 in block <sq_b_anim>. This FF/Latch will be trimmed during the optimization process.
WARNING:Xst:1293 - FF/Latch <y_5> has a constant value of 1 in block <sq_b_anim>. This FF/Latch will be trimmed during the optimization process.

Synthesizing (advanced) Unit <square_1>.
The following registers are absorbed into counter <x>: 1 register on signal <x>.
Unit <square_1> synthesized (advanced).

Synthesizing (advanced) Unit <square_2>.
The following registers are absorbed into counter <x>: 1 register on signal <x>.
Unit <square_2> synthesized (advanced).

Synthesizing (advanced) Unit <square_3>.
The following registers are absorbed into counter <x>: 1 register on signal <x>.
Unit <square_3> synthesized (advanced).

Synthesizing (advanced) Unit <vga640x480>.
The following registers are absorbed into counter <h_count>: 1 register on signal <h_count>.
Unit <vga640x480> synthesized (advanced).

=========================================================================
Advanced HDL Synthesis Report

Macro Statistics
# Adders/Subtractors                                   : 15
 10-bit adder                                          : 1
 11-bit subtractor                                     : 1
 12-bit adder                                          : 6
 12-bit subtractor                                     : 6
 17-bit adder                                          : 1
# Counters                                             : 4
 10-bit up counter                                     : 1
 12-bit up counter                                     : 3
# Registers                                            : 63
 Flip-Flops                                            : 63
# Comparators                                          : 22
 10-bit comparator greater                             : 4
 10-bit comparator lessequal                           : 3
 12-bit comparator greater                             : 12
 12-bit comparator lessequal                           : 3
# Multiplexers                                         : 4
 10-bit 2-to-1 multiplexer                             : 2
 32-bit 2-to-1 multiplexer                             : 2

=========================================================================

=========================================================================
*                         Low Level Synthesis                           *
=========================================================================
WARNING:Xst:1293 - FF/Latch <y_0> has a constant value of 0 in block <square_1>. This FF/Latch will be trimmed during the optimization process.
WARNING:Xst:1896 - Due to other FF/Latch trimming, FF/Latch <y_1> has a constant value of 0 in block <square_1>. This FF/Latch will be trimmed during the optimization process.
WARNING:Xst:1896 - Due to other FF/Latch trimming, FF/Latch <y_2> has a constant value of 0 in block <square_1>. This FF/Latch will be trimmed during the optimization process.
WARNING:Xst:1896 - Due to other FF/Latch trimming, FF/Latch <y_3> has a constant value of 1 in block <square_1>. This FF/Latch will be trimmed during the optimization process.
WARNING:Xst:1896 - Due to other FF/Latch trimming, FF/Latch <y_4> has a constant value of 1 in block <square_1>. This FF/Latch will be trimmed during the optimization process.
WARNING:Xst:1896 - Due to other FF/Latch trimming, FF/Latch <y_5> has a constant value of 1 in block <square_1>. This FF/Latch will be trimmed during the optimization process.
WARNING:Xst:1896 - Due to other FF/Latch trimming, FF/Latch <y_6> has a constant value of 1 in block <square_1>. This FF/Latch will be trimmed during the optimization process.
WARNING:Xst:1896 - Due to other FF/Latch trimming, FF/Latch <y_7> has a constant value of 0 in block <square_1>. This FF/Latch will be trimmed during the optimization process.
WARNING:Xst:1896 - Due to other FF/Latch trimming, FF/Latch <y_8> has a constant value of 0 in block <square_1>. This FF/Latch will be trimmed during the optimization process.
WARNING:Xst:1896 - Due to other FF/Latch trimming, FF/Latch <y_9> has a constant value of 0 in block <square_1>. This FF/Latch will be trimmed during the optimization process.
WARNING:Xst:1896 - Due to other FF/Latch trimming, FF/Latch <y_10> has a constant value of 0 in block <square_1>. This FF/Latch will be trimmed during the optimization process.
WARNING:Xst:1896 - Due to other FF/Latch trimming, FF/Latch <y_11> has a constant value of 0 in block <square_1>. This FF/Latch will be trimmed during the optimization process.
WARNING:Xst:1293 - FF/Latch <y_0> has a constant value of 0 in block <square_2>. This FF/Latch will be trimmed during the optimization process.
WARNING:Xst:1896 - Due to other FF/Latch trimming, FF/Latch <y_1> has a constant value of 0 in block <square_2>. This FF/Latch will be trimmed during the optimization process.
WARNING:Xst:1896 - Due to other FF/Latch trimming, FF/Latch <y_2> has a constant value of 0 in block <square_2>. This FF/Latch will be trimmed during the optimization process.
WARNING:Xst:1896 - Due to other FF/Latch trimming, FF/Latch <y_3> has a constant value of 0 in block <square_2>. This FF/Latch will be trimmed during the optimization process.
WARNING:Xst:1896 - Due to other FF/Latch trimming, FF/Latch <y_4> has a constant value of 1 in block <square_2>. This FF/Latch will be trimmed during the optimization process.
WARNING:Xst:1896 - Due to other FF/Latch trimming, FF/Latch <y_5> has a constant value of 1 in block <square_2>. This FF/Latch will be trimmed during the optimization process.
WARNING:Xst:1896 - Due to other FF/Latch trimming, FF/Latch <y_6> has a constant value of 1 in block <square_2>. This FF/Latch will be trimmed during the optimization process.
WARNING:Xst:1896 - Due to other FF/Latch trimming, FF/Latch <y_7> has a constant value of 1 in block <square_2>. This FF/Latch will be trimmed during the optimization process.
WARNING:Xst:1896 - Due to other FF/Latch trimming, FF/Latch <y_8> has a constant value of 0 in block <square_2>. This FF/Latch will be trimmed during the optimization process.
WARNING:Xst:1896 - Due to other FF/Latch trimming, FF/Latch <y_9> has a constant value of 0 in block <square_2>. This FF/Latch will be trimmed during the optimization process.
WARNING:Xst:1896 - Due to other FF/Latch trimming, FF/Latch <y_10> has a constant value of 0 in block <square_2>. This FF/Latch will be trimmed during the optimization process.
WARNING:Xst:1896 - Due to other FF/Latch trimming, FF/Latch <y_11> has a constant value of 0 in block <square_2>. This FF/Latch will be trimmed during the optimization process.
WARNING:Xst:1293 - FF/Latch <y_0> has a constant value of 0 in block <square_3>. This FF/Latch will be trimmed during the optimization process.
WARNING:Xst:1896 - Due to other FF/Latch trimming, FF/Latch <y_1> has a constant value of 0 in block <square_3>. This FF/Latch will be trimmed during the optimization process.
WARNING:Xst:1896 - Due to other FF/Latch trimming, FF/Latch <y_2> has a constant value of 0 in block <square_3>. This FF/Latch will be trimmed during the optimization process.
WARNING:Xst:1896 - Due to other FF/Latch trimming, FF/Latch <y_3> has a constant value of 1 in block <square_3>. This FF/Latch will be trimmed during the optimization process.
WARNING:Xst:1896 - Due to other FF/Latch trimming, FF/Latch <y_4> has a constant value of 0 in block <square_3>. This FF/Latch will be trimmed during the optimization process.
WARNING:Xst:1896 - Due to other FF/Latch trimming, FF/Latch <y_5> has a constant value of 1 in block <square_3>. This FF/Latch will be trimmed during the optimization process.
WARNING:Xst:1896 - Due to other FF/Latch trimming, FF/Latch <y_6> has a constant value of 1 in block <square_3>. This FF/Latch will be trimmed during the optimization process.
WARNING:Xst:1896 - Due to other FF/Latch trimming, FF/Latch <y_7> has a constant value of 0 in block <square_3>. This FF/Latch will be trimmed during the optimization process.
WARNING:Xst:1896 - Due to other FF/Latch trimming, FF/Latch <y_8> has a constant value of 1 in block <square_3>. This FF/Latch will be trimmed during the optimization process.
WARNING:Xst:1896 - Due to other FF/Latch trimming, FF/Latch <y_9> has a constant value of 0 in block <square_3>. This FF/Latch will be trimmed during the optimization process.
WARNING:Xst:1896 - Due to other FF/Latch trimming, FF/Latch <y_10> has a constant value of 0 in block <square_3>. This FF/Latch will be trimmed during the optimization process.
WARNING:Xst:1896 - Due to other FF/Latch trimming, FF/Latch <y_11> has a constant value of 0 in block <square_3>. This FF/Latch will be trimmed during the optimization process.
WARNING:Xst:2677 - Node <pix_stb> of sequential type is unconnected in block <top>.
WARNING:Xst:2677 - Node <cnt_0> of sequential type is unconnected in block <top>.
WARNING:Xst:2677 - Node <cnt_1> of sequential type is unconnected in block <top>.
WARNING:Xst:2677 - Node <cnt_2> of sequential type is unconnected in block <top>.
WARNING:Xst:2677 - Node <cnt_3> of sequential type is unconnected in block <top>.
WARNING:Xst:2677 - Node <cnt_4> of sequential type is unconnected in block <top>.
WARNING:Xst:2677 - Node <cnt_5> of sequential type is unconnected in block <top>.
WARNING:Xst:2677 - Node <cnt_6> of sequential type is unconnected in block <top>.
WARNING:Xst:2677 - Node <cnt_7> of sequential type is unconnected in block <top>.
WARNING:Xst:2677 - Node <cnt_8> of sequential type is unconnected in block <top>.
WARNING:Xst:2677 - Node <cnt_9> of sequential type is unconnected in block <top>.
WARNING:Xst:2677 - Node <cnt_10> of sequential type is unconnected in block <top>.
WARNING:Xst:2677 - Node <cnt_11> of sequential type is unconnected in block <top>.
WARNING:Xst:2677 - Node <cnt_12> of sequential type is unconnected in block <top>.

Optimizing unit <top> ...

Optimizing unit <vga640x480> ...
WARNING:Xst:1293 - FF/Latch <sq_a_anim/x_10> has a constant value of 0 in block <top>. This FF/Latch will be trimmed during the optimization process.
WARNING:Xst:1896 - Due to other FF/Latch trimming, FF/Latch <sq_a_anim/x_11> has a constant value of 0 in block <top>. This FF/Latch will be trimmed during the optimization process.
WARNING:Xst:1896 - Due to other FF/Latch trimming, FF/Latch <sq_b_anim/x_10> has a constant value of 0 in block <top>. This FF/Latch will be trimmed during the optimization process.
WARNING:Xst:1896 - Due to other FF/Latch trimming, FF/Latch <sq_b_anim/x_11> has a constant value of 0 in block <top>. This FF/Latch will be trimmed during the optimization process.
WARNING:Xst:1896 - Due to other FF/Latch trimming, FF/Latch <sq_c_anim/x_10> has a constant value of 0 in block <top>. This FF/Latch will be trimmed during the optimization process.
WARNING:Xst:1896 - Due to other FF/Latch trimming, FF/Latch <sq_c_anim/x_11> has a constant value of 0 in block <top>. This FF/Latch will be trimmed during the optimization process.

Mapping all equations...
Building and optimizing final netlist ...
Found area constraint ratio of 100 (+ 5) on block top, actual ratio is 6.

Final Macro Processing ...

=========================================================================
Final Register Report

Macro Statistics
# Registers                                            : 53
 Flip-Flops                                            : 53

=========================================================================

=========================================================================
*                           Partition Report                            *
=========================================================================

Partition Implementation Status
-------------------------------

  No Partitions were found in this design.

-------------------------------

=========================================================================
*                            Design Summary                             *
=========================================================================

Top Level Output File Name         : top.ngc

Primitive and Black Box Usage:
------------------------------
# BELS                             : 419
#      GND                         : 1
#      INV                         : 8
#      LUT1                        : 36
#      LUT2                        : 34
#      LUT3                        : 24
#      LUT4                        : 73
#      LUT5                        : 54
#      LUT6                        : 78
#      MUXCY                       : 70
#      VCC                         : 1
#      XORCY                       : 40
# FlipFlops/Latches                : 53
#      FD                          : 43
#      FDRE                        : 10
# Clock Buffers                    : 1
#      BUFGP                       : 1
# IO Buffers                       : 11
#      IBUF                        : 1
#      OBUF                        : 10

Device utilization summary:
---------------------------

Selected Device : 6slx9csg324-3 


Slice Logic Utilization: 
 Number of Slice Registers:              53  out of  11440     0%  
 Number of Slice LUTs:                  307  out of   5720     5%  
    Number used as Logic:               307  out of   5720     5%  

Slice Logic Distribution: 
 Number of LUT Flip Flop pairs used:    307
   Number with an unused Flip Flop:     254  out of    307    82%  
   Number with an unused LUT:             0  out of    307     0%  
   Number of fully used LUT-FF pairs:    53  out of    307    17%  
   Number of unique control sets:         2

IO Utilization: 
 Number of IOs:                          12
 Number of bonded IOBs:                  12  out of    200     6%  

Specific Feature Utilization:
 Number of BUFG/BUFGCTRLs:                1  out of     16     6%  

---------------------------
Partition Resource Summary:
---------------------------

  No Partitions were found in this design.

---------------------------


=========================================================================
Timing Report

NOTE: THESE TIMING NUMBERS ARE ONLY A SYNTHESIS ESTIMATE.
      FOR ACCURATE TIMING INFORMATION PLEASE REFER TO THE TRACE REPORT
      GENERATED AFTER PLACE-and-ROUTE.

Clock Information:
------------------
-----------------------------------+------------------------+-------+
Clock Signal                       | Clock buffer(FF name)  | Load  |
-----------------------------------+------------------------+-------+
CLK                                | BUFGP                  | 53    |
-----------------------------------+------------------------+-------+

Asynchronous Control Signals Information:
----------------------------------------
No asynchronous control signals found in this design

Timing Summary:
---------------
Speed Grade: -3

   Minimum period: 5.065ns (Maximum Frequency: 197.435MHz)
   Minimum input arrival time before clock: 4.389ns
   Maximum output required time after clock: 10.319ns
   Maximum combinational path delay: No path found

Timing Details:
---------------
All values displayed in nanoseconds (ns)

=========================================================================
Timing constraint: Default period analysis for Clock 'CLK'
  Clock period: 5.065ns (frequency: 197.435MHz)
  Total number of paths / destination ports: 1838 / 73
-------------------------------------------------------------------------
Delay:               5.065ns (Levels of Logic = 3)
  Source:            display/h_count_7 (FF)
  Destination:       display/v_count_9 (FF)
  Source Clock:      CLK rising
  Destination Clock: CLK rising

  Data Path: display/h_count_7 to display/v_count_9
                                Gate     Net
    Cell:in->out      fanout   Delay   Delay  Logical Name (Net Name)
    ----------------------------------------  ------------
     FD:C->Q              14   0.447   1.062  display/h_count_7 (display/h_count_7)
     LUT5:I3->O            3   0.203   0.651  display/GND_2_o_GND_2_o_equal_15_o<9>_SW0 (N18)
     LUT6:I5->O           21   0.205   1.114  display/GND_2_o_GND_2_o_equal_15_o<9> (display/GND_2_o_GND_2_o_equal_15_o)
     LUT3:I2->O           10   0.205   0.856  display/_n0087_inv1 (display/_n0087_inv)
     FDRE:CE                   0.322          display/v_count_0
    ----------------------------------------
    Total                      5.065ns (1.382ns logic, 3.683ns route)
                                       (27.3% logic, 72.7% route)

=========================================================================
Timing constraint: Default OFFSET IN BEFORE for Clock 'CLK'
  Total number of paths / destination ports: 56 / 50
-------------------------------------------------------------------------
Offset:              4.389ns (Levels of Logic = 3)
  Source:            RST_BTN (PAD)
  Destination:       sq_c_anim/x_6 (FF)
  Destination Clock: CLK rising

  Data Path: RST_BTN to sq_c_anim/x_6
                                Gate     Net
    Cell:in->out      fanout   Delay   Delay  Logical Name (Net Name)
    ----------------------------------------  ------------
     IBUF:I->O            47   1.222   1.849  RST_BTN_IBUF (RST_BTN_IBUF)
     LUT5:I0->O            1   0.203   0.808  sq_c_anim/Mcount_x_val2_SW6 (N77)
     LUT6:I3->O            1   0.205   0.000  sq_c_anim/x_6_glue_rst (sq_c_anim/x_6_glue_rst)
     FD:D                      0.102          sq_c_anim/x_6
    ----------------------------------------
    Total                      4.389ns (1.732ns logic, 2.657ns route)
                                       (39.5% logic, 60.5% route)

=========================================================================
Timing constraint: Default OFFSET OUT AFTER for Clock 'CLK'
  Total number of paths / destination ports: 3795 / 10
-------------------------------------------------------------------------
Offset:              10.319ns (Levels of Logic = 8)
  Source:            sq_b_anim/x_2 (FF)
  Destination:       VGA_G<2> (PAD)
  Source Clock:      CLK rising

  Data Path: sq_b_anim/x_2 to VGA_G<2>
                                Gate     Net
    Cell:in->out      fanout   Delay   Delay  Logical Name (Net Name)
    ----------------------------------------  ------------
     FD:C->Q              17   0.447   1.132  sq_b_anim/x_2 (sq_b_anim/x_2)
     LUT2:I0->O            1   0.203   0.580  sq_b_anim/Msub_o_x1_xor<11>121 (sq_b_anim/Msub_o_x1_xor<11>12)
     LUT6:I5->O            4   0.205   0.684  sq_b_anim/Msub_o_x1_xor<9>111 (sq_b_anim/Msub_o_x1_xor<9>11)
     LUT5:I4->O            2   0.205   0.961  sq_b_anim/Msub_o_x1_xor<9>12 (sq_b_x1<9>)
     LUT5:I0->O            0   0.203   0.000  Mcompar_sq_b_x1[11]_GND_1_o_LessThan_9_o_lutdi4 (Mcompar_sq_b_x1[11]_GND_1_o_LessThan_9_o_lutdi4)
     MUXCY:DI->O           1   0.339   0.808  Mcompar_sq_b_x1[11]_GND_1_o_LessThan_9_o_cy<4> (Mcompar_sq_b_x1[11]_GND_1_o_LessThan_9_o_cy<4>)
     LUT3:I0->O            1   0.205   0.924  Mcompar_sq_b_x1[11]_GND_1_o_LessThan_9_o_cy<5> (Mcompar_sq_b_x1[11]_GND_1_o_LessThan_9_o_cy<5>)
     LUT6:I1->O            3   0.203   0.650  sq_b_x1[11]_GND_1_o_AND_13_o (VGA_G_0_OBUF)
     OBUF:I->O                 2.571          VGA_G_2_OBUF (VGA_G<2>)
    ----------------------------------------
    Total                     10.319ns (4.581ns logic, 5.738ns route)
                                       (44.4% logic, 55.6% route)

=========================================================================

Cross Clock Domains Report:
--------------------------

Clock to Setup on destination clock CLK
---------------+---------+---------+---------+---------+
               | Src:Rise| Src:Fall| Src:Rise| Src:Fall|
Source Clock   |Dest:Rise|Dest:Rise|Dest:Fall|Dest:Fall|
---------------+---------+---------+---------+---------+
CLK            |    5.065|         |         |         |
---------------+---------+---------+---------+---------+

=========================================================================


Total REAL time to Xst completion: 13.00 secs
Total CPU time to Xst completion: 10.32 secs
 
--> 


Total memory usage is 395896 kilobytes

Number of errors   :    0 (   0 filtered)
Number of warnings :  118 (   0 filtered)
Number of infos    :    3 (   0 filtered)

