Release 14.7 Map P.20131013 (lin64)
Xilinx Mapping Report File for Design 'VGADemo'

Design Information
------------------
Command Line   : map -intstyle ise -p xc6slx9-csg324-3 -w -logic_opt off -ol
high -t 1 -xt 0 -register_duplication off -r 4 -global_opt off -mt off -ir off
-pr off -lc off -power off -o VGADemo_map.ncd VGADemo.ngd VGADemo.pcf 
Target Device  : xc6slx9
Target Package : csg324
Target Speed   : -3
Mapper Version : spartan6 -- $Revision: 1.55 $
Mapped Date    : Tue Nov 12 18:16:30 2019

Design Summary
--------------
Number of errors   :  40
Number of warnings :   0

Section 1 - Errors
------------------
ERROR:MapLib:979 - LUT4 symbol
   "Mcompar_CounterX[9]_vert1[9]_LessThan_6_o_lut<0>" (output
   signal=Mcompar_CounterX[9]_vert1[9]_LessThan_6_o_lut<0>) has input signal
   "frog1/Madd_vert1[9]_GND_3_o_add_9_OUT_cy<0>" which will be trimmed. See
   Section 5 of the Map Report File for details about why the input signal will
   become undriven.
ERROR:MapLib:979 - LUT4 symbol
   "Mcompar_CounterX[9]_vert1[9]_LessThan_6_o_lut<0>" (output
   signal=Mcompar_CounterX[9]_vert1[9]_LessThan_6_o_lut<0>) has input signal
   "frog1/Madd_vert1[9]_GND_3_o_add_9_OUT_lut<1>" which will be trimmed. See
   Section 5 of the Map Report File for details about why the input signal will
   become undriven.
ERROR:MapLib:979 - LUT4 symbol
   "Mcompar_CounterX[9]_vert1[9]_LessThan_6_o_lut<1>" (output
   signal=Mcompar_CounterX[9]_vert1[9]_LessThan_6_o_lut<1>) has input signal
   "frog1/Madd_vert1[9]_GND_3_o_add_9_OUT_lut<2>" which will be trimmed. See
   Section 5 of the Map Report File for details about why the input signal will
   become undriven.
ERROR:MapLib:979 - LUT4 symbol
   "Mcompar_CounterX[9]_vert1[9]_LessThan_6_o_lut<1>" (output
   signal=Mcompar_CounterX[9]_vert1[9]_LessThan_6_o_lut<1>) has input signal
   "frog1/Madd_vert1[9]_GND_3_o_add_9_OUT_lut<3>" which will be trimmed. See
   Section 5 of the Map Report File for details about why the input signal will
   become undriven.
ERROR:MapLib:979 - LUT4 symbol
   "Mcompar_CounterX[9]_vert1[9]_LessThan_6_o_lut<2>" (output
   signal=Mcompar_CounterX[9]_vert1[9]_LessThan_6_o_lut<2>) has input signal
   "frog1/Madd_vert1[9]_GND_3_o_add_9_OUT_lut<4>" which will be trimmed. See
   Section 5 of the Map Report File for details about why the input signal will
   become undriven.
ERROR:MapLib:979 - LUT4 symbol
   "Mcompar_CounterX[9]_vert1[9]_LessThan_6_o_lut<2>" (output
   signal=Mcompar_CounterX[9]_vert1[9]_LessThan_6_o_lut<2>) has input signal
   "frog1/Madd_vert1[9]_GND_3_o_add_9_OUT_lut<5>" which will be trimmed. See
   Section 5 of the Map Report File for details about why the input signal will
   become undriven.
ERROR:MapLib:979 - LUT4 symbol
   "Mcompar_CounterX[9]_vert1[9]_LessThan_6_o_lut<3>" (output
   signal=Mcompar_CounterX[9]_vert1[9]_LessThan_6_o_lut<3>) has input signal
   "frog1/Madd_vert1[9]_GND_3_o_add_9_OUT_lut<6>" which will be trimmed. See
   Section 5 of the Map Report File for details about why the input signal will
   become undriven.
ERROR:MapLib:979 - LUT4 symbol
   "Mcompar_CounterX[9]_vert1[9]_LessThan_6_o_lut<3>" (output
   signal=Mcompar_CounterX[9]_vert1[9]_LessThan_6_o_lut<3>) has input signal
   "frog1/Madd_vert1[9]_GND_3_o_add_9_OUT_lut<7>" which will be trimmed. See
   Section 5 of the Map Report File for details about why the input signal will
   become undriven.
ERROR:MapLib:979 - LUT4 symbol
   "Mcompar_CounterX[9]_vert1[9]_LessThan_6_o_lut<4>" (output
   signal=Mcompar_CounterX[9]_vert1[9]_LessThan_6_o_lut<4>) has input signal
   "frog1/Madd_vert1[9]_GND_3_o_add_9_OUT_lut<8>" which will be trimmed. See
   Section 5 of the Map Report File for details about why the input signal will
   become undriven.
ERROR:MapLib:979 - LUT4 symbol
   "Mcompar_CounterX[9]_vert1[9]_LessThan_6_o_lut<4>" (output
   signal=Mcompar_CounterX[9]_vert1[9]_LessThan_6_o_lut<4>) has input signal
   "frog1/Madd_vert1[9]_GND_3_o_add_9_OUT_lut<9>" which will be trimmed. See
   Section 5 of the Map Report File for details about why the input signal will
   become undriven.
ERROR:MapLib:979 - LUT4 symbol "Mcompar_CounterX[9]_vert1[9]_LessThan_6_o_lutdi"
   (output signal=Mcompar_CounterX[9]_vert1[9]_LessThan_6_o_lutdi) has input
   signal "frog1/Madd_vert1[9]_GND_3_o_add_9_OUT_cy<0>" which will be trimmed.
   See Section 5 of the Map Report File for details about why the input signal
   will become undriven.
ERROR:MapLib:979 - LUT4 symbol "Mcompar_CounterX[9]_vert1[9]_LessThan_6_o_lutdi"
   (output signal=Mcompar_CounterX[9]_vert1[9]_LessThan_6_o_lutdi) has input
   signal "frog1/Madd_vert1[9]_GND_3_o_add_9_OUT_lut<1>" which will be trimmed.
   See Section 5 of the Map Report File for details about why the input signal
   will become undriven.
ERROR:MapLib:979 - LUT4 symbol
   "Mcompar_CounterX[9]_vert1[9]_LessThan_6_o_lutdi1" (output
   signal=Mcompar_CounterX[9]_vert1[9]_LessThan_6_o_lutdi1) has input signal
   "frog1/Madd_vert1[9]_GND_3_o_add_9_OUT_lut<2>" which will be trimmed. See
   Section 5 of the Map Report File for details about why the input signal will
   become undriven.
ERROR:MapLib:979 - LUT4 symbol
   "Mcompar_CounterX[9]_vert1[9]_LessThan_6_o_lutdi1" (output
   signal=Mcompar_CounterX[9]_vert1[9]_LessThan_6_o_lutdi1) has input signal
   "frog1/Madd_vert1[9]_GND_3_o_add_9_OUT_lut<3>" which will be trimmed. See
   Section 5 of the Map Report File for details about why the input signal will
   become undriven.
ERROR:MapLib:979 - LUT4 symbol
   "Mcompar_CounterX[9]_vert1[9]_LessThan_6_o_lutdi2" (output
   signal=Mcompar_CounterX[9]_vert1[9]_LessThan_6_o_lutdi2) has input signal
   "frog1/Madd_vert1[9]_GND_3_o_add_9_OUT_lut<4>" which will be trimmed. See
   Section 5 of the Map Report File for details about why the input signal will
   become undriven.
ERROR:MapLib:979 - LUT4 symbol
   "Mcompar_CounterX[9]_vert1[9]_LessThan_6_o_lutdi2" (output
   signal=Mcompar_CounterX[9]_vert1[9]_LessThan_6_o_lutdi2) has input signal
   "frog1/Madd_vert1[9]_GND_3_o_add_9_OUT_lut<5>" which will be trimmed. See
   Section 5 of the Map Report File for details about why the input signal will
   become undriven.
ERROR:MapLib:979 - LUT4 symbol
   "Mcompar_CounterX[9]_vert1[9]_LessThan_6_o_lutdi3" (output
   signal=Mcompar_CounterX[9]_vert1[9]_LessThan_6_o_lutdi3) has input signal
   "frog1/Madd_vert1[9]_GND_3_o_add_9_OUT_lut<6>" which will be trimmed. See
   Section 5 of the Map Report File for details about why the input signal will
   become undriven.
ERROR:MapLib:979 - LUT4 symbol
   "Mcompar_CounterX[9]_vert1[9]_LessThan_6_o_lutdi3" (output
   signal=Mcompar_CounterX[9]_vert1[9]_LessThan_6_o_lutdi3) has input signal
   "frog1/Madd_vert1[9]_GND_3_o_add_9_OUT_lut<7>" which will be trimmed. See
   Section 5 of the Map Report File for details about why the input signal will
   become undriven.
ERROR:MapLib:979 - LUT4 symbol
   "Mcompar_CounterX[9]_vert1[9]_LessThan_6_o_lutdi4" (output
   signal=Mcompar_CounterX[9]_vert1[9]_LessThan_6_o_lutdi4) has input signal
   "frog1/Madd_vert1[9]_GND_3_o_add_9_OUT_lut<8>" which will be trimmed. See
   Section 5 of the Map Report File for details about why the input signal will
   become undriven.
ERROR:MapLib:979 - LUT4 symbol
   "Mcompar_CounterX[9]_vert1[9]_LessThan_6_o_lutdi4" (output
   signal=Mcompar_CounterX[9]_vert1[9]_LessThan_6_o_lutdi4) has input signal
   "frog1/Madd_vert1[9]_GND_3_o_add_9_OUT_lut<9>" which will be trimmed. See
   Section 5 of the Map Report File for details about why the input signal will
   become undriven.
ERROR:MapLib:978 - LUT4 symbol
   "Mcompar_CounterX[9]_vert1[9]_LessThan_6_o_lut<0>" (output
   signal=Mcompar_CounterX[9]_vert1[9]_LessThan_6_o_lut<0>) has an equation that
   uses input pin I0, which no longer has a connected signal. Please ensure that
   all the pins used in the equation for this LUT have signals that are not
   trimmed (see Section 5 of the Map Report File for details on which signals
   were trimmed).
ERROR:MapLib:978 - LUT4 symbol
   "Mcompar_CounterX[9]_vert1[9]_LessThan_6_o_lut<0>" (output
   signal=Mcompar_CounterX[9]_vert1[9]_LessThan_6_o_lut<0>) has an equation that
   uses input pin I2, which no longer has a connected signal. Please ensure that
   all the pins used in the equation for this LUT have signals that are not
   trimmed (see Section 5 of the Map Report File for details on which signals
   were trimmed).
ERROR:MapLib:978 - LUT4 symbol
   "Mcompar_CounterX[9]_vert1[9]_LessThan_6_o_lut<1>" (output
   signal=Mcompar_CounterX[9]_vert1[9]_LessThan_6_o_lut<1>) has an equation that
   uses input pin I0, which no longer has a connected signal. Please ensure that
   all the pins used in the equation for this LUT have signals that are not
   trimmed (see Section 5 of the Map Report File for details on which signals
   were trimmed).
ERROR:MapLib:978 - LUT4 symbol
   "Mcompar_CounterX[9]_vert1[9]_LessThan_6_o_lut<1>" (output
   signal=Mcompar_CounterX[9]_vert1[9]_LessThan_6_o_lut<1>) has an equation that
   uses input pin I2, which no longer has a connected signal. Please ensure that
   all the pins used in the equation for this LUT have signals that are not
   trimmed (see Section 5 of the Map Report File for details on which signals
   were trimmed).
ERROR:MapLib:978 - LUT4 symbol
   "Mcompar_CounterX[9]_vert1[9]_LessThan_6_o_lut<2>" (output
   signal=Mcompar_CounterX[9]_vert1[9]_LessThan_6_o_lut<2>) has an equation that
   uses input pin I0, which no longer has a connected signal. Please ensure that
   all the pins used in the equation for this LUT have signals that are not
   trimmed (see Section 5 of the Map Report File for details on which signals
   were trimmed).
ERROR:MapLib:978 - LUT4 symbol
   "Mcompar_CounterX[9]_vert1[9]_LessThan_6_o_lut<2>" (output
   signal=Mcompar_CounterX[9]_vert1[9]_LessThan_6_o_lut<2>) has an equation that
   uses input pin I2, which no longer has a connected signal. Please ensure that
   all the pins used in the equation for this LUT have signals that are not
   trimmed (see Section 5 of the Map Report File for details on which signals
   were trimmed).
ERROR:MapLib:978 - LUT4 symbol
   "Mcompar_CounterX[9]_vert1[9]_LessThan_6_o_lut<3>" (output
   signal=Mcompar_CounterX[9]_vert1[9]_LessThan_6_o_lut<3>) has an equation that
   uses input pin I0, which no longer has a connected signal. Please ensure that
   all the pins used in the equation for this LUT have signals that are not
   trimmed (see Section 5 of the Map Report File for details on which signals
   were trimmed).
ERROR:MapLib:978 - LUT4 symbol
   "Mcompar_CounterX[9]_vert1[9]_LessThan_6_o_lut<3>" (output
   signal=Mcompar_CounterX[9]_vert1[9]_LessThan_6_o_lut<3>) has an equation that
   uses input pin I2, which no longer has a connected signal. Please ensure that
   all the pins used in the equation for this LUT have signals that are not
   trimmed (see Section 5 of the Map Report File for details on which signals
   were trimmed).
ERROR:MapLib:978 - LUT4 symbol
   "Mcompar_CounterX[9]_vert1[9]_LessThan_6_o_lut<4>" (output
   signal=Mcompar_CounterX[9]_vert1[9]_LessThan_6_o_lut<4>) has an equation that
   uses input pin I0, which no longer has a connected signal. Please ensure that
   all the pins used in the equation for this LUT have signals that are not
   trimmed (see Section 5 of the Map Report File for details on which signals
   were trimmed).
ERROR:MapLib:978 - LUT4 symbol
   "Mcompar_CounterX[9]_vert1[9]_LessThan_6_o_lut<4>" (output
   signal=Mcompar_CounterX[9]_vert1[9]_LessThan_6_o_lut<4>) has an equation that
   uses input pin I2, which no longer has a connected signal. Please ensure that
   all the pins used in the equation for this LUT have signals that are not
   trimmed (see Section 5 of the Map Report File for details on which signals
   were trimmed).
ERROR:MapLib:978 - LUT4 symbol "Mcompar_CounterX[9]_vert1[9]_LessThan_6_o_lutdi"
   (output signal=Mcompar_CounterX[9]_vert1[9]_LessThan_6_o_lutdi) has an
   equation that uses input pin I2, which no longer has a connected signal.
   Please ensure that all the pins used in the equation for this LUT have
   signals that are not trimmed (see Section 5 of the Map Report File for
   details on which signals were trimmed).
ERROR:MapLib:978 - LUT4 symbol "Mcompar_CounterX[9]_vert1[9]_LessThan_6_o_lutdi"
   (output signal=Mcompar_CounterX[9]_vert1[9]_LessThan_6_o_lutdi) has an
   equation that uses input pin I3, which no longer has a connected signal.
   Please ensure that all the pins used in the equation for this LUT have
   signals that are not trimmed (see Section 5 of the Map Report File for
   details on which signals were trimmed).
ERROR:MapLib:978 - LUT4 symbol
   "Mcompar_CounterX[9]_vert1[9]_LessThan_6_o_lutdi1" (output
   signal=Mcompar_CounterX[9]_vert1[9]_LessThan_6_o_lutdi1) has an equation that
   uses input pin I2, which no longer has a connected signal. Please ensure that
   all the pins used in the equation for this LUT have signals that are not
   trimmed (see Section 5 of the Map Report File for details on which signals
   were trimmed).
ERROR:MapLib:978 - LUT4 symbol
   "Mcompar_CounterX[9]_vert1[9]_LessThan_6_o_lutdi1" (output
   signal=Mcompar_CounterX[9]_vert1[9]_LessThan_6_o_lutdi1) has an equation that
   uses input pin I3, which no longer has a connected signal. Please ensure that
   all the pins used in the equation for this LUT have signals that are not
   trimmed (see Section 5 of the Map Report File for details on which signals
   were trimmed).
ERROR:MapLib:978 - LUT4 symbol
   "Mcompar_CounterX[9]_vert1[9]_LessThan_6_o_lutdi2" (output
   signal=Mcompar_CounterX[9]_vert1[9]_LessThan_6_o_lutdi2) has an equation that
   uses input pin I2, which no longer has a connected signal. Please ensure that
   all the pins used in the equation for this LUT have signals that are not
   trimmed (see Section 5 of the Map Report File for details on which signals
   were trimmed).
ERROR:MapLib:978 - LUT4 symbol
   "Mcompar_CounterX[9]_vert1[9]_LessThan_6_o_lutdi2" (output
   signal=Mcompar_CounterX[9]_vert1[9]_LessThan_6_o_lutdi2) has an equation that
   uses input pin I3, which no longer has a connected signal. Please ensure that
   all the pins used in the equation for this LUT have signals that are not
   trimmed (see Section 5 of the Map Report File for details on which signals
   were trimmed).
ERROR:MapLib:978 - LUT4 symbol
   "Mcompar_CounterX[9]_vert1[9]_LessThan_6_o_lutdi3" (output
   signal=Mcompar_CounterX[9]_vert1[9]_LessThan_6_o_lutdi3) has an equation that
   uses input pin I2, which no longer has a connected signal. Please ensure that
   all the pins used in the equation for this LUT have signals that are not
   trimmed (see Section 5 of the Map Report File for details on which signals
   were trimmed).
ERROR:MapLib:978 - LUT4 symbol
   "Mcompar_CounterX[9]_vert1[9]_LessThan_6_o_lutdi3" (output
   signal=Mcompar_CounterX[9]_vert1[9]_LessThan_6_o_lutdi3) has an equation that
   uses input pin I3, which no longer has a connected signal. Please ensure that
   all the pins used in the equation for this LUT have signals that are not
   trimmed (see Section 5 of the Map Report File for details on which signals
   were trimmed).
ERROR:MapLib:978 - LUT4 symbol
   "Mcompar_CounterX[9]_vert1[9]_LessThan_6_o_lutdi4" (output
   signal=Mcompar_CounterX[9]_vert1[9]_LessThan_6_o_lutdi4) has an equation that
   uses input pin I2, which no longer has a connected signal. Please ensure that
   all the pins used in the equation for this LUT have signals that are not
   trimmed (see Section 5 of the Map Report File for details on which signals
   were trimmed).
ERROR:MapLib:978 - LUT4 symbol
   "Mcompar_CounterX[9]_vert1[9]_LessThan_6_o_lutdi4" (output
   signal=Mcompar_CounterX[9]_vert1[9]_LessThan_6_o_lutdi4) has an equation that
   uses input pin I3, which no longer has a connected signal. Please ensure that
   all the pins used in the equation for this LUT have signals that are not
   trimmed (see Section 5 of the Map Report File for details on which signals
   were trimmed).

Section 2 - Warnings
--------------------

Section 3 - Informational
-------------------------
INFO:MapLib:562 - No environment variables are currently set.

Section 4 - Removed Logic Summary
---------------------------------
  14 block(s) removed
   2 block(s) optimized away
  14 signal(s) removed

Section 5 - Removed Logic
-------------------------

The trimmed logic reported below is either:
   1. part of a cycle
   2. part of disabled logic
   3. a side-effect of other trimmed logic

The signal "frog1/GND_3_o_GND_3_o_equal_9_o" is unused and has been removed.
 Unused block "frog1/GND_3_o_GND_3_o_equal_9_o<9>" (ROM) removed.
  The signal "frog1/Madd_vert1[9]_GND_3_o_add_9_OUT_lut<9>" is unused and has been
removed.
   Unused block "frog1/Mmux_vert110" (ROM) removed.
    The signal "frog1/Madd_vert1[9]_GND_3_o_add_9_OUT_lut<7>" is unused and has been
removed.
     Unused block "frog1/Mmux_vert181" (ROM) removed.
      The signal "frog1/Madd_vert1[9]_GND_3_o_add_9_OUT_cy<4>" is unused and has been
removed.
       Unused block "frog1/Madd_vert1[9]_GND_3_o_add_9_OUT_cy<4>11" (ROM) removed.
        The signal "frog1/Madd_vert1[9]_GND_3_o_add_9_OUT_lut<4>" is unused and has been
removed.
         Unused block "frog1/Mmux_vert151" (ROM) removed.
          The signal "frog1/Madd_vert1[9]_GND_3_o_add_9_OUT_lut<3>" is unused and has been
removed.
           Unused block "frog1/Mmux_vert141" (ROM) removed.
            The signal "frog1/Madd_vert1[9]_GND_3_o_add_9_OUT_lut<2>" is unused and has been
removed.
             Unused block "frog1/Mmux_vert131" (ROM) removed.
              The signal "frog1/Madd_vert1[9]_GND_3_o_add_9_OUT_cy<0>" is unused and has been
removed.
               Unused block "frog1/Mmux_vert111" (ROM) removed.
              The signal "frog1/Madd_vert1[9]_GND_3_o_add_9_OUT_lut<1>" is unused and has been
removed.
               Unused block "frog1/Mmux_vert121" (ROM) removed.
      The signal "frog1/Madd_vert1[9]_GND_3_o_add_9_OUT_lut<5>" is unused and has been
removed.
       Unused block "frog1/Mmux_vert161" (ROM) removed.
      The signal "frog1/Madd_vert1[9]_GND_3_o_add_9_OUT_lut<6>" is unused and has been
removed.
       Unused block "frog1/Mmux_vert171" (ROM) removed.
    The signal "frog1/Madd_vert1[9]_GND_3_o_add_9_OUT_lut<8>" is unused and has been
removed.
     Unused block "frog1/Mmux_vert191" (ROM) removed.
    The signal "N6" is unused and has been removed.
     Unused block "frog1/Mmux_vert110_SW0" (ROM) removed.
  The signal "N4" is unused and has been removed.
   Unused block "frog1/GND_3_o_GND_3_o_equal_9_o<9>_SW0" (ROM) removed.

Optimized Block(s):
TYPE 		BLOCK
GND 		XST_GND
VCC 		XST_VCC
