#! /usr/local/bin/vvp
:ivl_version "11.0 (devel)" "(s20150603-653-g41ac0b26)";
:ivl_delay_selection "TYPICAL";
:vpi_time_precision - 12;
:vpi_module "system";
:vpi_module "vhdl_sys";
:vpi_module "vhdl_textio";
:vpi_module "v2005_math";
:vpi_module "va_math";
S_0x55662e3b4640 .scope module, "tb" "tb" 2 3;
 .timescale -9 -12;
v0x55662e408970_0 .var "clk", 0 0;
v0x55662e408a30_0 .var "down", 0 0;
v0x55662e408b40_0 .var "left", 0 0;
v0x55662e408c30_0 .var "reset", 0 0;
v0x55662e408d20_0 .var "right", 0 0;
v0x55662e408e60_0 .var "up", 0 0;
S_0x55662e3b47d0 .scope module, "frog1" "VGAWrite" 2 42, 3 131 0, S_0x55662e3b4640;
 .timescale -9 -12;
    .port_info 0 /INPUT 1 "clk";
    .port_info 1 /INPUT 1 "sw4";
    .port_info 2 /INPUT 1 "sw3";
    .port_info 3 /INPUT 1 "sw1";
    .port_info 4 /INPUT 1 "sw2";
    .port_info 5 /INPUT 1 "sw5";
    .port_info 6 /OUTPUT 3 "pixel";
    .port_info 7 /OUTPUT 1 "hsync_out";
    .port_info 8 /OUTPUT 1 "vsync_out";
v0x55662e407760_0 .net "CounterX", 9 0, v0x55662e406950_0;  1 drivers
v0x55662e407840_0 .net "CounterY", 8 0, v0x55662e406b10_0;  1 drivers
v0x55662e4078e0_0 .net "HfrogPos", 7 0, v0x55662e3af1f0_0;  1 drivers
v0x55662e407980_0 .net "VfrogPos", 2 0, v0x55662e4059c0_0;  1 drivers
L_0x7fee0c6ed018 .functor BUFT 1, C4<11>, C4<0>, C4<0>, C4<0>;
v0x55662e407a50_0 .net/2u *"_s0", 1 0, L_0x7fee0c6ed018;  1 drivers
v0x55662e407af0_0 .net "clk", 0 0, v0x55662e408970_0;  1 drivers
v0x55662e407b90_0 .net "clk_25", 0 0, L_0x55662e408f50;  1 drivers
v0x55662e407c60_0 .var "clk_counter", 1 0;
v0x55662e407d00_0 .var "drawHorizPosition", 7 0;
v0x55662e407de0_0 .net "hsync_out", 0 0, L_0x55662e3ac0b0;  1 drivers
v0x55662e407eb0_0 .net "inDisplayArea", 0 0, v0x55662e4072e0_0;  1 drivers
v0x55662e407f80_0 .var "pixel", 2 0;
v0x55662e408020_0 .net "sw1", 0 0, v0x55662e408b40_0;  1 drivers
v0x55662e4080f0_0 .net "sw2", 0 0, v0x55662e408d20_0;  1 drivers
v0x55662e4081c0_0 .net "sw3", 0 0, v0x55662e408a30_0;  1 drivers
v0x55662e408290_0 .net "sw4", 0 0, v0x55662e408e60_0;  1 drivers
v0x55662e408360_0 .net "sw5", 0 0, v0x55662e408c30_0;  1 drivers
v0x55662e408430_0 .net "vert1", 7 0, v0x55662e406020_0;  1 drivers
v0x55662e408500_0 .net "vert2", 7 0, v0x55662e406100_0;  1 drivers
v0x55662e4085d0_0 .net "vert3", 7 0, v0x55662e4061e0_0;  1 drivers
v0x55662e4086a0_0 .net "vert5", 7 0, v0x55662e4062c0_0;  1 drivers
v0x55662e408770_0 .net "vert6", 7 0, v0x55662e4063a0_0;  1 drivers
v0x55662e408840_0 .net "vsync_out", 0 0, L_0x55662e3ad630;  1 drivers
L_0x55662e408f50 .cmp/eq 2, v0x55662e407c60_0, L_0x7fee0c6ed018;
S_0x55662e3c2450 .scope module, "frogLogic" "frogger" 3 169, 3 2 0, S_0x55662e3b47d0;
 .timescale -9 -12;
    .port_info 0 /INPUT 1 "clk";
    .port_info 1 /INPUT 1 "reset";
    .port_info 2 /INPUT 1 "up";
    .port_info 3 /INPUT 1 "down";
    .port_info 4 /INPUT 1 "left";
    .port_info 5 /INPUT 1 "right";
    .port_info 6 /OUTPUT 8 "vert1";
    .port_info 7 /OUTPUT 8 "vert2";
    .port_info 8 /OUTPUT 8 "vert3";
    .port_info 9 /OUTPUT 8 "vert5";
    .port_info 10 /OUTPUT 8 "vert6";
    .port_info 11 /OUTPUT 8 "froggerHorizState";
    .port_info 12 /OUTPUT 3 "froggerVerticalState";
P_0x55662e3c2630 .param/l "counterReset" 0 3 16, +C4<00000000000000000000000000000010>;
v0x55662e3ab230_0 .net *"_s0", 31 0, L_0x55662e4196f0;  1 drivers
L_0x7fee0c6ed180 .functor BUFT 1, C4<0000>, C4<0>, C4<0>, C4<0>;
v0x55662e3ab990_0 .net *"_s3", 3 0, L_0x7fee0c6ed180;  1 drivers
L_0x7fee0c6ed1c8 .functor BUFT 1, C4<00000000000000000000000000000010>, C4<0>, C4<0>, C4<0>;
v0x55662e3ac210_0 .net/2u *"_s4", 31 0, L_0x7fee0c6ed1c8;  1 drivers
v0x55662e3ac970_0 .net "clk", 0 0, v0x55662e408970_0;  alias, 1 drivers
v0x55662e3ad790_0 .var "dead", 0 0;
v0x55662e3adfc0_0 .net "down", 0 0, v0x55662e408a30_0;  alias, 1 drivers
v0x55662e3af1f0_0 .var "froggerHorizState", 7 0;
v0x55662e4059c0_0 .var "froggerVerticalState", 2 0;
v0x55662e405aa0_0 .net "left", 0 0, v0x55662e408b40_0;  alias, 1 drivers
v0x55662e405b60_0 .net "oneSecond", 0 0, L_0x55662e4197e0;  1 drivers
v0x55662e405c20_0 .net "reset", 0 0, v0x55662e408c30_0;  alias, 1 drivers
v0x55662e405ce0_0 .net "right", 0 0, v0x55662e408d20_0;  alias, 1 drivers
v0x55662e405da0_0 .var "timeCounter", 27 0;
v0x55662e405e80_0 .var "timeState", 2 0;
v0x55662e405f60_0 .net "up", 0 0, v0x55662e408e60_0;  alias, 1 drivers
v0x55662e406020_0 .var "vert1", 7 0;
v0x55662e406100_0 .var "vert2", 7 0;
v0x55662e4061e0_0 .var "vert3", 7 0;
v0x55662e4062c0_0 .var "vert5", 7 0;
v0x55662e4063a0_0 .var "vert6", 7 0;
v0x55662e406480_0 .var "win", 0 0;
E_0x55662e3ca9d0 .event posedge, v0x55662e3ac970_0;
E_0x55662e3cacc0 .event posedge, v0x55662e405b60_0;
L_0x55662e4196f0 .concat [ 28 4 0 0], v0x55662e405da0_0, L_0x7fee0c6ed180;
L_0x55662e4197e0 .cmp/eq 32, L_0x55662e4196f0, L_0x7fee0c6ed1c8;
S_0x55662e4066e0 .scope module, "hvsync" "hvsync_generator" 3 152, 3 94 0, S_0x55662e3b47d0;
 .timescale -9 -12;
    .port_info 0 /INPUT 1 "clk";
    .port_info 1 /OUTPUT 1 "vga_h_sync";
    .port_info 2 /OUTPUT 1 "vga_v_sync";
    .port_info 3 /OUTPUT 1 "inDisplayArea";
    .port_info 4 /OUTPUT 10 "CounterX";
    .port_info 5 /OUTPUT 9 "CounterY";
L_0x55662e3ac0b0 .functor NOT 1, v0x55662e4073a0_0, C4<0>, C4<0>, C4<0>;
L_0x55662e3ad630 .functor NOT 1, v0x55662e407460_0, C4<0>, C4<0>, C4<0>;
v0x55662e406950_0 .var "CounterX", 9 0;
v0x55662e406a50_0 .net "CounterXmaxed", 0 0, L_0x55662e419210;  1 drivers
v0x55662e406b10_0 .var "CounterY", 8 0;
v0x55662e406bd0_0 .net "CounterYmaxed", 0 0, L_0x55662e4194e0;  1 drivers
v0x55662e406c90_0 .net *"_s0", 31 0, L_0x55662e409090;  1 drivers
L_0x7fee0c6ed0f0 .functor BUFT 1, C4<00000000000000000000000>, C4<0>, C4<0>, C4<0>;
v0x55662e406dc0_0 .net *"_s11", 22 0, L_0x7fee0c6ed0f0;  1 drivers
L_0x7fee0c6ed138 .functor BUFT 1, C4<00000000000000000000001000001101>, C4<0>, C4<0>, C4<0>;
v0x55662e406ea0_0 .net/2u *"_s12", 31 0, L_0x7fee0c6ed138;  1 drivers
L_0x7fee0c6ed060 .functor BUFT 1, C4<0000000000000000000000>, C4<0>, C4<0>, C4<0>;
v0x55662e406f80_0 .net *"_s3", 21 0, L_0x7fee0c6ed060;  1 drivers
L_0x7fee0c6ed0a8 .functor BUFT 1, C4<00000000000000000000001100100000>, C4<0>, C4<0>, C4<0>;
v0x55662e407060_0 .net/2u *"_s4", 31 0, L_0x7fee0c6ed0a8;  1 drivers
v0x55662e407140_0 .net *"_s8", 31 0, L_0x55662e419350;  1 drivers
v0x55662e407220_0 .net "clk", 0 0, L_0x55662e408f50;  alias, 1 drivers
v0x55662e4072e0_0 .var "inDisplayArea", 0 0;
v0x55662e4073a0_0 .var "vga_HS", 0 0;
v0x55662e407460_0 .var "vga_VS", 0 0;
v0x55662e407520_0 .net "vga_h_sync", 0 0, L_0x55662e3ac0b0;  alias, 1 drivers
v0x55662e4075e0_0 .net "vga_v_sync", 0 0, L_0x55662e3ad630;  alias, 1 drivers
E_0x55662e3cb2a0 .event posedge, v0x55662e407220_0;
L_0x55662e409090 .concat [ 10 22 0 0], v0x55662e406950_0, L_0x7fee0c6ed060;
L_0x55662e419210 .cmp/eq 32, L_0x55662e409090, L_0x7fee0c6ed0a8;
L_0x55662e419350 .concat [ 9 23 0 0], v0x55662e406b10_0, L_0x7fee0c6ed0f0;
L_0x55662e4194e0 .cmp/eq 32, L_0x55662e419350, L_0x7fee0c6ed138;
    .scope S_0x55662e4066e0;
T_0 ;
    %wait E_0x55662e3cb2a0;
    %load/vec4 v0x55662e406a50_0;
    %flag_set/vec4 8;
    %jmp/0xz  T_0.0, 8;
    %pushi/vec4 0, 0, 10;
    %assign/vec4 v0x55662e406950_0, 0;
    %jmp T_0.1;
T_0.0 ;
    %load/vec4 v0x55662e406950_0;
    %addi 1, 0, 10;
    %assign/vec4 v0x55662e406950_0, 0;
T_0.1 ;
    %jmp T_0;
    .thread T_0;
    .scope S_0x55662e4066e0;
T_1 ;
    %wait E_0x55662e3cb2a0;
    %load/vec4 v0x55662e406a50_0;
    %flag_set/vec4 8;
    %jmp/0xz  T_1.0, 8;
    %load/vec4 v0x55662e406bd0_0;
    %flag_set/vec4 8;
    %jmp/0xz  T_1.2, 8;
    %pushi/vec4 0, 0, 9;
    %assign/vec4 v0x55662e406b10_0, 0;
    %jmp T_1.3;
T_1.2 ;
    %load/vec4 v0x55662e406b10_0;
    %addi 1, 0, 9;
    %assign/vec4 v0x55662e406b10_0, 0;
T_1.3 ;
T_1.0 ;
    %jmp T_1;
    .thread T_1;
    .scope S_0x55662e4066e0;
T_2 ;
    %wait E_0x55662e3cb2a0;
    %pushi/vec4 656, 0, 32;
    %load/vec4 v0x55662e406950_0;
    %pad/u 32;
    %cmp/u;
    %flag_get/vec4 5;
    %load/vec4 v0x55662e406950_0;
    %pad/u 32;
    %cmpi/u 752, 0, 32;
    %flag_get/vec4 5;
    %and;
    %assign/vec4 v0x55662e4073a0_0, 0;
    %jmp T_2;
    .thread T_2;
    .scope S_0x55662e4066e0;
T_3 ;
    %wait E_0x55662e3cb2a0;
    %pushi/vec4 490, 0, 32;
    %load/vec4 v0x55662e406b10_0;
    %pad/u 32;
    %cmp/u;
    %flag_get/vec4 5;
    %load/vec4 v0x55662e406b10_0;
    %pad/u 32;
    %cmpi/u 492, 0, 32;
    %flag_get/vec4 5;
    %and;
    %assign/vec4 v0x55662e407460_0, 0;
    %jmp T_3;
    .thread T_3;
    .scope S_0x55662e4066e0;
T_4 ;
    %wait E_0x55662e3cb2a0;
    %load/vec4 v0x55662e406950_0;
    %pad/u 32;
    %cmpi/u 640, 0, 32;
    %flag_get/vec4 5;
    %load/vec4 v0x55662e406b10_0;
    %pad/u 32;
    %cmpi/u 480, 0, 32;
    %flag_get/vec4 5;
    %and;
    %assign/vec4 v0x55662e4072e0_0, 0;
    %jmp T_4;
    .thread T_4;
    .scope S_0x55662e3c2450;
T_5 ;
    %pushi/vec4 136, 0, 8;
    %store/vec4 v0x55662e406020_0, 0, 8;
    %pushi/vec4 136, 0, 8;
    %store/vec4 v0x55662e406100_0, 0, 8;
    %pushi/vec4 204, 0, 8;
    %store/vec4 v0x55662e4061e0_0, 0, 8;
    %pushi/vec4 128, 0, 8;
    %store/vec4 v0x55662e4062c0_0, 0, 8;
    %pushi/vec4 240, 0, 8;
    %store/vec4 v0x55662e4063a0_0, 0, 8;
    %pushi/vec4 16, 0, 8;
    %store/vec4 v0x55662e3af1f0_0, 0, 8;
    %pushi/vec4 7, 0, 3;
    %store/vec4 v0x55662e4059c0_0, 0, 3;
    %pushi/vec4 0, 0, 3;
    %store/vec4 v0x55662e405e80_0, 0, 3;
    %pushi/vec4 0, 0, 28;
    %store/vec4 v0x55662e405da0_0, 0, 28;
    %pushi/vec4 0, 0, 1;
    %store/vec4 v0x55662e406480_0, 0, 1;
    %pushi/vec4 0, 0, 1;
    %store/vec4 v0x55662e3ad790_0, 0, 1;
    %end;
    .thread T_5;
    .scope S_0x55662e3c2450;
T_6 ;
    %wait E_0x55662e3ca9d0;
    %load/vec4 v0x55662e405da0_0;
    %pad/u 32;
    %cmpi/e 2, 0, 32;
    %jmp/0xz  T_6.0, 4;
    %pushi/vec4 0, 0, 28;
    %assign/vec4 v0x55662e405da0_0, 0;
    %jmp T_6.1;
T_6.0 ;
    %load/vec4 v0x55662e405da0_0;
    %addi 1, 0, 28;
    %assign/vec4 v0x55662e405da0_0, 0;
T_6.1 ;
    %jmp T_6;
    .thread T_6;
    .scope S_0x55662e3c2450;
T_7 ;
    %wait E_0x55662e3cacc0;
    %load/vec4 v0x55662e405c20_0;
    %flag_set/vec4 8;
    %jmp/0xz  T_7.0, 8;
    %pushi/vec4 136, 0, 8;
    %assign/vec4 v0x55662e406020_0, 0;
    %jmp T_7.1;
T_7.0 ;
    %load/vec4 v0x55662e406020_0;
    %parti/s 1, 0, 2;
    %load/vec4 v0x55662e406020_0;
    %parti/s 7, 1, 2;
    %concat/vec4; draw_concat_vec4
    %assign/vec4 v0x55662e406020_0, 0;
T_7.1 ;
    %jmp T_7;
    .thread T_7;
    .scope S_0x55662e3c2450;
T_8 ;
    %wait E_0x55662e3cacc0;
    %load/vec4 v0x55662e405c20_0;
    %flag_set/vec4 8;
    %jmp/0xz  T_8.0, 8;
    %pushi/vec4 136, 0, 8;
    %assign/vec4 v0x55662e406100_0, 0;
    %jmp T_8.1;
T_8.0 ;
    %load/vec4 v0x55662e406100_0;
    %parti/s 7, 0, 2;
    %load/vec4 v0x55662e406100_0;
    %parti/s 1, 7, 4;
    %concat/vec4; draw_concat_vec4
    %assign/vec4 v0x55662e406100_0, 0;
T_8.1 ;
    %jmp T_8;
    .thread T_8;
    .scope S_0x55662e3c2450;
T_9 ;
    %wait E_0x55662e3cacc0;
    %load/vec4 v0x55662e405c20_0;
    %flag_set/vec4 8;
    %jmp/0xz  T_9.0, 8;
    %pushi/vec4 204, 0, 8;
    %assign/vec4 v0x55662e4061e0_0, 0;
    %jmp T_9.1;
T_9.0 ;
    %load/vec4 v0x55662e4061e0_0;
    %parti/s 1, 0, 2;
    %load/vec4 v0x55662e4061e0_0;
    %parti/s 7, 1, 2;
    %concat/vec4; draw_concat_vec4
    %assign/vec4 v0x55662e4061e0_0, 0;
T_9.1 ;
    %jmp T_9;
    .thread T_9;
    .scope S_0x55662e3c2450;
T_10 ;
    %wait E_0x55662e3cacc0;
    %load/vec4 v0x55662e405c20_0;
    %flag_set/vec4 8;
    %jmp/0xz  T_10.0, 8;
    %pushi/vec4 128, 0, 8;
    %assign/vec4 v0x55662e4062c0_0, 0;
    %jmp T_10.1;
T_10.0 ;
    %load/vec4 v0x55662e4062c0_0;
    %parti/s 7, 0, 2;
    %load/vec4 v0x55662e4062c0_0;
    %parti/s 1, 7, 4;
    %concat/vec4; draw_concat_vec4
    %assign/vec4 v0x55662e4062c0_0, 0;
T_10.1 ;
    %jmp T_10;
    .thread T_10;
    .scope S_0x55662e3c2450;
T_11 ;
    %wait E_0x55662e3cacc0;
    %load/vec4 v0x55662e405c20_0;
    %flag_set/vec4 8;
    %jmp/0xz  T_11.0, 8;
    %pushi/vec4 240, 0, 8;
    %assign/vec4 v0x55662e4063a0_0, 0;
    %jmp T_11.1;
T_11.0 ;
    %load/vec4 v0x55662e4063a0_0;
    %parti/s 1, 0, 2;
    %load/vec4 v0x55662e4063a0_0;
    %parti/s 7, 1, 2;
    %concat/vec4; draw_concat_vec4
    %assign/vec4 v0x55662e4063a0_0, 0;
T_11.1 ;
    %jmp T_11;
    .thread T_11;
    .scope S_0x55662e3c2450;
T_12 ;
    %wait E_0x55662e3ca9d0;
    %load/vec4 v0x55662e4059c0_0;
    %pad/u 32;
    %cmpi/e 0, 0, 32;
    %jmp/0xz  T_12.0, 4;
    %pushi/vec4 1, 0, 1;
    %assign/vec4 v0x55662e406480_0, 0;
    %jmp T_12.1;
T_12.0 ;
    %pushi/vec4 0, 0, 1;
    %assign/vec4 v0x55662e406480_0, 0;
T_12.1 ;
    %jmp T_12;
    .thread T_12;
    .scope S_0x55662e3c2450;
T_13 ;
    %wait E_0x55662e3ca9d0;
    %load/vec4 v0x55662e405f60_0;
    %nor/r;
    %flag_set/vec4 8;
    %jmp/0xz  T_13.0, 8;
    %load/vec4 v0x55662e4059c0_0;
    %subi 1, 0, 3;
    %assign/vec4 v0x55662e4059c0_0, 0;
    %jmp T_13.1;
T_13.0 ;
    %load/vec4 v0x55662e3adfc0_0;
    %nor/r;
    %flag_set/vec4 8;
    %jmp/0xz  T_13.2, 8;
    %load/vec4 v0x55662e4059c0_0;
    %addi 1, 0, 3;
    %assign/vec4 v0x55662e4059c0_0, 0;
    %jmp T_13.3;
T_13.2 ;
    %load/vec4 v0x55662e4059c0_0;
    %assign/vec4 v0x55662e4059c0_0, 0;
T_13.3 ;
T_13.1 ;
    %jmp T_13;
    .thread T_13;
    .scope S_0x55662e3c2450;
T_14 ;
    %wait E_0x55662e3ca9d0;
    %load/vec4 v0x55662e3af1f0_0;
    %cmpi/e 128, 0, 8;
    %jmp/0xz  T_14.0, 4;
    %load/vec4 v0x55662e405ce0_0;
    %nor/r;
    %flag_set/vec4 8;
    %jmp/0xz  T_14.2, 8;
    %pushi/vec4 64, 0, 8;
    %assign/vec4 v0x55662e3af1f0_0, 0;
    %jmp T_14.3;
T_14.2 ;
    %load/vec4 v0x55662e3af1f0_0;
    %assign/vec4 v0x55662e3af1f0_0, 0;
T_14.3 ;
    %jmp T_14.1;
T_14.0 ;
    %load/vec4 v0x55662e3af1f0_0;
    %cmpi/e 1, 0, 8;
    %jmp/0xz  T_14.4, 4;
    %load/vec4 v0x55662e405aa0_0;
    %nor/r;
    %flag_set/vec4 8;
    %jmp/0xz  T_14.6, 8;
    %pushi/vec4 2, 0, 8;
    %assign/vec4 v0x55662e3af1f0_0, 0;
    %jmp T_14.7;
T_14.6 ;
    %load/vec4 v0x55662e3af1f0_0;
    %assign/vec4 v0x55662e3af1f0_0, 0;
T_14.7 ;
    %jmp T_14.5;
T_14.4 ;
    %load/vec4 v0x55662e405ce0_0;
    %nor/r;
    %flag_set/vec4 8;
    %jmp/0xz  T_14.8, 8;
    %load/vec4 v0x55662e3af1f0_0;
    %ix/load 4, 1, 0;
    %flag_set/imm 4, 0;
    %shiftr 4;
    %assign/vec4 v0x55662e3af1f0_0, 0;
    %jmp T_14.9;
T_14.8 ;
    %load/vec4 v0x55662e405aa0_0;
    %nor/r;
    %flag_set/vec4 8;
    %jmp/0xz  T_14.10, 8;
    %load/vec4 v0x55662e3af1f0_0;
    %ix/load 4, 1, 0;
    %flag_set/imm 4, 0;
    %shiftl 4;
    %assign/vec4 v0x55662e3af1f0_0, 0;
    %jmp T_14.11;
T_14.10 ;
    %load/vec4 v0x55662e3af1f0_0;
    %assign/vec4 v0x55662e3af1f0_0, 0;
T_14.11 ;
T_14.9 ;
T_14.5 ;
T_14.1 ;
    %jmp T_14;
    .thread T_14;
    .scope S_0x55662e3c2450;
T_15 ;
    %wait E_0x55662e3ca9d0;
    %load/vec4 v0x55662e4059c0_0;
    %pad/u 32;
    %cmpi/e 6, 0, 32;
    %jmp/0xz  T_15.0, 4;
    %load/vec4 v0x55662e4063a0_0;
    %pad/u 32;
    %load/vec4 v0x55662e3af1f0_0;
    %pad/u 32;
    %and;
    %cmpi/ne 0, 0, 32;
    %jmp/0xz  T_15.2, 6;
    %pushi/vec4 1, 0, 1;
    %assign/vec4 v0x55662e3ad790_0, 0;
    %jmp T_15.3;
T_15.2 ;
    %load/vec4 v0x55662e3ad790_0;
    %assign/vec4 v0x55662e3ad790_0, 0;
T_15.3 ;
    %jmp T_15.1;
T_15.0 ;
    %load/vec4 v0x55662e4059c0_0;
    %pad/u 32;
    %cmpi/e 5, 0, 32;
    %jmp/0xz  T_15.4, 4;
    %load/vec4 v0x55662e4063a0_0;
    %pad/u 32;
    %load/vec4 v0x55662e3af1f0_0;
    %pad/u 32;
    %and;
    %cmpi/ne 0, 0, 32;
    %jmp/0xz  T_15.6, 6;
    %pushi/vec4 1, 0, 1;
    %assign/vec4 v0x55662e3ad790_0, 0;
    %jmp T_15.7;
T_15.6 ;
    %load/vec4 v0x55662e3ad790_0;
    %assign/vec4 v0x55662e3ad790_0, 0;
T_15.7 ;
    %jmp T_15.5;
T_15.4 ;
    %load/vec4 v0x55662e4059c0_0;
    %pad/u 32;
    %cmpi/e 3, 0, 32;
    %jmp/0xz  T_15.8, 4;
    %load/vec4 v0x55662e4061e0_0;
    %pad/u 32;
    %load/vec4 v0x55662e3af1f0_0;
    %pad/u 32;
    %and;
    %cmpi/ne 0, 0, 32;
    %jmp/0xz  T_15.10, 6;
    %pushi/vec4 1, 0, 1;
    %assign/vec4 v0x55662e3ad790_0, 0;
    %jmp T_15.11;
T_15.10 ;
    %load/vec4 v0x55662e3ad790_0;
    %assign/vec4 v0x55662e3ad790_0, 0;
T_15.11 ;
    %jmp T_15.9;
T_15.8 ;
    %load/vec4 v0x55662e4059c0_0;
    %pad/u 32;
    %cmpi/e 2, 0, 32;
    %jmp/0xz  T_15.12, 4;
    %load/vec4 v0x55662e406100_0;
    %pad/u 32;
    %load/vec4 v0x55662e3af1f0_0;
    %pad/u 32;
    %and;
    %cmpi/ne 0, 0, 32;
    %jmp/0xz  T_15.14, 6;
    %pushi/vec4 1, 0, 1;
    %assign/vec4 v0x55662e3ad790_0, 0;
    %jmp T_15.15;
T_15.14 ;
    %load/vec4 v0x55662e3ad790_0;
    %assign/vec4 v0x55662e3ad790_0, 0;
T_15.15 ;
    %jmp T_15.13;
T_15.12 ;
    %load/vec4 v0x55662e4059c0_0;
    %pad/u 32;
    %cmpi/e 1, 0, 32;
    %jmp/0xz  T_15.16, 4;
    %load/vec4 v0x55662e406020_0;
    %pad/u 32;
    %load/vec4 v0x55662e3af1f0_0;
    %pad/u 32;
    %and;
    %cmpi/ne 0, 0, 32;
    %jmp/0xz  T_15.18, 6;
    %pushi/vec4 1, 0, 1;
    %assign/vec4 v0x55662e3ad790_0, 0;
    %jmp T_15.19;
T_15.18 ;
    %load/vec4 v0x55662e3ad790_0;
    %assign/vec4 v0x55662e3ad790_0, 0;
T_15.19 ;
    %jmp T_15.17;
T_15.16 ;
    %load/vec4 v0x55662e3ad790_0;
    %assign/vec4 v0x55662e3ad790_0, 0;
T_15.17 ;
T_15.13 ;
T_15.9 ;
T_15.5 ;
T_15.1 ;
    %jmp T_15;
    .thread T_15;
    .scope S_0x55662e3b47d0;
T_16 ;
    %pushi/vec4 0, 0, 2;
    %store/vec4 v0x55662e407c60_0, 0, 2;
    %end;
    .thread T_16;
    .scope S_0x55662e3b47d0;
T_17 ;
    %wait E_0x55662e3ca9d0;
    %load/vec4 v0x55662e407c60_0;
    %addi 1, 0, 2;
    %store/vec4 v0x55662e407c60_0, 0, 2;
    %jmp T_17;
    .thread T_17;
    .scope S_0x55662e3b47d0;
T_18 ;
    %wait E_0x55662e3ca9d0;
    %load/vec4 v0x55662e407760_0;
    %pad/u 32;
    %cmpi/u 80, 0, 32;
    %jmp/0xz  T_18.0, 5;
    %pushi/vec4 128, 0, 8;
    %assign/vec4 v0x55662e407d00_0, 0;
    %jmp T_18.1;
T_18.0 ;
    %load/vec4 v0x55662e407760_0;
    %pad/u 32;
    %cmpi/u 160, 0, 32;
    %jmp/0xz  T_18.2, 5;
    %pushi/vec4 64, 0, 8;
    %assign/vec4 v0x55662e407d00_0, 0;
    %jmp T_18.3;
T_18.2 ;
    %load/vec4 v0x55662e407760_0;
    %pad/u 32;
    %cmpi/u 240, 0, 32;
    %jmp/0xz  T_18.4, 5;
    %pushi/vec4 32, 0, 8;
    %assign/vec4 v0x55662e407d00_0, 0;
    %jmp T_18.5;
T_18.4 ;
    %load/vec4 v0x55662e407760_0;
    %pad/u 32;
    %cmpi/u 320, 0, 32;
    %jmp/0xz  T_18.6, 5;
    %pushi/vec4 16, 0, 8;
    %assign/vec4 v0x55662e407d00_0, 0;
    %jmp T_18.7;
T_18.6 ;
    %load/vec4 v0x55662e407760_0;
    %pad/u 32;
    %cmpi/u 400, 0, 32;
    %jmp/0xz  T_18.8, 5;
    %pushi/vec4 8, 0, 8;
    %assign/vec4 v0x55662e407d00_0, 0;
    %jmp T_18.9;
T_18.8 ;
    %load/vec4 v0x55662e407760_0;
    %pad/u 32;
    %cmpi/u 480, 0, 32;
    %jmp/0xz  T_18.10, 5;
    %pushi/vec4 4, 0, 8;
    %assign/vec4 v0x55662e407d00_0, 0;
    %jmp T_18.11;
T_18.10 ;
    %load/vec4 v0x55662e407760_0;
    %pad/u 32;
    %cmpi/u 560, 0, 32;
    %jmp/0xz  T_18.12, 5;
    %pushi/vec4 2, 0, 8;
    %assign/vec4 v0x55662e407d00_0, 0;
    %jmp T_18.13;
T_18.12 ;
    %load/vec4 v0x55662e407760_0;
    %pad/u 32;
    %cmpi/u 640, 0, 32;
    %jmp/0xz  T_18.14, 5;
    %pushi/vec4 1, 0, 8;
    %assign/vec4 v0x55662e407d00_0, 0;
    %jmp T_18.15;
T_18.14 ;
    %pushi/vec4 0, 0, 8;
    %assign/vec4 v0x55662e407d00_0, 0;
T_18.15 ;
T_18.13 ;
T_18.11 ;
T_18.9 ;
T_18.7 ;
T_18.5 ;
T_18.3 ;
T_18.1 ;
    %jmp T_18;
    .thread T_18;
    .scope S_0x55662e3b47d0;
T_19 ;
    %wait E_0x55662e3cb2a0;
    %load/vec4 v0x55662e407eb0_0;
    %flag_set/vec4 8;
    %jmp/0xz  T_19.0, 8;
    %load/vec4 v0x55662e407840_0;
    %pad/u 32;
    %cmpi/u 60, 0, 32;
    %jmp/0xz  T_19.2, 5;
    %load/vec4 v0x55662e407980_0;
    %pad/u 32;
    %cmpi/e 0, 0, 32;
    %jmp/0xz  T_19.4, 4;
    %load/vec4 v0x55662e407d00_0;
    %pad/u 32;
    %load/vec4 v0x55662e4078e0_0;
    %pad/u 32;
    %and;
    %cmpi/ne 0, 0, 32;
    %jmp/0xz  T_19.6, 6;
    %pushi/vec4 2, 0, 3;
    %assign/vec4 v0x55662e407f80_0, 0;
    %jmp T_19.7;
T_19.6 ;
    %pushi/vec4 0, 0, 3;
    %assign/vec4 v0x55662e407f80_0, 0;
T_19.7 ;
    %jmp T_19.5;
T_19.4 ;
    %pushi/vec4 0, 0, 3;
    %assign/vec4 v0x55662e407f80_0, 0;
T_19.5 ;
    %jmp T_19.3;
T_19.2 ;
    %load/vec4 v0x55662e407840_0;
    %pad/u 32;
    %cmpi/u 120, 0, 32;
    %jmp/0xz  T_19.8, 5;
    %load/vec4 v0x55662e407980_0;
    %pad/u 32;
    %cmpi/e 1, 0, 32;
    %jmp/0xz  T_19.10, 4;
    %load/vec4 v0x55662e407d00_0;
    %pad/u 32;
    %load/vec4 v0x55662e4078e0_0;
    %pad/u 32;
    %and;
    %cmpi/ne 0, 0, 32;
    %jmp/0xz  T_19.12, 6;
    %pushi/vec4 2, 0, 3;
    %assign/vec4 v0x55662e407f80_0, 0;
    %jmp T_19.13;
T_19.12 ;
    %load/vec4 v0x55662e407d00_0;
    %pad/u 32;
    %load/vec4 v0x55662e408430_0;
    %pad/u 32;
    %and;
    %cmpi/ne 0, 0, 32;
    %jmp/0xz  T_19.14, 6;
    %pushi/vec4 4, 0, 3;
    %assign/vec4 v0x55662e407f80_0, 0;
    %jmp T_19.15;
T_19.14 ;
    %pushi/vec4 0, 0, 3;
    %assign/vec4 v0x55662e407f80_0, 0;
T_19.15 ;
T_19.13 ;
    %jmp T_19.11;
T_19.10 ;
    %load/vec4 v0x55662e407d00_0;
    %pad/u 32;
    %load/vec4 v0x55662e408430_0;
    %pad/u 32;
    %and;
    %cmpi/ne 0, 0, 32;
    %jmp/0xz  T_19.16, 6;
    %pushi/vec4 4, 0, 3;
    %assign/vec4 v0x55662e407f80_0, 0;
    %jmp T_19.17;
T_19.16 ;
    %pushi/vec4 0, 0, 3;
    %assign/vec4 v0x55662e407f80_0, 0;
T_19.17 ;
T_19.11 ;
    %jmp T_19.9;
T_19.8 ;
    %load/vec4 v0x55662e407840_0;
    %pad/u 32;
    %cmpi/u 180, 0, 32;
    %jmp/0xz  T_19.18, 5;
    %load/vec4 v0x55662e407980_0;
    %pad/u 32;
    %cmpi/e 2, 0, 32;
    %jmp/0xz  T_19.20, 4;
    %load/vec4 v0x55662e407d00_0;
    %pad/u 32;
    %load/vec4 v0x55662e4078e0_0;
    %pad/u 32;
    %and;
    %cmpi/ne 0, 0, 32;
    %jmp/0xz  T_19.22, 6;
    %pushi/vec4 2, 0, 3;
    %assign/vec4 v0x55662e407f80_0, 0;
    %jmp T_19.23;
T_19.22 ;
    %load/vec4 v0x55662e407d00_0;
    %pad/u 32;
    %load/vec4 v0x55662e408500_0;
    %pad/u 32;
    %and;
    %cmpi/ne 0, 0, 32;
    %jmp/0xz  T_19.24, 6;
    %pushi/vec4 1, 0, 3;
    %assign/vec4 v0x55662e407f80_0, 0;
    %jmp T_19.25;
T_19.24 ;
    %pushi/vec4 0, 0, 3;
    %assign/vec4 v0x55662e407f80_0, 0;
T_19.25 ;
T_19.23 ;
    %jmp T_19.21;
T_19.20 ;
    %load/vec4 v0x55662e407d00_0;
    %pad/u 32;
    %load/vec4 v0x55662e408500_0;
    %pad/u 32;
    %and;
    %cmpi/ne 0, 0, 32;
    %jmp/0xz  T_19.26, 6;
    %pushi/vec4 1, 0, 3;
    %assign/vec4 v0x55662e407f80_0, 0;
    %jmp T_19.27;
T_19.26 ;
    %pushi/vec4 0, 0, 3;
    %assign/vec4 v0x55662e407f80_0, 0;
T_19.27 ;
T_19.21 ;
    %jmp T_19.19;
T_19.18 ;
    %load/vec4 v0x55662e407840_0;
    %pad/u 32;
    %cmpi/u 240, 0, 32;
    %jmp/0xz  T_19.28, 5;
    %load/vec4 v0x55662e407980_0;
    %pad/u 32;
    %cmpi/e 3, 0, 32;
    %jmp/0xz  T_19.30, 4;
    %load/vec4 v0x55662e407d00_0;
    %pad/u 32;
    %load/vec4 v0x55662e4078e0_0;
    %pad/u 32;
    %and;
    %cmpi/ne 0, 0, 32;
    %jmp/0xz  T_19.32, 6;
    %pushi/vec4 2, 0, 3;
    %assign/vec4 v0x55662e407f80_0, 0;
    %jmp T_19.33;
T_19.32 ;
    %load/vec4 v0x55662e407d00_0;
    %pad/u 32;
    %load/vec4 v0x55662e4085d0_0;
    %pad/u 32;
    %and;
    %cmpi/ne 0, 0, 32;
    %jmp/0xz  T_19.34, 6;
    %pushi/vec4 5, 0, 3;
    %assign/vec4 v0x55662e407f80_0, 0;
    %jmp T_19.35;
T_19.34 ;
    %pushi/vec4 0, 0, 3;
    %assign/vec4 v0x55662e407f80_0, 0;
T_19.35 ;
T_19.33 ;
    %jmp T_19.31;
T_19.30 ;
    %load/vec4 v0x55662e407d00_0;
    %pad/u 32;
    %load/vec4 v0x55662e4085d0_0;
    %pad/u 32;
    %and;
    %cmpi/ne 0, 0, 32;
    %jmp/0xz  T_19.36, 6;
    %pushi/vec4 5, 0, 3;
    %assign/vec4 v0x55662e407f80_0, 0;
    %jmp T_19.37;
T_19.36 ;
    %pushi/vec4 0, 0, 3;
    %assign/vec4 v0x55662e407f80_0, 0;
T_19.37 ;
T_19.31 ;
    %jmp T_19.29;
T_19.28 ;
    %load/vec4 v0x55662e407840_0;
    %pad/u 32;
    %cmpi/u 300, 0, 32;
    %jmp/0xz  T_19.38, 5;
    %load/vec4 v0x55662e407980_0;
    %pad/u 32;
    %cmpi/e 4, 0, 32;
    %jmp/0xz  T_19.40, 4;
    %load/vec4 v0x55662e407d00_0;
    %pad/u 32;
    %load/vec4 v0x55662e4078e0_0;
    %pad/u 32;
    %and;
    %cmpi/ne 0, 0, 32;
    %jmp/0xz  T_19.42, 6;
    %pushi/vec4 2, 0, 3;
    %assign/vec4 v0x55662e407f80_0, 0;
    %jmp T_19.43;
T_19.42 ;
    %pushi/vec4 0, 0, 3;
    %assign/vec4 v0x55662e407f80_0, 0;
T_19.43 ;
    %jmp T_19.41;
T_19.40 ;
    %pushi/vec4 0, 0, 3;
    %assign/vec4 v0x55662e407f80_0, 0;
T_19.41 ;
    %jmp T_19.39;
T_19.38 ;
    %load/vec4 v0x55662e407840_0;
    %pad/u 32;
    %cmpi/u 360, 0, 32;
    %jmp/0xz  T_19.44, 5;
    %load/vec4 v0x55662e407980_0;
    %pad/u 32;
    %cmpi/e 5, 0, 32;
    %jmp/0xz  T_19.46, 4;
    %load/vec4 v0x55662e407d00_0;
    %pad/u 32;
    %load/vec4 v0x55662e4078e0_0;
    %pad/u 32;
    %and;
    %cmpi/ne 0, 0, 32;
    %jmp/0xz  T_19.48, 6;
    %pushi/vec4 2, 0, 3;
    %assign/vec4 v0x55662e407f80_0, 0;
    %jmp T_19.49;
T_19.48 ;
    %load/vec4 v0x55662e407d00_0;
    %pad/u 32;
    %load/vec4 v0x55662e4086a0_0;
    %pad/u 32;
    %and;
    %cmpi/ne 0, 0, 32;
    %jmp/0xz  T_19.50, 6;
    %pushi/vec4 5, 0, 3;
    %assign/vec4 v0x55662e407f80_0, 0;
    %jmp T_19.51;
T_19.50 ;
    %pushi/vec4 0, 0, 3;
    %assign/vec4 v0x55662e407f80_0, 0;
T_19.51 ;
T_19.49 ;
    %jmp T_19.47;
T_19.46 ;
    %load/vec4 v0x55662e407d00_0;
    %pad/u 32;
    %load/vec4 v0x55662e4086a0_0;
    %pad/u 32;
    %and;
    %cmpi/ne 0, 0, 32;
    %jmp/0xz  T_19.52, 6;
    %pushi/vec4 5, 0, 3;
    %assign/vec4 v0x55662e407f80_0, 0;
    %jmp T_19.53;
T_19.52 ;
    %pushi/vec4 0, 0, 3;
    %assign/vec4 v0x55662e407f80_0, 0;
T_19.53 ;
T_19.47 ;
    %jmp T_19.45;
T_19.44 ;
    %load/vec4 v0x55662e407840_0;
    %pad/u 32;
    %cmpi/u 420, 0, 32;
    %jmp/0xz  T_19.54, 5;
    %load/vec4 v0x55662e407980_0;
    %pad/u 32;
    %cmpi/e 6, 0, 32;
    %jmp/0xz  T_19.56, 4;
    %load/vec4 v0x55662e407d00_0;
    %pad/u 32;
    %load/vec4 v0x55662e4078e0_0;
    %pad/u 32;
    %and;
    %cmpi/ne 0, 0, 32;
    %jmp/0xz  T_19.58, 6;
    %pushi/vec4 2, 0, 3;
    %assign/vec4 v0x55662e407f80_0, 0;
    %jmp T_19.59;
T_19.58 ;
    %load/vec4 v0x55662e407d00_0;
    %pad/u 32;
    %load/vec4 v0x55662e408770_0;
    %pad/u 32;
    %and;
    %cmpi/ne 0, 0, 32;
    %jmp/0xz  T_19.60, 6;
    %pushi/vec4 5, 0, 3;
    %assign/vec4 v0x55662e407f80_0, 0;
    %jmp T_19.61;
T_19.60 ;
    %pushi/vec4 0, 0, 3;
    %assign/vec4 v0x55662e407f80_0, 0;
T_19.61 ;
T_19.59 ;
    %jmp T_19.57;
T_19.56 ;
    %load/vec4 v0x55662e407d00_0;
    %pad/u 32;
    %load/vec4 v0x55662e408770_0;
    %pad/u 32;
    %and;
    %cmpi/ne 0, 0, 32;
    %jmp/0xz  T_19.62, 6;
    %pushi/vec4 5, 0, 3;
    %assign/vec4 v0x55662e407f80_0, 0;
    %jmp T_19.63;
T_19.62 ;
    %pushi/vec4 0, 0, 3;
    %assign/vec4 v0x55662e407f80_0, 0;
T_19.63 ;
T_19.57 ;
    %jmp T_19.55;
T_19.54 ;
    %load/vec4 v0x55662e407840_0;
    %pad/u 32;
    %cmpi/u 480, 0, 32;
    %jmp/0xz  T_19.64, 5;
    %load/vec4 v0x55662e407980_0;
    %pad/u 32;
    %cmpi/e 7, 0, 32;
    %jmp/0xz  T_19.66, 4;
    %load/vec4 v0x55662e407d00_0;
    %pad/u 32;
    %load/vec4 v0x55662e4078e0_0;
    %pad/u 32;
    %and;
    %cmpi/ne 0, 0, 32;
    %jmp/0xz  T_19.68, 6;
    %pushi/vec4 2, 0, 3;
    %assign/vec4 v0x55662e407f80_0, 0;
    %jmp T_19.69;
T_19.68 ;
    %pushi/vec4 0, 0, 3;
    %assign/vec4 v0x55662e407f80_0, 0;
T_19.69 ;
    %jmp T_19.67;
T_19.66 ;
    %pushi/vec4 0, 0, 3;
    %assign/vec4 v0x55662e407f80_0, 0;
T_19.67 ;
    %jmp T_19.65;
T_19.64 ;
    %pushi/vec4 0, 0, 3;
    %assign/vec4 v0x55662e407f80_0, 0;
T_19.65 ;
T_19.55 ;
T_19.45 ;
T_19.39 ;
T_19.29 ;
T_19.19 ;
T_19.9 ;
T_19.3 ;
    %jmp T_19.1;
T_19.0 ;
    %pushi/vec4 0, 0, 3;
    %assign/vec4 v0x55662e407f80_0, 0;
T_19.1 ;
    %jmp T_19;
    .thread T_19;
    .scope S_0x55662e3b4640;
T_20 ;
    %pushi/vec4 1, 0, 1;
    %store/vec4 v0x55662e408e60_0, 0, 1;
    %pushi/vec4 1, 0, 1;
    %store/vec4 v0x55662e408a30_0, 0, 1;
    %pushi/vec4 1, 0, 1;
    %store/vec4 v0x55662e408b40_0, 0, 1;
    %pushi/vec4 1, 0, 1;
    %store/vec4 v0x55662e408d20_0, 0, 1;
    %end;
    .thread T_20;
    .scope S_0x55662e3b4640;
T_21 ;
    %pushi/vec4 0, 0, 1;
    %store/vec4 v0x55662e408970_0, 0, 1;
    %end;
    .thread T_21;
    .scope S_0x55662e3b4640;
T_22 ;
T_22.0 ;
    %delay 5000, 0;
    %load/vec4 v0x55662e408970_0;
    %inv;
    %store/vec4 v0x55662e408970_0, 0, 1;
    %jmp T_22.0;
    %end;
    .thread T_22;
    .scope S_0x55662e3b4640;
T_23 ;
    %pushi/vec4 0, 0, 1;
    %assign/vec4 v0x55662e408c30_0, 0;
    %delay 1000000, 0;
    %pushi/vec4 1, 0, 1;
    %assign/vec4 v0x55662e408c30_0, 0;
    %delay 100000, 0;
    %pushi/vec4 0, 0, 1;
    %assign/vec4 v0x55662e408e60_0, 0;
    %delay 5000, 0;
    %pushi/vec4 1, 0, 1;
    %assign/vec4 v0x55662e408e60_0, 0;
    %delay 25000, 0;
    %pushi/vec4 0, 0, 1;
    %assign/vec4 v0x55662e408e60_0, 0;
    %delay 5000, 0;
    %pushi/vec4 1, 0, 1;
    %assign/vec4 v0x55662e408e60_0, 0;
    %delay 25000, 0;
    %pushi/vec4 0, 0, 1;
    %assign/vec4 v0x55662e408a30_0, 0;
    %delay 5000, 0;
    %pushi/vec4 1, 0, 1;
    %assign/vec4 v0x55662e408a30_0, 0;
    %delay 25000, 0;
    %pushi/vec4 0, 0, 1;
    %assign/vec4 v0x55662e408b40_0, 0;
    %delay 5000, 0;
    %pushi/vec4 1, 0, 1;
    %assign/vec4 v0x55662e408b40_0, 0;
    %delay 5000, 0;
    %pushi/vec4 0, 0, 1;
    %assign/vec4 v0x55662e408b40_0, 0;
    %delay 5000, 0;
    %pushi/vec4 1, 0, 1;
    %assign/vec4 v0x55662e408b40_0, 0;
    %delay 5000, 0;
    %pushi/vec4 0, 0, 1;
    %assign/vec4 v0x55662e408b40_0, 0;
    %delay 5000, 0;
    %pushi/vec4 1, 0, 1;
    %assign/vec4 v0x55662e408b40_0, 0;
    %delay 5000, 0;
    %pushi/vec4 0, 0, 1;
    %assign/vec4 v0x55662e408b40_0, 0;
    %delay 5000, 0;
    %pushi/vec4 1, 0, 1;
    %assign/vec4 v0x55662e408b40_0, 0;
    %delay 15000, 0;
    %pushi/vec4 0, 0, 1;
    %assign/vec4 v0x55662e408d20_0, 0;
    %delay 5000, 0;
    %pushi/vec4 1, 0, 1;
    %assign/vec4 v0x55662e408d20_0, 0;
    %delay 6000000, 0;
    %vpi_call 2 37 "$display", "made it to 6000 @ %t", $time {0 0 0};
    %delay 5000000, 0;
    %vpi_call 2 39 "$finish" {0 0 0};
    %end;
    .thread T_23;
    .scope S_0x55662e3b4640;
T_24 ;
    %vpi_call 2 52 "$dumpfile", "verilog.dmp" {0 0 0};
    %end;
    .thread T_24;
    .scope S_0x55662e3b4640;
T_25 ;
    %vpi_call 2 55 "$dumpvars" {0 0 0};
    %end;
    .thread T_25;
# The file index is used to find the file name in the following table.
:file_names 4;
    "N/A";
    "<interactive>";
    "tb.v";
    "vgaGame.v";
