#! /usr/local/bin/vvp
:ivl_version "11.0 (devel)" "(s20150603-653-g41ac0b26)";
:ivl_delay_selection "TYPICAL";
:vpi_time_precision - 12;
:vpi_module "system";
:vpi_module "vhdl_sys";
:vpi_module "vhdl_textio";
:vpi_module "v2005_math";
:vpi_module "va_math";
S_0x555d8299fc20 .scope module, "tb" "tb" 2 3;
 .timescale -9 -12;
v0x555d829baa20_0 .var "button", 0 0;
o0x7efcaf4e24c8 .functor BUFZ 1, C4<z>; HiZ drive
v0x555d829baac0_0 .net "button_out", 0 0, o0x7efcaf4e24c8;  0 drivers
v0x555d829bab60_0 .var "clk", 0 0;
S_0x555d8299fdb0 .scope module, "button1" "debounce_button" 2 26, 3 1 0, S_0x555d8299fc20;
 .timescale -9 -12;
    .port_info 0 /INPUT 1 "button";
    .port_info 1 /INPUT 1 "clk";
    .port_info 2 /OUTPUT 1 "button_out";
L_0x555d829cb150 .functor NOT 1, v0x555d829b9590_0, C4<0>, C4<0>, C4<0>;
L_0x555d829cb210 .functor AND 1, v0x555d829b8fd0_0, L_0x555d829cb150, C4<1>, C4<1>;
v0x555d829ba2d0_0 .net "Q1", 0 0, v0x555d829b8fd0_0;  1 drivers
v0x555d829ba3c0_0 .net "Q2", 0 0, v0x555d829b9590_0;  1 drivers
v0x555d829ba480_0 .net "Q2_bar", 0 0, L_0x555d829cb150;  1 drivers
v0x555d829ba520_0 .net "button", 0 0, v0x555d829baa20_0;  1 drivers
v0x555d829ba5c0_0 .net "button_out", 0 0, o0x7efcaf4e24c8;  alias, 0 drivers
v0x555d829ba6b0_0 .net "clk", 0 0, v0x555d829bab60_0;  1 drivers
o0x7efcaf4e2018 .functor BUFZ 1, C4<z>; HiZ drive
v0x555d829ba750_0 .net "pb_1", 0 0, o0x7efcaf4e2018;  0 drivers
v0x555d829ba840_0 .net "pb_out", 0 0, L_0x555d829cb210;  1 drivers
v0x555d829ba900_0 .net "slw_clk_en", 0 0, L_0x555d829caf80;  1 drivers
S_0x555d8299d930 .scope module, "d1" "Dff_en" 3 5, 3 24 0, S_0x555d8299fdb0;
 .timescale -9 -12;
    .port_info 0 /INPUT 1 "DFF_CLOCK";
    .port_info 1 /INPUT 1 "clock_enable";
    .port_info 2 /INPUT 1 "D";
    .port_info 3 /OUTPUT 1 "Q";
v0x555d8298ef00_0 .net "D", 0 0, o0x7efcaf4e2018;  alias, 0 drivers
v0x555d829b8f10_0 .net "DFF_CLOCK", 0 0, v0x555d829bab60_0;  alias, 1 drivers
v0x555d829b8fd0_0 .var "Q", 0 0;
v0x555d829b9070_0 .net "clock_enable", 0 0, L_0x555d829caf80;  alias, 1 drivers
E_0x555d829a0580 .event posedge, v0x555d829b8f10_0;
S_0x555d829b91b0 .scope module, "d2" "Dff_en" 3 6, 3 24 0, S_0x555d8299fdb0;
 .timescale -9 -12;
    .port_info 0 /INPUT 1 "DFF_CLOCK";
    .port_info 1 /INPUT 1 "clock_enable";
    .port_info 2 /INPUT 1 "D";
    .port_info 3 /OUTPUT 1 "Q";
v0x555d829b9420_0 .net "D", 0 0, v0x555d829b8fd0_0;  alias, 1 drivers
v0x555d829b94c0_0 .net "DFF_CLOCK", 0 0, v0x555d829bab60_0;  alias, 1 drivers
v0x555d829b9590_0 .var "Q", 0 0;
v0x555d829b9660_0 .net "clock_enable", 0 0, L_0x555d829caf80;  alias, 1 drivers
S_0x555d829b9780 .scope module, "u1" "clock_enable" 3 4, 3 12 0, S_0x555d8299fdb0;
 .timescale -9 -12;
    .port_info 0 /INPUT 1 "Clk_100M";
    .port_info 1 /INPUT 1 "pb_1";
    .port_info 2 /OUTPUT 1 "slw_clk_en";
v0x555d829b99f0_0 .net "Clk_100M", 0 0, v0x555d829bab60_0;  alias, 1 drivers
v0x555d829b9b00_0 .net *"_s0", 31 0, L_0x555d829bacc0;  1 drivers
L_0x7efcaf4990f0 .functor BUFT 1, C4<0>, C4<0>, C4<0>, C4<0>;
v0x555d829b9be0_0 .net/2u *"_s10", 0 0, L_0x7efcaf4990f0;  1 drivers
L_0x7efcaf499018 .functor BUFT 1, C4<00000>, C4<0>, C4<0>, C4<0>;
v0x555d829b9ca0_0 .net *"_s3", 4 0, L_0x7efcaf499018;  1 drivers
L_0x7efcaf499060 .functor BUFT 1, C4<00000000000000111101000010001111>, C4<0>, C4<0>, C4<0>;
v0x555d829b9d80_0 .net/2u *"_s4", 31 0, L_0x7efcaf499060;  1 drivers
v0x555d829b9eb0_0 .net *"_s6", 0 0, L_0x555d829cae30;  1 drivers
L_0x7efcaf4990a8 .functor BUFT 1, C4<1>, C4<0>, C4<0>, C4<0>;
v0x555d829b9f70_0 .net/2u *"_s8", 0 0, L_0x7efcaf4990a8;  1 drivers
v0x555d829ba050_0 .var "counter", 26 0;
v0x555d829ba130_0 .net "pb_1", 0 0, o0x7efcaf4e2018;  alias, 0 drivers
v0x555d829ba1d0_0 .net "slw_clk_en", 0 0, L_0x555d829caf80;  alias, 1 drivers
E_0x555d829a2730/0 .event negedge, v0x555d8298ef00_0;
E_0x555d829a2730/1 .event posedge, v0x555d829b8f10_0;
E_0x555d829a2730 .event/or E_0x555d829a2730/0, E_0x555d829a2730/1;
L_0x555d829bacc0 .concat [ 27 5 0 0], v0x555d829ba050_0, L_0x7efcaf499018;
L_0x555d829cae30 .cmp/eq 32, L_0x555d829bacc0, L_0x7efcaf499060;
L_0x555d829caf80 .functor MUXZ 1, L_0x7efcaf4990f0, L_0x7efcaf4990a8, L_0x555d829cae30, C4<>;
    .scope S_0x555d829b9780;
T_0 ;
    %pushi/vec4 0, 0, 27;
    %store/vec4 v0x555d829ba050_0, 0, 27;
    %end;
    .thread T_0;
    .scope S_0x555d829b9780;
T_1 ;
    %wait E_0x555d829a2730;
    %load/vec4 v0x555d829ba130_0;
    %pad/u 32;
    %cmpi/e 0, 0, 32;
    %jmp/0xz  T_1.0, 4;
    %pushi/vec4 0, 0, 27;
    %assign/vec4 v0x555d829ba050_0, 0;
    %jmp T_1.1;
T_1.0 ;
    %load/vec4 v0x555d829ba050_0;
    %pad/u 32;
    %cmpi/u 249999, 0, 32;
    %flag_inv 5; GE is !LT
    %flag_mov 8, 5;
    %jmp/0 T_1.2, 8;
    %pushi/vec4 0, 0, 27;
    %jmp/1 T_1.3, 8;
T_1.2 ; End of true expr.
    %load/vec4 v0x555d829ba050_0;
    %addi 1, 0, 27;
    %jmp/0 T_1.3, 8;
 ; End of false expr.
    %blend;
T_1.3;
    %assign/vec4 v0x555d829ba050_0, 0;
T_1.1 ;
    %jmp T_1;
    .thread T_1;
    .scope S_0x555d8299d930;
T_2 ;
    %pushi/vec4 0, 0, 1;
    %store/vec4 v0x555d829b8fd0_0, 0, 1;
    %end;
    .thread T_2;
    .scope S_0x555d8299d930;
T_3 ;
    %wait E_0x555d829a0580;
    %load/vec4 v0x555d829b9070_0;
    %pad/u 32;
    %cmpi/e 1, 0, 32;
    %jmp/0xz  T_3.0, 4;
    %load/vec4 v0x555d8298ef00_0;
    %assign/vec4 v0x555d829b8fd0_0, 0;
T_3.0 ;
    %jmp T_3;
    .thread T_3;
    .scope S_0x555d829b91b0;
T_4 ;
    %pushi/vec4 0, 0, 1;
    %store/vec4 v0x555d829b9590_0, 0, 1;
    %end;
    .thread T_4;
    .scope S_0x555d829b91b0;
T_5 ;
    %wait E_0x555d829a0580;
    %load/vec4 v0x555d829b9660_0;
    %pad/u 32;
    %cmpi/e 1, 0, 32;
    %jmp/0xz  T_5.0, 4;
    %load/vec4 v0x555d829b9420_0;
    %assign/vec4 v0x555d829b9590_0, 0;
T_5.0 ;
    %jmp T_5;
    .thread T_5;
    .scope S_0x555d8299fc20;
T_6 ;
    %pushi/vec4 0, 0, 1;
    %store/vec4 v0x555d829bab60_0, 0, 1;
    %end;
    .thread T_6;
    .scope S_0x555d8299fc20;
T_7 ;
T_7.0 ;
    %delay 5000, 0;
    %load/vec4 v0x555d829bab60_0;
    %inv;
    %store/vec4 v0x555d829bab60_0, 0, 1;
    %jmp T_7.0;
    %end;
    .thread T_7;
    .scope S_0x555d8299fc20;
T_8 ;
    %delay 0, 0;
    %pushi/vec4 0, 0, 1;
    %store/vec4 v0x555d829baa20_0, 0, 1;
    %delay 700000, 0;
    %pushi/vec4 1, 0, 1;
    %store/vec4 v0x555d829baa20_0, 0, 1;
    %delay 1000000, 0;
    %pushi/vec4 0, 0, 1;
    %store/vec4 v0x555d829baa20_0, 0, 1;
    %delay 1500000, 0;
    %pushi/vec4 1, 0, 1;
    %store/vec4 v0x555d829baa20_0, 0, 1;
    %delay 2000000, 0;
    %pushi/vec4 0, 0, 1;
    %store/vec4 v0x555d829baa20_0, 0, 1;
    %delay 6000000, 0;
    %vpi_call 2 20 "$display", "made it to 6000 @ %t", $time {0 0 0};
    %delay 6000000, 0;
    %vpi_call 2 22 "$finish" {0 0 0};
    %end;
    .thread T_8;
    .scope S_0x555d8299fc20;
T_9 ;
    %vpi_call 2 35 "$dumpfile", "verilog.dmp" {0 0 0};
    %end;
    .thread T_9;
    .scope S_0x555d8299fc20;
T_10 ;
    %vpi_call 2 38 "$dumpvars" {0 0 0};
    %end;
    .thread T_10;
# The file index is used to find the file name in the following table.
:file_names 4;
    "N/A";
    "<interactive>";
    "tb.v";
    "debounce.v";
