#! /usr/local/bin/vvp
:ivl_version "11.0 (devel)" "(s20150603-643-gb43fcccc)";
:ivl_delay_selection "TYPICAL";
:vpi_time_precision - 12;
:vpi_module "system";
:vpi_module "vhdl_sys";
:vpi_module "vhdl_textio";
:vpi_module "v2005_math";
:vpi_module "va_math";
S_0x55d2ea9683d0 .scope module, "tb" "tb" 2 3;
 .timescale -9 -12;
v0x55d2ea9b7310_0 .var "button", 0 0;
v0x55d2ea9b73d0_0 .var "clk", 0 0;
v0x55d2ea9b74a0_0 .var "counter_value", 7 0;
v0x55d2ea9b7570_0 .net "detected_signal", 0 0, v0x55d2ea9b6e40_0;  1 drivers
v0x55d2ea9b7640_0 .var "reset", 0 0;
v0x55d2ea9b7730_0 .var "sw1", 0 0;
v0x55d2ea9b7800_0 .var "sw2", 0 0;
E_0x55d2ea9a2b30 .event edge, v0x55d2ea9b74a0_0;
S_0x55d2ea968560 .scope module, "state1" "state_machine" 2 39, 3 3 0, S_0x55d2ea9683d0;
 .timescale -9 -12;
    .port_info 0 /INPUT 1 "clk";
    .port_info 1 /INPUT 1 "sw1";
    .port_info 2 /INPUT 1 "sw2";
    .port_info 3 /INPUT 1 "button";
    .port_info 4 /INPUT 1 "reset";
    .port_info 5 /OUTPUT 1 "detected_signal";
v0x55d2ea9a17b0_0 .net "button", 0 0, v0x55d2ea9b7310_0;  1 drivers
v0x55d2ea9b6d80_0 .net "clk", 0 0, v0x55d2ea9b73d0_0;  1 drivers
v0x55d2ea9b6e40_0 .var "detected_signal", 0 0;
v0x55d2ea9b6ee0_0 .net "reset", 0 0, v0x55d2ea9b7640_0;  1 drivers
v0x55d2ea9b6fa0_0 .var "state", 3 0;
v0x55d2ea9b70d0_0 .net "sw1", 0 0, v0x55d2ea9b7730_0;  1 drivers
v0x55d2ea9b7190_0 .net "sw2", 0 0, v0x55d2ea9b7800_0;  1 drivers
E_0x55d2ea9a2110 .event edge, v0x55d2ea9a17b0_0;
    .scope S_0x55d2ea968560;
T_0 ;
    %pushi/vec4 0, 0, 4;
    %store/vec4 v0x55d2ea9b6fa0_0, 0, 4;
    %end;
    .thread T_0;
    .scope S_0x55d2ea968560;
T_1 ;
    %wait E_0x55d2ea9a2110;
    %load/vec4 v0x55d2ea9b6fa0_0;
    %dup/vec4;
    %pushi/vec4 0, 0, 4;
    %cmp/u;
    %jmp/1 T_1.0, 6;
    %dup/vec4;
    %pushi/vec4 1, 0, 4;
    %cmp/u;
    %jmp/1 T_1.1, 6;
    %dup/vec4;
    %pushi/vec4 2, 0, 4;
    %cmp/u;
    %jmp/1 T_1.2, 6;
    %jmp T_1.3;
T_1.0 ;
    %load/vec4 v0x55d2ea9b70d0_0;
    %load/vec4 v0x55d2ea9b7190_0;
    %and;
    %flag_set/vec4 8;
    %jmp/0xz  T_1.4, 8;
    %pushi/vec4 1, 0, 4;
    %assign/vec4 v0x55d2ea9b6fa0_0, 0;
    %jmp T_1.5;
T_1.4 ;
    %pushi/vec4 0, 0, 4;
    %assign/vec4 v0x55d2ea9b6fa0_0, 0;
T_1.5 ;
    %jmp T_1.3;
T_1.1 ;
    %load/vec4 v0x55d2ea9b70d0_0;
    %load/vec4 v0x55d2ea9b7190_0;
    %and;
    %flag_set/vec4 8;
    %jmp/0xz  T_1.6, 8;
    %pushi/vec4 2, 0, 4;
    %assign/vec4 v0x55d2ea9b6fa0_0, 0;
    %jmp T_1.7;
T_1.6 ;
    %pushi/vec4 0, 0, 4;
    %assign/vec4 v0x55d2ea9b6fa0_0, 0;
T_1.7 ;
    %jmp T_1.3;
T_1.2 ;
    %load/vec4 v0x55d2ea9b70d0_0;
    %load/vec4 v0x55d2ea9b7190_0;
    %and;
    %flag_set/vec4 8;
    %jmp/0xz  T_1.8, 8;
    %pushi/vec4 15, 0, 4;
    %assign/vec4 v0x55d2ea9b6fa0_0, 0;
    %jmp T_1.9;
T_1.8 ;
    %pushi/vec4 0, 0, 4;
    %assign/vec4 v0x55d2ea9b6fa0_0, 0;
T_1.9 ;
    %jmp T_1.3;
T_1.3 ;
    %pop/vec4 1;
    %jmp T_1;
    .thread T_1, $push;
    .scope S_0x55d2ea9683d0;
T_2 ;
    %pushi/vec4 0, 0, 1;
    %store/vec4 v0x55d2ea9b73d0_0, 0, 1;
    %end;
    .thread T_2;
    .scope S_0x55d2ea9683d0;
T_3 ;
T_3.0 ;
    %delay 5000, 0;
    %load/vec4 v0x55d2ea9b73d0_0;
    %inv;
    %store/vec4 v0x55d2ea9b73d0_0, 0, 1;
    %jmp T_3.0;
    %end;
    .thread T_3;
    .scope S_0x55d2ea9683d0;
T_4 ;
    %delay 0, 0;
    %pushi/vec4 0, 0, 1;
    %assign/vec4 v0x55d2ea9b7310_0, 0;
    %delay 0, 0;
    %pushi/vec4 0, 0, 1;
    %assign/vec4 v0x55d2ea9b7730_0, 0;
    %delay 0, 0;
    %pushi/vec4 0, 0, 1;
    %assign/vec4 v0x55d2ea9b7800_0, 0;
    %delay 500000, 0;
    %pushi/vec4 1, 0, 1;
    %assign/vec4 v0x55d2ea9b7730_0, 0;
    %delay 500000, 0;
    %pushi/vec4 1, 0, 1;
    %assign/vec4 v0x55d2ea9b7800_0, 0;
    %delay 600000, 0;
    %pushi/vec4 1, 0, 1;
    %assign/vec4 v0x55d2ea9b7310_0, 0;
    %delay 605000, 0;
    %pushi/vec4 0, 0, 1;
    %assign/vec4 v0x55d2ea9b7310_0, 0;
    %delay 610000, 0;
    %pushi/vec4 1, 0, 1;
    %assign/vec4 v0x55d2ea9b7310_0, 0;
    %delay 615000, 0;
    %pushi/vec4 0, 0, 1;
    %assign/vec4 v0x55d2ea9b7310_0, 0;
    %delay 620000, 0;
    %pushi/vec4 1, 0, 1;
    %assign/vec4 v0x55d2ea9b7310_0, 0;
    %delay 625000, 0;
    %pushi/vec4 0, 0, 1;
    %assign/vec4 v0x55d2ea9b7310_0, 0;
    %delay 6000000, 0;
    %vpi_call 2 31 "$display", "made it to 6000 @ %t", $time {0 0 0};
    %delay 5000000, 0;
    %vpi_call 2 33 "$finish" {0 0 0};
    %end;
    .thread T_4;
    .scope S_0x55d2ea9683d0;
T_5 ;
    %wait E_0x55d2ea9a2b30;
    %vpi_call 2 37 "$display", "counter value is now %x at time %t", v0x55d2ea9b74a0_0, $time {0 0 0};
    %jmp T_5;
    .thread T_5, $push;
    .scope S_0x55d2ea9683d0;
T_6 ;
    %vpi_call 2 49 "$dumpfile", "verilog.dmp" {0 0 0};
    %end;
    .thread T_6;
    .scope S_0x55d2ea9683d0;
T_7 ;
    %vpi_call 2 52 "$dumpvars" {0 0 0};
    %end;
    .thread T_7;
# The file index is used to find the file name in the following table.
:file_names 4;
    "N/A";
    "<interactive>";
    "tb.v";
    "State.v";
