Release 14.7 - xst P.20131013 (lin64)
Copyright (c) 1995-2013 Xilinx, Inc.  All rights reserved.
--> 
Parameter TMPDIR set to xst/projnav.tmp


Total REAL time to Xst completion: 0.00 secs
Total CPU time to Xst completion: 0.06 secs
 
--> 
Parameter xsthdpdir set to xst


Total REAL time to Xst completion: 0.00 secs
Total CPU time to Xst completion: 0.06 secs
 
--> 
Reading design: counter.prj

TABLE OF CONTENTS
  1) Synthesis Options Summary
  2) HDL Parsing
  3) HDL Elaboration
  4) HDL Synthesis
       4.1) HDL Synthesis Report
  5) Advanced HDL Synthesis
       5.1) Advanced HDL Synthesis Report
  6) Low Level Synthesis
  7) Partition Report
  8) Design Summary
       8.1) Primitive and Black Box Usage
       8.2) Device utilization summary
       8.3) Partition Resource Summary
       8.4) Timing Report
            8.4.1) Clock Information
            8.4.2) Asynchronous Control Signals Information
            8.4.3) Timing Summary
            8.4.4) Timing Details
            8.4.5) Cross Clock Domains Report


=========================================================================
*                      Synthesis Options Summary                        *
=========================================================================
---- Source Parameters
Input File Name                    : "counter.prj"
Ignore Synthesis Constraint File   : NO

---- Target Parameters
Output File Name                   : "counter"
Output Format                      : NGC
Target Device                      : xc6slx9-3-csg324

---- Source Options
Top Module Name                    : counter
Automatic FSM Extraction           : YES
FSM Encoding Algorithm             : Auto
Safe Implementation                : No
FSM Style                          : LUT
RAM Extraction                     : Yes
RAM Style                          : Auto
ROM Extraction                     : Yes
Shift Register Extraction          : YES
ROM Style                          : Auto
Resource Sharing                   : YES
Asynchronous To Synchronous        : NO
Shift Register Minimum Size        : 2
Use DSP Block                      : Auto
Automatic Register Balancing       : No

---- Target Options
LUT Combining                      : Auto
Reduce Control Sets                : Auto
Add IO Buffers                     : YES
Global Maximum Fanout              : 100000
Add Generic Clock Buffer(BUFG)     : 16
Register Duplication               : YES
Optimize Instantiated Primitives   : NO
Use Clock Enable                   : Auto
Use Synchronous Set                : Auto
Use Synchronous Reset              : Auto
Pack IO Registers into IOBs        : Auto
Equivalent register Removal        : YES

---- General Options
Optimization Goal                  : Speed
Optimization Effort                : 1
Power Reduction                    : NO
Keep Hierarchy                     : No
Netlist Hierarchy                  : As_Optimized
RTL Output                         : Yes
Global Optimization                : AllClockNets
Read Cores                         : YES
Write Timing Constraints           : NO
Cross Clock Analysis               : NO
Hierarchy Separator                : /
Bus Delimiter                      : <>
Case Specifier                     : Maintain
Slice Utilization Ratio            : 100
BRAM Utilization Ratio             : 100
DSP48 Utilization Ratio            : 100
Auto BRAM Packing                  : NO
Slice Utilization Ratio Delta      : 5

=========================================================================


=========================================================================
*                          HDL Parsing                                  *
=========================================================================
Analyzing Verilog file "/home/troy/Embedded/Lab5/Test/state_machine.v" into library work
Parsing module <counter>.

=========================================================================
*                            HDL Elaboration                            *
=========================================================================

Elaborating module <counter>.
WARNING:HDLCompiler:413 - "/home/troy/Embedded/Lab5/Test/state_machine.v" Line 22: Result of 13-bit expression is truncated to fit in 12-bit target.
WARNING:HDLCompiler:91 - "/home/troy/Embedded/Lab5/Test/state_machine.v" Line 42: Signal <anodes> missing in the sensitivity list is added for synthesis purposes. HDL and post-synthesis simulations may differ as a result.
WARNING:HDLCompiler:91 - "/home/troy/Embedded/Lab5/Test/state_machine.v" Line 43: Signal <state> missing in the sensitivity list is added for synthesis purposes. HDL and post-synthesis simulations may differ as a result.
WARNING:HDLCompiler:91 - "/home/troy/Embedded/Lab5/Test/state_machine.v" Line 44: Signal <state> missing in the sensitivity list is added for synthesis purposes. HDL and post-synthesis simulations may differ as a result.
WARNING:HDLCompiler:91 - "/home/troy/Embedded/Lab5/Test/state_machine.v" Line 45: Signal <state> missing in the sensitivity list is added for synthesis purposes. HDL and post-synthesis simulations may differ as a result.
WARNING:HDLCompiler:91 - "/home/troy/Embedded/Lab5/Test/state_machine.v" Line 70: Signal <cathod_S> missing in the sensitivity list is added for synthesis purposes. HDL and post-synthesis simulations may differ as a result.

=========================================================================
*                           HDL Synthesis                               *
=========================================================================

Synthesizing Unit <counter>.
    Related source file is "/home/troy/Embedded/Lab5/Test/state_machine.v".
        DEBOUNCE_DELAY1 = 32'b00000000000001111010000100100000
    Found 1-bit register for signal <button1_sync>.
    Found 32-bit register for signal <button1_count>.
    Found 40-bit register for signal <counter>.
    Found 3-bit register for signal <anodes>.
    Found 12-bit register for signal <state>.
    Found 8-bit register for signal <outleds>.
    Found 1-bit register for signal <button1_reg>.
    Found finite state machine <FSM_0> for signal <state>.
    -----------------------------------------------------------------------
    | States             | 4                                              |
    | Transitions        | 16                                             |
    | Inputs             | 4                                              |
    | Outputs            | 2                                              |
    | Clock              | clk (rising_edge)                              |
    | Reset              | _n0094 (positive)                              |
    | Reset type         | synchronous                                    |
    | Reset State        | 000000000000                                   |
    | Power Up State     | 000000000000                                   |
    | Encoding           | auto                                           |
    | Implementation     | LUT                                            |
    -----------------------------------------------------------------------
    Found 32-bit adder for signal <button1_count[31]_GND_1_o_add_5_OUT> created at line 19.
    Found 40-bit adder for signal <counter[39]_GND_1_o_add_15_OUT> created at line 29.
WARNING:Xst:737 - Found 1-bit latch for signal <cathodes<7>>. Latches may be generated from incomplete case or if statements. We do not recommend the use of latches in FPGA/CPLD designs, as they may lead to timing problems.
WARNING:Xst:737 - Found 1-bit latch for signal <cathodes<6>>. Latches may be generated from incomplete case or if statements. We do not recommend the use of latches in FPGA/CPLD designs, as they may lead to timing problems.
WARNING:Xst:737 - Found 1-bit latch for signal <cathodes<5>>. Latches may be generated from incomplete case or if statements. We do not recommend the use of latches in FPGA/CPLD designs, as they may lead to timing problems.
WARNING:Xst:737 - Found 1-bit latch for signal <cathodes<4>>. Latches may be generated from incomplete case or if statements. We do not recommend the use of latches in FPGA/CPLD designs, as they may lead to timing problems.
WARNING:Xst:737 - Found 1-bit latch for signal <cathodes<3>>. Latches may be generated from incomplete case or if statements. We do not recommend the use of latches in FPGA/CPLD designs, as they may lead to timing problems.
WARNING:Xst:737 - Found 1-bit latch for signal <cathodes<2>>. Latches may be generated from incomplete case or if statements. We do not recommend the use of latches in FPGA/CPLD designs, as they may lead to timing problems.
WARNING:Xst:737 - Found 1-bit latch for signal <cathodes<1>>. Latches may be generated from incomplete case or if statements. We do not recommend the use of latches in FPGA/CPLD designs, as they may lead to timing problems.
WARNING:Xst:737 - Found 1-bit latch for signal <cathodes<0>>. Latches may be generated from incomplete case or if statements. We do not recommend the use of latches in FPGA/CPLD designs, as they may lead to timing problems.
    Summary:
	inferred   2 Adder/Subtractor(s).
	inferred  85 D-type flip-flop(s).
	inferred   8 Latch(s).
	inferred   1 Multiplexer(s).
	inferred   1 Finite State Machine(s).
Unit <counter> synthesized.

=========================================================================
HDL Synthesis Report

Macro Statistics
# Adders/Subtractors                                   : 2
 32-bit adder                                          : 1
 40-bit adder                                          : 1
# Registers                                            : 6
 1-bit register                                        : 2
 3-bit register                                        : 1
 32-bit register                                       : 1
 40-bit register                                       : 1
 8-bit register                                        : 1
# Latches                                              : 8
 1-bit latch                                           : 8
# Multiplexers                                         : 1
 4-bit 2-to-1 multiplexer                              : 1
# FSMs                                                 : 1

=========================================================================

=========================================================================
*                       Advanced HDL Synthesis                          *
=========================================================================

WARNING:Xst:1710 - FF/Latch <cathodes_7> (without init value) has a constant value of 1 in block <counter>. This FF/Latch will be trimmed during the optimization process.
WARNING:Xst:1895 - Due to other FF/Latch trimming, FF/Latch <outleds_2> (without init value) has a constant value of 0 in block <counter>. This FF/Latch will be trimmed during the optimization process.
WARNING:Xst:1895 - Due to other FF/Latch trimming, FF/Latch <outleds_3> (without init value) has a constant value of 0 in block <counter>. This FF/Latch will be trimmed during the optimization process.
WARNING:Xst:1895 - Due to other FF/Latch trimming, FF/Latch <outleds_4> (without init value) has a constant value of 0 in block <counter>. This FF/Latch will be trimmed during the optimization process.
WARNING:Xst:1895 - Due to other FF/Latch trimming, FF/Latch <outleds_5> (without init value) has a constant value of 0 in block <counter>. This FF/Latch will be trimmed during the optimization process.
WARNING:Xst:1895 - Due to other FF/Latch trimming, FF/Latch <outleds_6> (without init value) has a constant value of 0 in block <counter>. This FF/Latch will be trimmed during the optimization process.
WARNING:Xst:1895 - Due to other FF/Latch trimming, FF/Latch <outleds_7> (without init value) has a constant value of 0 in block <counter>. This FF/Latch will be trimmed during the optimization process.
WARNING:Xst:2404 -  FFs/Latches <outleds<7:2>> (without init value) have a constant value of 0 in block <counter>.

Synthesizing (advanced) Unit <counter>.
The following registers are absorbed into counter <counter>: 1 register on signal <counter>.
The following registers are absorbed into counter <button1_count>: 1 register on signal <button1_count>.
Unit <counter> synthesized (advanced).

=========================================================================
Advanced HDL Synthesis Report

Macro Statistics
# Counters                                             : 2
 32-bit up counter                                     : 1
 40-bit up counter                                     : 1
# Registers                                            : 7
 Flip-Flops                                            : 7
# Multiplexers                                         : 1
 4-bit 2-to-1 multiplexer                              : 1
# FSMs                                                 : 1

=========================================================================

=========================================================================
*                         Low Level Synthesis                           *
=========================================================================
WARNING:Xst:1710 - FF/Latch <cathodes_7> (without init value) has a constant value of 1 in block <counter>. This FF/Latch will be trimmed during the optimization process.
Analyzing FSM <MFsm> for best encoding.
Optimizing FSM <FSM_0> on signal <state[1:2]> with sequential encoding.
--------------------------
 State        | Encoding
--------------------------
 000000000000 | 00
 000000000001 | 01
 000000000010 | 10
 000000000011 | 11
--------------------------
WARNING:Xst:1710 - FF/Latch <cathodes_1> (without init value) has a constant value of 0 in block <counter>. This FF/Latch will be trimmed during the optimization process.
WARNING:Xst:2677 - Node <counter_16> of sequential type is unconnected in block <counter>.
WARNING:Xst:2677 - Node <counter_17> of sequential type is unconnected in block <counter>.
WARNING:Xst:2677 - Node <counter_18> of sequential type is unconnected in block <counter>.
WARNING:Xst:2677 - Node <counter_19> of sequential type is unconnected in block <counter>.
WARNING:Xst:2677 - Node <counter_20> of sequential type is unconnected in block <counter>.
WARNING:Xst:2677 - Node <counter_21> of sequential type is unconnected in block <counter>.
WARNING:Xst:2677 - Node <counter_22> of sequential type is unconnected in block <counter>.
WARNING:Xst:2677 - Node <counter_23> of sequential type is unconnected in block <counter>.
WARNING:Xst:2677 - Node <counter_24> of sequential type is unconnected in block <counter>.
WARNING:Xst:2677 - Node <counter_25> of sequential type is unconnected in block <counter>.
WARNING:Xst:2677 - Node <counter_26> of sequential type is unconnected in block <counter>.
WARNING:Xst:2677 - Node <counter_27> of sequential type is unconnected in block <counter>.
WARNING:Xst:2677 - Node <counter_28> of sequential type is unconnected in block <counter>.
WARNING:Xst:2677 - Node <counter_29> of sequential type is unconnected in block <counter>.
WARNING:Xst:2677 - Node <counter_30> of sequential type is unconnected in block <counter>.
WARNING:Xst:2677 - Node <counter_31> of sequential type is unconnected in block <counter>.
WARNING:Xst:2677 - Node <counter_32> of sequential type is unconnected in block <counter>.
WARNING:Xst:2677 - Node <counter_33> of sequential type is unconnected in block <counter>.
WARNING:Xst:2677 - Node <counter_34> of sequential type is unconnected in block <counter>.
WARNING:Xst:2677 - Node <counter_35> of sequential type is unconnected in block <counter>.
WARNING:Xst:2677 - Node <counter_36> of sequential type is unconnected in block <counter>.
WARNING:Xst:2677 - Node <counter_37> of sequential type is unconnected in block <counter>.
WARNING:Xst:2677 - Node <counter_38> of sequential type is unconnected in block <counter>.
WARNING:Xst:2677 - Node <counter_39> of sequential type is unconnected in block <counter>.
INFO:Xst:2261 - The FF/Latch <cathodes_3> in Unit <counter> is equivalent to the following FF/Latch, which will be removed : <cathodes_0> 

Optimizing unit <counter> ...
WARNING:Xst:1294 - Latch <cathodes_6> is equivalent to a wire in block <counter>.
WARNING:Xst:1294 - Latch <cathodes_5> is equivalent to a wire in block <counter>.
WARNING:Xst:1294 - Latch <cathodes_4> is equivalent to a wire in block <counter>.
WARNING:Xst:1294 - Latch <cathodes_3> is equivalent to a wire in block <counter>.
WARNING:Xst:1294 - Latch <cathodes_2> is equivalent to a wire in block <counter>.

Mapping all equations...
Building and optimizing final netlist ...
Found area constraint ratio of 100 (+ 5) on block counter, actual ratio is 1.

Final Macro Processing ...

=========================================================================
Final Register Report

Macro Statistics
# Registers                                            : 57
 Flip-Flops                                            : 57

=========================================================================

=========================================================================
*                           Partition Report                            *
=========================================================================

Partition Implementation Status
-------------------------------

  No Partitions were found in this design.

-------------------------------

=========================================================================
*                            Design Summary                             *
=========================================================================

Top Level Output File Name         : counter.ngc

Primitive and Black Box Usage:
------------------------------
# BELS                             : 167
#      GND                         : 1
#      INV                         : 5
#      LUT1                        : 46
#      LUT2                        : 2
#      LUT4                        : 2
#      LUT5                        : 3
#      LUT6                        : 13
#      MUXCY                       : 46
#      VCC                         : 1
#      XORCY                       : 48
# FlipFlops/Latches                : 57
#      FD                          : 6
#      FDR                         : 16
#      FDRE                        : 33
#      FDSE                        : 2
# Clock Buffers                    : 1
#      BUFGP                       : 1
# IO Buffers                       : 23
#      IBUF                        : 4
#      OBUF                        : 19

Device utilization summary:
---------------------------

Selected Device : 6slx9csg324-3 


Slice Logic Utilization: 
 Number of Slice Registers:              57  out of  11440     0%  
 Number of Slice LUTs:                   71  out of   5720     1%  
    Number used as Logic:                71  out of   5720     1%  

Slice Logic Distribution: 
 Number of LUT Flip Flop pairs used:     75
   Number with an unused Flip Flop:      18  out of     75    24%  
   Number with an unused LUT:             4  out of     75     5%  
   Number of fully used LUT-FF pairs:    53  out of     75    70%  
   Number of unique control sets:         4

IO Utilization: 
 Number of IOs:                          24
 Number of bonded IOBs:                  24  out of    200    12%  

Specific Feature Utilization:
 Number of BUFG/BUFGCTRLs:                1  out of     16     6%  

---------------------------
Partition Resource Summary:
---------------------------

  No Partitions were found in this design.

---------------------------


=========================================================================
Timing Report

NOTE: THESE TIMING NUMBERS ARE ONLY A SYNTHESIS ESTIMATE.
      FOR ACCURATE TIMING INFORMATION PLEASE REFER TO THE TRACE REPORT
      GENERATED AFTER PLACE-and-ROUTE.

Clock Information:
------------------
-----------------------------------+------------------------+-------+
Clock Signal                       | Clock buffer(FF name)  | Load  |
-----------------------------------+------------------------+-------+
clk                                | BUFGP                  | 57    |
-----------------------------------+------------------------+-------+

Asynchronous Control Signals Information:
----------------------------------------
No asynchronous control signals found in this design

Timing Summary:
---------------
Speed Grade: -3

   Minimum period: 4.405ns (Maximum Frequency: 227.000MHz)
   Minimum input arrival time before clock: 3.579ns
   Maximum output required time after clock: 4.955ns
   Maximum combinational path delay: No path found

Timing Details:
---------------
All values displayed in nanoseconds (ns)

=========================================================================
Timing constraint: Default period analysis for Clock 'clk'
  Clock period: 4.405ns (frequency: 227.000MHz)
  Total number of paths / destination ports: 1842 / 123
-------------------------------------------------------------------------
Delay:               4.405ns (Levels of Logic = 2)
  Source:            button1_count_4 (FF)
  Destination:       button1_count_0 (FF)
  Source Clock:      clk rising
  Destination Clock: clk rising

  Data Path: button1_count_4 to button1_count_0
                                Gate     Net
    Cell:in->out      fanout   Delay   Delay  Logical Name (Net Name)
    ----------------------------------------  ------------
     FDRE:C->Q             3   0.447   1.015  button1_count_4 (button1_count_4)
     LUT6:I0->O            1   0.203   0.924  button_click<31>15_SW1 (N12)
     LUT6:I1->O           32   0.203   1.291  button_done_inv (button_done_inv)
     FDRE:CE                   0.322          button1_count_0
    ----------------------------------------
    Total                      4.405ns (1.175ns logic, 3.230ns route)
                                       (26.7% logic, 73.3% route)

=========================================================================
Timing constraint: Default OFFSET IN BEFORE for Clock 'clk'
  Total number of paths / destination ports: 26 / 22
-------------------------------------------------------------------------
Offset:              3.579ns (Levels of Logic = 2)
  Source:            reset (PAD)
  Destination:       anodes_0 (FF)
  Destination Clock: clk rising

  Data Path: reset to anodes_0
                                Gate     Net
    Cell:in->out      fanout   Delay   Delay  Logical Name (Net Name)
    ----------------------------------------  ------------
     IBUF:I->O             3   1.222   0.650  reset_IBUF (reset_IBUF)
     INV:I->O             19   0.206   1.071  reset_inv1_INV_0 (reset_inv)
     FDRE:R                    0.430          anodes_0
    ----------------------------------------
    Total                      3.579ns (1.858ns logic, 1.721ns route)
                                       (51.9% logic, 48.1% route)

=========================================================================
Timing constraint: Default OFFSET OUT AFTER for Clock 'clk'
  Total number of paths / destination ports: 33 / 11
-------------------------------------------------------------------------
Offset:              4.955ns (Levels of Logic = 2)
  Source:            anodes_0 (FF)
  Destination:       cathodes<3> (PAD)
  Source Clock:      clk rising

  Data Path: anodes_0 to cathodes<3>
                                Gate     Net
    Cell:in->out      fanout   Delay   Delay  Logical Name (Net Name)
    ----------------------------------------  ------------
     FDRE:C->Q             7   0.447   1.118  anodes_0 (anodes_0)
     LUT5:I0->O            2   0.203   0.616  _n0192<3>1 (cathodes_0_OBUF)
     OBUF:I->O                 2.571          cathodes_3_OBUF (cathodes<3>)
    ----------------------------------------
    Total                      4.955ns (3.221ns logic, 1.734ns route)
                                       (65.0% logic, 35.0% route)

=========================================================================

Cross Clock Domains Report:
--------------------------

Clock to Setup on destination clock clk
---------------+---------+---------+---------+---------+
               | Src:Rise| Src:Fall| Src:Rise| Src:Fall|
Source Clock   |Dest:Rise|Dest:Rise|Dest:Fall|Dest:Fall|
---------------+---------+---------+---------+---------+
clk            |    4.405|         |         |         |
---------------+---------+---------+---------+---------+

=========================================================================


Total REAL time to Xst completion: 10.00 secs
Total CPU time to Xst completion: 8.34 secs
 
--> 


Total memory usage is 395440 kilobytes

Number of errors   :    0 (   0 filtered)
Number of warnings :   53 (   0 filtered)
Number of infos    :    1 (   0 filtered)

