#! /usr/local/bin/vvp
:ivl_version "11.0 (devel)" "(s20150603-643-gb43fcccc)";
:ivl_delay_selection "TYPICAL";
:vpi_time_precision - 12;
:vpi_module "system";
:vpi_module "vhdl_sys";
:vpi_module "vhdl_textio";
:vpi_module "v2005_math";
:vpi_module "va_math";
S_0x564fd4d49330 .scope module, "tb" "tb" 2 3;
 .timescale -9 -12;
v0x564fd4d93130_0 .var "clk", 0 0;
v0x564fd4d93200_0 .net "counter_value", 7 0, v0x564fd4d92f30_0;  1 drivers
v0x564fd4d932d0_0 .var "reset", 0 0;
E_0x564fd4d80e20 .event edge, v0x564fd4d92f30_0;
S_0x564fd4d494c0 .scope module, "count1" "counter" 2 25, 3 1 0, S_0x564fd4d49330;
 .timescale -9 -12;
    .port_info 0 /INPUT 1 "clk";
    .port_info 1 /INPUT 1 "reset";
    .port_info 2 /OUTPUT 8 "outleds";
v0x564fd4d805f0_0 .net "clk", 0 0, v0x564fd4d93130_0;  1 drivers
v0x564fd4d92e50_0 .var "leds", 63 0;
v0x564fd4d92f30_0 .var "outleds", 7 0;
v0x564fd4d92ff0_0 .net "reset", 0 0, v0x564fd4d932d0_0;  1 drivers
E_0x564fd4d814d0 .event posedge, v0x564fd4d805f0_0;
    .scope S_0x564fd4d494c0;
T_0 ;
    %wait E_0x564fd4d814d0;
    %load/vec4 v0x564fd4d92ff0_0;
    %nor/r;
    %flag_set/vec4 8;
    %jmp/0xz  T_0.0, 8;
    %pushi/vec4 1, 0, 64;
    %assign/vec4 v0x564fd4d92e50_0, 0;
    %jmp T_0.1;
T_0.0 ;
    %load/vec4 v0x564fd4d92e50_0;
    %addi 1, 0, 64;
    %assign/vec4 v0x564fd4d92e50_0, 0;
    %load/vec4 v0x564fd4d92e50_0;
    %parti/s 9, 12, 5;
    %pad/u 8;
    %store/vec4 v0x564fd4d92f30_0, 0, 8;
T_0.1 ;
    %jmp T_0;
    .thread T_0;
    .scope S_0x564fd4d49330;
T_1 ;
    %pushi/vec4 0, 0, 1;
    %store/vec4 v0x564fd4d93130_0, 0, 1;
    %end;
    .thread T_1;
    .scope S_0x564fd4d49330;
T_2 ;
T_2.0 ;
    %delay 5000, 0;
    %load/vec4 v0x564fd4d93130_0;
    %inv;
    %store/vec4 v0x564fd4d93130_0, 0, 1;
    %jmp T_2.0;
    %end;
    .thread T_2;
    .scope S_0x564fd4d49330;
T_3 ;
    %pushi/vec4 0, 0, 1;
    %assign/vec4 v0x564fd4d932d0_0, 0;
    %delay 500000, 0;
    %pushi/vec4 1, 0, 1;
    %assign/vec4 v0x564fd4d932d0_0, 0;
    %delay 50000000, 0;
    %vpi_call 2 17 "$display", "made it to 6000 @ %t", $time {0 0 0};
    %delay 50000000, 0;
    %vpi_call 2 19 "$finish" {0 0 0};
    %end;
    .thread T_3;
    .scope S_0x564fd4d49330;
T_4 ;
    %wait E_0x564fd4d80e20;
    %vpi_call 2 23 "$display", "counter value is now %x at time %t", v0x564fd4d93200_0, $time {0 0 0};
    %jmp T_4;
    .thread T_4, $push;
    .scope S_0x564fd4d49330;
T_5 ;
    %vpi_call 2 32 "$dumpfile", "verilog.dmp" {0 0 0};
    %end;
    .thread T_5;
    .scope S_0x564fd4d49330;
T_6 ;
    %vpi_call 2 35 "$dumpvars" {0 0 0};
    %end;
    .thread T_6;
# The file index is used to find the file name in the following table.
:file_names 4;
    "N/A";
    "<interactive>";
    "tb.v";
    "counter.v";
