#! /usr/local/bin/vvp
:ivl_version "11.0 (devel)" "(s20150603-643-gb43fcccc)";
:ivl_delay_selection "TYPICAL";
:vpi_time_precision - 12;
:vpi_module "system";
:vpi_module "vhdl_sys";
:vpi_module "vhdl_textio";
:vpi_module "v2005_math";
:vpi_module "va_math";
S_0x55ec7d092360 .scope module, "tb" "tb" 2 3;
 .timescale -9 -12;
v0x55ec7d0fea60_0 .var "clk", 0 0;
v0x55ec7d0feb20_0 .var "counter_value", 7 0;
v0x55ec7d0febe0_0 .net "outleds", 7 0, v0x55ec7d0fe150_0;  1 drivers
v0x55ec7d0fec80_0 .var "reset", 0 0;
v0x55ec7d0fed20_0 .var "sw4", 0 0;
v0x55ec7d0fedc0_0 .var "sw5", 0 0;
E_0x55ec7d0cb730 .event edge, v0x55ec7d0feb20_0;
S_0x55ec7d0924f0 .scope module, "reflex1" "reflex" 2 33, 3 1 0, S_0x55ec7d092360;
 .timescale -9 -12;
    .port_info 0 /INPUT 1 "clk";
    .port_info 1 /INPUT 1 "Switch4";
    .port_info 2 /INPUT 1 "Switch5";
    .port_info 3 /INPUT 1 "reset";
    .port_info 4 /OUTPUT 3 "anodes";
    .port_info 5 /OUTPUT 8 "cathodes";
    .port_info 6 /OUTPUT 8 "outleds";
P_0x55ec7d0c0950 .param/l "DEBOUNCE_DELAY1" 0 3 11, C4<00000000000000000000000000110010>;
P_0x55ec7d0c0990 .param/l "DEBOUNCE_DELAY2" 0 3 12, C4<00000000000000000000000000110010>;
v0x55ec7d0bd4c0_0 .net "Switch4", 0 0, v0x55ec7d0fed20_0;  1 drivers
v0x55ec7d0bdd10_0 .net "Switch5", 0 0, v0x55ec7d0fedc0_0;  1 drivers
L_0x7fe7729e7018 .functor BUFT 1, C4<00000000000000000000000000110010>, C4<0>, C4<0>, C4<0>;
v0x55ec7d0be800_0 .net/2u *"_s0", 31 0, L_0x7fe7729e7018;  1 drivers
L_0x7fe7729e70f0 .functor BUFT 1, C4<00000000000000000000000000110001>, C4<0>, C4<0>, C4<0>;
v0x55ec7d0bf600_0 .net/2u *"_s12", 31 0, L_0x7fe7729e70f0;  1 drivers
v0x55ec7d0c03d0_0 .net *"_s17", 15 0, L_0x55ec7d10f420;  1 drivers
L_0x7fe7729e7138 .functor BUFT 1, C4<1000000000000000>, C4<0>, C4<0>, C4<0>;
v0x55ec7d0c0cb0_0 .net/2u *"_s18", 15 0, L_0x7fe7729e7138;  1 drivers
L_0x7fe7729e7060 .functor BUFT 1, C4<00000000000000000000000000110001>, C4<0>, C4<0>, C4<0>;
v0x55ec7d0c1420_0 .net/2u *"_s4", 31 0, L_0x7fe7729e7060;  1 drivers
L_0x7fe7729e70a8 .functor BUFT 1, C4<00000000000000000000000000110010>, C4<0>, C4<0>, C4<0>;
v0x55ec7d0fd050_0 .net/2u *"_s8", 31 0, L_0x7fe7729e70a8;  1 drivers
v0x55ec7d0fd130_0 .net "anode_clk", 0 0, L_0x55ec7d10f540;  1 drivers
v0x55ec7d0fd1f0_0 .var "anodes", 2 0;
v0x55ec7d0fd2d0_0 .var "answer", 11 0;
v0x55ec7d0fd3b0_0 .var "button1_count", 31 0;
v0x55ec7d0fd490_0 .var "button1_reg", 0 0;
v0x55ec7d0fd550_0 .var "button1_sync", 0 0;
v0x55ec7d0fd610_0 .var "button2_count", 31 0;
v0x55ec7d0fd6f0_0 .var "button2_reg", 0 0;
v0x55ec7d0fd7b0_0 .var "button2_sync", 0 0;
v0x55ec7d0fd870_0 .net "button_done", 0 0, L_0x55ec7d10ee70;  1 drivers
v0x55ec7d0fd930_0 .net "button_done2", 0 0, L_0x55ec7d10f130;  1 drivers
v0x55ec7d0fd9f0_0 .var "cathod_S", 3 0;
v0x55ec7d0fdad0_0 .var "cathodes", 7 0;
v0x55ec7d0fdbb0_0 .net "clk", 0 0, v0x55ec7d0fea60_0;  1 drivers
v0x55ec7d0fdc70_0 .var "counter", 39 0;
v0x55ec7d0fdd50_0 .var "delay_multiplier", 63 0;
v0x55ec7d0fde30_0 .var "delay_started", 0 0;
v0x55ec7d0fdef0_0 .var "delay_status", 63 0;
v0x55ec7d0fdfd0_0 .net "fire_click", 0 0, L_0x55ec7d10f280;  1 drivers
v0x55ec7d0fe090_0 .var "light_fired", 0 0;
v0x55ec7d0fe150_0 .var "outleds", 7 0;
v0x55ec7d0fe230_0 .var "rand_delay_num", 2 0;
v0x55ec7d0fe310_0 .net "ready_click", 0 0, L_0x55ec7d10efc0;  1 drivers
v0x55ec7d0fe3d0_0 .var "reflex_time", 63 0;
v0x55ec7d0fe4b0_0 .net "reset", 0 0, v0x55ec7d0fec80_0;  1 drivers
v0x55ec7d0fe780_0 .var "time_delay", 63 0;
v0x55ec7d0fe860_0 .var "time_display", 11 0;
E_0x55ec7d0cfe90 .event edge, v0x55ec7d0fd9f0_0;
E_0x55ec7d0cc3c0 .event edge, v0x55ec7d0fd2d0_0, v0x55ec7d0fd9f0_0;
E_0x55ec7d0b3680 .event posedge, v0x55ec7d0fdbb0_0;
E_0x55ec7d0c68c0 .event edge, v0x55ec7d0fe310_0;
L_0x55ec7d10ee70 .cmp/eq 32, v0x55ec7d0fd3b0_0, L_0x7fe7729e7018;
L_0x55ec7d10efc0 .cmp/eq 32, v0x55ec7d0fd3b0_0, L_0x7fe7729e7060;
L_0x55ec7d10f130 .cmp/eq 32, v0x55ec7d0fd610_0, L_0x7fe7729e70a8;
L_0x55ec7d10f280 .cmp/eq 32, v0x55ec7d0fd610_0, L_0x7fe7729e70f0;
L_0x55ec7d10f420 .part v0x55ec7d0fdc70_0, 0, 16;
L_0x55ec7d10f540 .cmp/eq 16, L_0x55ec7d10f420, L_0x7fe7729e7138;
    .scope S_0x55ec7d0924f0;
T_0 ;
    %pushi/vec4 10, 0, 64;
    %store/vec4 v0x55ec7d0fdd50_0, 0, 64;
    %pushi/vec4 0, 0, 1;
    %store/vec4 v0x55ec7d0fde30_0, 0, 1;
    %pushi/vec4 0, 0, 1;
    %store/vec4 v0x55ec7d0fe090_0, 0, 1;
    %pushi/vec4 0, 0, 64;
    %store/vec4 v0x55ec7d0fdef0_0, 0, 64;
    %pushi/vec4 0, 0, 64;
    %store/vec4 v0x55ec7d0fe780_0, 0, 64;
    %pushi/vec4 0, 0, 64;
    %store/vec4 v0x55ec7d0fe3d0_0, 0, 64;
    %pushi/vec4 0, 0, 3;
    %store/vec4 v0x55ec7d0fe230_0, 0, 3;
    %end;
    .thread T_0;
    .scope S_0x55ec7d0924f0;
T_1 ;
    %wait E_0x55ec7d0b3680;
    %load/vec4 v0x55ec7d0bd4c0_0;
    %assign/vec4 v0x55ec7d0fd490_0, 0;
    %jmp T_1;
    .thread T_1;
    .scope S_0x55ec7d0924f0;
T_2 ;
    %wait E_0x55ec7d0b3680;
    %load/vec4 v0x55ec7d0fd490_0;
    %nor/r;
    %assign/vec4 v0x55ec7d0fd550_0, 0;
    %jmp T_2;
    .thread T_2;
    .scope S_0x55ec7d0924f0;
T_3 ;
    %wait E_0x55ec7d0b3680;
    %load/vec4 v0x55ec7d0bdd10_0;
    %assign/vec4 v0x55ec7d0fd6f0_0, 0;
    %jmp T_3;
    .thread T_3;
    .scope S_0x55ec7d0924f0;
T_4 ;
    %wait E_0x55ec7d0b3680;
    %load/vec4 v0x55ec7d0fd6f0_0;
    %nor/r;
    %assign/vec4 v0x55ec7d0fd7b0_0, 0;
    %jmp T_4;
    .thread T_4;
    .scope S_0x55ec7d0924f0;
T_5 ;
    %wait E_0x55ec7d0b3680;
    %load/vec4 v0x55ec7d0fd550_0;
    %nor/r;
    %flag_set/vec4 8;
    %jmp/0xz  T_5.0, 8;
    %pushi/vec4 0, 0, 32;
    %assign/vec4 v0x55ec7d0fd3b0_0, 0;
    %jmp T_5.1;
T_5.0 ;
    %load/vec4 v0x55ec7d0fd870_0;
    %flag_set/vec4 8;
    %jmp/0xz  T_5.2, 8;
    %load/vec4 v0x55ec7d0fd3b0_0;
    %assign/vec4 v0x55ec7d0fd3b0_0, 0;
    %jmp T_5.3;
T_5.2 ;
    %load/vec4 v0x55ec7d0fd3b0_0;
    %addi 1, 0, 32;
    %assign/vec4 v0x55ec7d0fd3b0_0, 0;
T_5.3 ;
T_5.1 ;
    %jmp T_5;
    .thread T_5;
    .scope S_0x55ec7d0924f0;
T_6 ;
    %wait E_0x55ec7d0b3680;
    %load/vec4 v0x55ec7d0fd7b0_0;
    %nor/r;
    %flag_set/vec4 8;
    %jmp/0xz  T_6.0, 8;
    %pushi/vec4 0, 0, 32;
    %assign/vec4 v0x55ec7d0fd610_0, 0;
    %jmp T_6.1;
T_6.0 ;
    %load/vec4 v0x55ec7d0fd930_0;
    %flag_set/vec4 8;
    %jmp/0xz  T_6.2, 8;
    %load/vec4 v0x55ec7d0fd610_0;
    %assign/vec4 v0x55ec7d0fd610_0, 0;
    %jmp T_6.3;
T_6.2 ;
    %load/vec4 v0x55ec7d0fd610_0;
    %addi 1, 0, 32;
    %assign/vec4 v0x55ec7d0fd610_0, 0;
T_6.3 ;
T_6.1 ;
    %jmp T_6;
    .thread T_6;
    .scope S_0x55ec7d0924f0;
T_7 ;
    %wait E_0x55ec7d0b3680;
    %load/vec4 v0x55ec7d0fe230_0;
    %dup/vec4;
    %pushi/vec4 0, 0, 3;
    %cmp/u;
    %jmp/1 T_7.0, 6;
    %dup/vec4;
    %pushi/vec4 1, 0, 3;
    %cmp/u;
    %jmp/1 T_7.1, 6;
    %dup/vec4;
    %pushi/vec4 2, 0, 3;
    %cmp/u;
    %jmp/1 T_7.2, 6;
    %dup/vec4;
    %pushi/vec4 3, 0, 3;
    %cmp/u;
    %jmp/1 T_7.3, 6;
    %dup/vec4;
    %pushi/vec4 4, 0, 3;
    %cmp/u;
    %jmp/1 T_7.4, 6;
    %jmp T_7.5;
T_7.0 ;
    %pushi/vec4 1, 0, 3;
    %assign/vec4 v0x55ec7d0fe230_0, 0;
    %jmp T_7.5;
T_7.1 ;
    %pushi/vec4 2, 0, 3;
    %assign/vec4 v0x55ec7d0fe230_0, 0;
    %jmp T_7.5;
T_7.2 ;
    %pushi/vec4 3, 0, 3;
    %assign/vec4 v0x55ec7d0fe230_0, 0;
    %jmp T_7.5;
T_7.3 ;
    %pushi/vec4 4, 0, 3;
    %assign/vec4 v0x55ec7d0fe230_0, 0;
    %jmp T_7.5;
T_7.4 ;
    %pushi/vec4 1, 0, 3;
    %assign/vec4 v0x55ec7d0fe230_0, 0;
    %jmp T_7.5;
T_7.5 ;
    %pop/vec4 1;
    %jmp T_7;
    .thread T_7;
    .scope S_0x55ec7d0924f0;
T_8 ;
    %wait E_0x55ec7d0c68c0;
    %load/vec4 v0x55ec7d0fe230_0;
    %pad/u 64;
    %load/vec4 v0x55ec7d0fdd50_0;
    %mul;
    %store/vec4 v0x55ec7d0fe780_0, 0, 64;
    %pushi/vec4 0, 0, 1;
    %store/vec4 v0x55ec7d0fe090_0, 0, 1;
    %pushi/vec4 1, 0, 1;
    %store/vec4 v0x55ec7d0fde30_0, 0, 1;
    %jmp T_8;
    .thread T_8, $push;
    .scope S_0x55ec7d0924f0;
T_9 ;
    %wait E_0x55ec7d0b3680;
    %load/vec4 v0x55ec7d0fe090_0;
    %flag_set/vec4 8;
    %jmp/0xz  T_9.0, 8;
    %load/vec4 v0x55ec7d0fe3d0_0;
    %addi 1, 0, 64;
    %assign/vec4 v0x55ec7d0fe3d0_0, 0;
    %jmp T_9.1;
T_9.0 ;
    %pushi/vec4 0, 0, 64;
    %assign/vec4 v0x55ec7d0fe3d0_0, 0;
T_9.1 ;
    %jmp T_9;
    .thread T_9;
    .scope S_0x55ec7d0924f0;
T_10 ;
    %wait E_0x55ec7d0b3680;
    %load/vec4 v0x55ec7d0fde30_0;
    %flag_set/vec4 8;
    %jmp/0xz  T_10.0, 8;
    %load/vec4 v0x55ec7d0fdef0_0;
    %addi 1, 0, 64;
    %assign/vec4 v0x55ec7d0fdef0_0, 0;
    %jmp T_10.1;
T_10.0 ;
    %pushi/vec4 0, 0, 64;
    %assign/vec4 v0x55ec7d0fdef0_0, 0;
T_10.1 ;
    %load/vec4 v0x55ec7d0fdef0_0;
    %load/vec4 v0x55ec7d0fe780_0;
    %cmp/e;
    %jmp/0xz  T_10.2, 4;
    %pushi/vec4 0, 0, 1;
    %assign/vec4 v0x55ec7d0fde30_0, 0;
    %pushi/vec4 1, 0, 1;
    %assign/vec4 v0x55ec7d0fe090_0, 0;
    %jmp T_10.3;
T_10.2 ;
    %load/vec4 v0x55ec7d0fde30_0;
    %assign/vec4 v0x55ec7d0fde30_0, 0;
    %load/vec4 v0x55ec7d0fe090_0;
    %assign/vec4 v0x55ec7d0fe090_0, 0;
T_10.3 ;
    %jmp T_10;
    .thread T_10;
    .scope S_0x55ec7d0924f0;
T_11 ;
    %wait E_0x55ec7d0b3680;
    %load/vec4 v0x55ec7d0fdfd0_0;
    %flag_set/vec4 8;
    %jmp/0xz  T_11.0, 8;
    %pushi/vec4 0, 0, 1;
    %assign/vec4 v0x55ec7d0fde30_0, 0;
    %pushi/vec4 0, 0, 1;
    %assign/vec4 v0x55ec7d0fe090_0, 0;
    %load/vec4 v0x55ec7d0fdef0_0;
    %parti/s 12, 0, 2;
    %assign/vec4 v0x55ec7d0fe860_0, 0;
T_11.0 ;
    %jmp T_11;
    .thread T_11;
    .scope S_0x55ec7d0924f0;
T_12 ;
    %wait E_0x55ec7d0b3680;
    %load/vec4 v0x55ec7d0fe4b0_0;
    %nor/r;
    %flag_set/vec4 8;
    %jmp/0xz  T_12.0, 8;
    %pushi/vec4 0, 0, 40;
    %assign/vec4 v0x55ec7d0fdc70_0, 0;
    %jmp T_12.1;
T_12.0 ;
    %load/vec4 v0x55ec7d0fdc70_0;
    %addi 1, 0, 40;
    %assign/vec4 v0x55ec7d0fdc70_0, 0;
T_12.1 ;
    %jmp T_12;
    .thread T_12;
    .scope S_0x55ec7d0924f0;
T_13 ;
    %wait E_0x55ec7d0b3680;
    %load/vec4 v0x55ec7d0fe4b0_0;
    %nor/r;
    %flag_set/vec4 8;
    %jmp/0xz  T_13.0, 8;
    %pushi/vec4 6, 0, 3;
    %assign/vec4 v0x55ec7d0fd1f0_0, 0;
    %jmp T_13.1;
T_13.0 ;
    %load/vec4 v0x55ec7d0fd130_0;
    %flag_set/vec4 8;
    %jmp/0xz  T_13.2, 8;
    %load/vec4 v0x55ec7d0fd1f0_0;
    %parti/s 1, 0, 2;
    %load/vec4 v0x55ec7d0fd1f0_0;
    %parti/s 2, 1, 2;
    %concat/vec4; draw_concat_vec4
    %assign/vec4 v0x55ec7d0fd1f0_0, 0;
    %jmp T_13.3;
T_13.2 ;
    %load/vec4 v0x55ec7d0fd1f0_0;
    %assign/vec4 v0x55ec7d0fd1f0_0, 0;
T_13.3 ;
T_13.1 ;
    %jmp T_13;
    .thread T_13;
    .scope S_0x55ec7d0924f0;
T_14 ;
    %wait E_0x55ec7d0cc3c0;
    %load/vec4 v0x55ec7d0fd1f0_0;
    %dup/vec4;
    %pushi/vec4 3, 0, 3;
    %cmp/u;
    %jmp/1 T_14.0, 6;
    %dup/vec4;
    %pushi/vec4 5, 0, 3;
    %cmp/u;
    %jmp/1 T_14.1, 6;
    %dup/vec4;
    %pushi/vec4 6, 0, 3;
    %cmp/u;
    %jmp/1 T_14.2, 6;
    %pushi/vec4 0, 0, 4;
    %store/vec4 v0x55ec7d0fd9f0_0, 0, 4;
    %jmp T_14.4;
T_14.0 ;
    %load/vec4 v0x55ec7d0fe3d0_0;
    %parti/s 4, 8, 5;
    %store/vec4 v0x55ec7d0fd9f0_0, 0, 4;
    %jmp T_14.4;
T_14.1 ;
    %load/vec4 v0x55ec7d0fe3d0_0;
    %parti/s 4, 4, 4;
    %store/vec4 v0x55ec7d0fd9f0_0, 0, 4;
    %jmp T_14.4;
T_14.2 ;
    %load/vec4 v0x55ec7d0fe3d0_0;
    %parti/s 4, 0, 2;
    %store/vec4 v0x55ec7d0fd9f0_0, 0, 4;
    %jmp T_14.4;
T_14.4 ;
    %pop/vec4 1;
    %jmp T_14;
    .thread T_14, $push;
    .scope S_0x55ec7d0924f0;
T_15 ;
    %wait E_0x55ec7d0cfe90;
    %load/vec4 v0x55ec7d0fd9f0_0;
    %dup/vec4;
    %pushi/vec4 0, 0, 4;
    %cmp/u;
    %jmp/1 T_15.0, 6;
    %dup/vec4;
    %pushi/vec4 1, 0, 4;
    %cmp/u;
    %jmp/1 T_15.1, 6;
    %dup/vec4;
    %pushi/vec4 2, 0, 4;
    %cmp/u;
    %jmp/1 T_15.2, 6;
    %dup/vec4;
    %pushi/vec4 3, 0, 4;
    %cmp/u;
    %jmp/1 T_15.3, 6;
    %dup/vec4;
    %pushi/vec4 4, 0, 4;
    %cmp/u;
    %jmp/1 T_15.4, 6;
    %dup/vec4;
    %pushi/vec4 5, 0, 4;
    %cmp/u;
    %jmp/1 T_15.5, 6;
    %dup/vec4;
    %pushi/vec4 6, 0, 4;
    %cmp/u;
    %jmp/1 T_15.6, 6;
    %dup/vec4;
    %pushi/vec4 7, 0, 4;
    %cmp/u;
    %jmp/1 T_15.7, 6;
    %dup/vec4;
    %pushi/vec4 8, 0, 4;
    %cmp/u;
    %jmp/1 T_15.8, 6;
    %dup/vec4;
    %pushi/vec4 9, 0, 4;
    %cmp/u;
    %jmp/1 T_15.9, 6;
    %dup/vec4;
    %pushi/vec4 10, 0, 4;
    %cmp/u;
    %jmp/1 T_15.10, 6;
    %dup/vec4;
    %pushi/vec4 11, 0, 4;
    %cmp/u;
    %jmp/1 T_15.11, 6;
    %dup/vec4;
    %pushi/vec4 12, 0, 4;
    %cmp/u;
    %jmp/1 T_15.12, 6;
    %dup/vec4;
    %pushi/vec4 13, 0, 4;
    %cmp/u;
    %jmp/1 T_15.13, 6;
    %dup/vec4;
    %pushi/vec4 14, 0, 4;
    %cmp/u;
    %jmp/1 T_15.14, 6;
    %dup/vec4;
    %pushi/vec4 15, 0, 4;
    %cmp/u;
    %jmp/1 T_15.15, 6;
    %jmp T_15.16;
T_15.0 ;
    %pushi/vec4 192, 0, 8;
    %store/vec4 v0x55ec7d0fdad0_0, 0, 8;
    %jmp T_15.16;
T_15.1 ;
    %pushi/vec4 249, 0, 8;
    %store/vec4 v0x55ec7d0fdad0_0, 0, 8;
    %jmp T_15.16;
T_15.2 ;
    %pushi/vec4 164, 0, 8;
    %store/vec4 v0x55ec7d0fdad0_0, 0, 8;
    %jmp T_15.16;
T_15.3 ;
    %pushi/vec4 176, 0, 8;
    %store/vec4 v0x55ec7d0fdad0_0, 0, 8;
    %jmp T_15.16;
T_15.4 ;
    %pushi/vec4 153, 0, 8;
    %store/vec4 v0x55ec7d0fdad0_0, 0, 8;
    %jmp T_15.16;
T_15.5 ;
    %pushi/vec4 146, 0, 8;
    %store/vec4 v0x55ec7d0fdad0_0, 0, 8;
    %jmp T_15.16;
T_15.6 ;
    %pushi/vec4 130, 0, 8;
    %store/vec4 v0x55ec7d0fdad0_0, 0, 8;
    %jmp T_15.16;
T_15.7 ;
    %pushi/vec4 248, 0, 8;
    %store/vec4 v0x55ec7d0fdad0_0, 0, 8;
    %jmp T_15.16;
T_15.8 ;
    %pushi/vec4 128, 0, 8;
    %store/vec4 v0x55ec7d0fdad0_0, 0, 8;
    %jmp T_15.16;
T_15.9 ;
    %pushi/vec4 152, 0, 8;
    %store/vec4 v0x55ec7d0fdad0_0, 0, 8;
    %jmp T_15.16;
T_15.10 ;
    %pushi/vec4 136, 0, 8;
    %store/vec4 v0x55ec7d0fdad0_0, 0, 8;
    %jmp T_15.16;
T_15.11 ;
    %pushi/vec4 131, 0, 8;
    %store/vec4 v0x55ec7d0fdad0_0, 0, 8;
    %jmp T_15.16;
T_15.12 ;
    %pushi/vec4 198, 0, 8;
    %store/vec4 v0x55ec7d0fdad0_0, 0, 8;
    %jmp T_15.16;
T_15.13 ;
    %pushi/vec4 161, 0, 8;
    %store/vec4 v0x55ec7d0fdad0_0, 0, 8;
    %jmp T_15.16;
T_15.14 ;
    %pushi/vec4 134, 0, 8;
    %store/vec4 v0x55ec7d0fdad0_0, 0, 8;
    %jmp T_15.16;
T_15.15 ;
    %pushi/vec4 142, 0, 8;
    %store/vec4 v0x55ec7d0fdad0_0, 0, 8;
    %jmp T_15.16;
T_15.16 ;
    %pop/vec4 1;
    %jmp T_15;
    .thread T_15, $push;
    .scope S_0x55ec7d092360;
T_16 ;
    %pushi/vec4 0, 0, 1;
    %store/vec4 v0x55ec7d0fea60_0, 0, 1;
    %end;
    .thread T_16;
    .scope S_0x55ec7d092360;
T_17 ;
T_17.0 ;
    %delay 5000, 0;
    %load/vec4 v0x55ec7d0fea60_0;
    %inv;
    %store/vec4 v0x55ec7d0fea60_0, 0, 1;
    %jmp T_17.0;
    %end;
    .thread T_17;
    .scope S_0x55ec7d092360;
T_18 ;
    %pushi/vec4 0, 0, 1;
    %assign/vec4 v0x55ec7d0fec80_0, 0;
    %pushi/vec4 1, 0, 1;
    %assign/vec4 v0x55ec7d0fed20_0, 0;
    %pushi/vec4 1, 0, 1;
    %assign/vec4 v0x55ec7d0fedc0_0, 0;
    %delay 100000, 0;
    %pushi/vec4 1, 0, 1;
    %assign/vec4 v0x55ec7d0fec80_0, 0;
    %delay 100000, 0;
    %pushi/vec4 0, 0, 1;
    %assign/vec4 v0x55ec7d0fed20_0, 0;
    %delay 700000, 0;
    %pushi/vec4 1, 0, 1;
    %assign/vec4 v0x55ec7d0fed20_0, 0;
    %delay 300000, 0;
    %pushi/vec4 0, 0, 1;
    %assign/vec4 v0x55ec7d0fedc0_0, 0;
    %vpi_func 2 25 "$time" 64 {0 0 0};
    %pushi/vec4 1000, 0, 64;
    %mod;
    %cmpi/e 0, 0, 64;
    %jmp/0xz  T_18.0, 4;
    %vpi_call 2 25 "$display", "made it to ", $time {0 0 0};
T_18.0 ;
    %delay 3705032704, 1;
    %vpi_call 2 27 "$finish" {0 0 0};
    %end;
    .thread T_18;
    .scope S_0x55ec7d092360;
T_19 ;
    %wait E_0x55ec7d0cb730;
    %vpi_call 2 31 "$display", "counter value is now %x at time %t", v0x55ec7d0feb20_0, $time {0 0 0};
    %jmp T_19;
    .thread T_19, $push;
    .scope S_0x55ec7d092360;
T_20 ;
    %vpi_call 2 42 "$dumpfile", "verilog.dmp" {0 0 0};
    %end;
    .thread T_20;
    .scope S_0x55ec7d092360;
T_21 ;
    %vpi_call 2 45 "$dumpvars" {0 0 0};
    %end;
    .thread T_21;
# The file index is used to find the file name in the following table.
:file_names 4;
    "N/A";
    "<interactive>";
    "tb.v";
    "reflex.v";
